Log file open, 03/27/20 16:09:59
LogWindows: Failed to load 'aqProf.dll' (GetLastError=126)
LogWindows: File 'aqProf.dll' does not exist
LogWindows: Failed to load 'VtuneApi.dll' (GetLastError=126)
LogWindows: File 'VtuneApi.dll' does not exist
LogWindows: Failed to load 'VtuneApi32e.dll' (GetLastError=126)
LogWindows: File 'VtuneApi32e.dll' does not exist
LogConsoleResponse: Display: Failed to find resolution value strings in scalability ini. Falling back to default.
LogInit: Display: Running engine for game: BloodAscent
LogPakFile: Registered encryption key '00000000000000000000000000000000': 0 pak files mounted, 0 remain pending
LogPlatformFile: Not using cached read wrapper
LogTaskGraph: Started task graph with 5 named threads and 35 total threads with 3 sets of task threads.
LogStats: Stats thread started at 0.393634
LogD3D11RHI: Loaded GFSDK_Aftermath_Lib.x64.dll
LogICUInternationalization: ICU TimeZone Detection - Raw Offset: +0:00, Platform Override: ''
LogPluginManager: Mounting plugin Paper2D
LogPluginManager: Mounting plugin AISupport
LogPluginManager: Mounting plugin LightPropagationVolume
LogPluginManager: Mounting plugin ActorLayerUtilities
LogPluginManager: Mounting plugin AnimationSharing
LogPluginManager: Mounting plugin CLionSourceCodeAccess
LogPluginManager: Mounting plugin CodeLiteSourceCodeAccess
LogPluginManager: Mounting plugin GitSourceControl
LogPluginManager: Mounting plugin KDevelopSourceCodeAccess
LogPluginManager: Mounting plugin NullSourceCodeAccess
LogPluginManager: Mounting plugin PerforceSourceControl
LogPluginManager: Mounting plugin SubversionSourceControl
LogPluginManager: Mounting plugin UObjectPlugin
LogPluginManager: Mounting plugin VisualStudioCodeSourceCodeAccess
LogPluginManager: Mounting plugin VisualStudioSourceCodeAccess
LogPluginManager: Mounting plugin XCodeSourceCodeAccess
LogPluginManager: Mounting plugin AssetManagerEditor
LogPluginManager: Mounting plugin CryptoKeys
LogPluginManager: Mounting plugin DataValidation
LogPluginManager: Mounting plugin FacialAnimation
LogPluginManager: Mounting plugin GameplayTagsEditor
LogPluginManager: Mounting plugin MacGraphicsSwitching
LogPluginManager: Mounting plugin MaterialAnalyzer
LogPluginManager: Mounting plugin MobileLauncherProfileWizard
LogPluginManager: Mounting plugin PluginBrowser
LogPluginManager: Mounting plugin SpeedTreeImporter
LogPluginManager: Mounting plugin DatasmithContent
LogPluginManager: Mounting plugin VariantManagerContent
LogPluginManager: Mounting plugin AlembicImporter
LogPluginManager: Mounting plugin AppleImageUtils
LogPluginManager: Mounting plugin AppleVision
LogPluginManager: Mounting plugin BackChannel
LogPluginManager: Mounting plugin CharacterAI
LogPluginManager: Mounting plugin GeometryCache
LogPluginManager: Mounting plugin HTML5Networking
LogPluginManager: Mounting plugin ProxyLODPlugin
LogPluginManager: Mounting plugin SkeletalReduction
LogPluginManager: Mounting plugin MagicLeap
LogPluginManager: Mounting plugin MagicLeapMedia
LogPluginManager: Mounting plugin AndroidMedia
LogPluginManager: Mounting plugin AvfMedia
LogPluginManager: Mounting plugin ImgMedia
LogPluginManager: Mounting plugin LinearTimecode
LogPluginManager: Mounting plugin MediaCompositing
LogPluginManager: Mounting plugin MediaPlayerEditor
LogPluginManager: Mounting plugin WebMMedia
LogPluginManager: Mounting plugin WmfMedia
LogPluginManager: Mounting plugin TcpMessaging
LogPluginManager: Mounting plugin UdpMessaging
LogPluginManager: Mounting plugin ActorSequence
LogPluginManager: Mounting plugin LevelSequenceEditor
LogPluginManager: Mounting plugin MatineeToLevelSequence
LogPluginManager: Mounting plugin NetcodeUnitTest
LogPluginManager: Mounting plugin NUTUnrealEngine4
LogPluginManager: Mounting plugin OnlineSubsystemGooglePlay
LogPluginManager: Mounting plugin OnlineSubsystemIOS
LogPluginManager: Mounting plugin OnlineSubsystem
LogPluginManager: Mounting plugin OnlineSubsystemNull
LogPluginManager: Mounting plugin OnlineSubsystemUtils
LogPluginManager: Mounting plugin LauncherChunkInstaller
LogPluginManager: Mounting plugin AndroidDeviceProfileSelector
LogPluginManager: Mounting plugin AndroidMoviePlayer
LogPluginManager: Mounting plugin AndroidPermission
LogPluginManager: Mounting plugin AppleMoviePlayer
LogPluginManager: Mounting plugin ArchVisCharacter
LogPluginManager: Mounting plugin AudioCapture
LogPluginManager: Mounting plugin CableComponent
LogPluginManager: Mounting plugin CustomMeshComponent
LogPluginManager: Mounting plugin EditableMesh
LogPluginManager: Mounting plugin ExampleDeviceProfileSelector
LogPluginManager: Mounting plugin Firebase
LogPluginManager: Mounting plugin GoogleCloudMessaging
LogPluginManager: Mounting plugin IOSDeviceProfileSelector
LogPluginManager: Mounting plugin LinuxDeviceProfileSelector
LogPluginManager: Mounting plugin LocationServicesBPLibrary
LogPluginManager: Mounting plugin MobilePatchingUtils
LogPluginManager: Mounting plugin OculusVR
LogPluginManager: Mounting plugin PhysXVehicles
LogPluginManager: Mounting plugin ProceduralMeshComponent
LogPluginManager: Mounting plugin RuntimePhysXCooking
LogPluginManager: Mounting plugin SignificanceManager
LogPluginManager: Mounting plugin SteamVR
LogPluginManager: Mounting plugin WebMMoviePlayer
LogPluginManager: Mounting plugin WindowsMixedReality
LogPluginManager: Mounting plugin WindowsMoviePlayer
LogInit: Using libcurl 7.55.1-DEV
LogInit:  - built for x86_64-pc-win32
LogInit:  - supports SSL with OpenSSL/1.1.1
LogInit:  - supports HTTP deflate (compression) using libz 1.2.8
LogInit:  - other features:
LogInit:      CURL_VERSION_SSL
LogInit:      CURL_VERSION_LIBZ
LogInit:      CURL_VERSION_IPV6
LogInit:      CURL_VERSION_ASYNCHDNS
LogInit:      CURL_VERSION_LARGEFILE
LogInit:      CURL_VERSION_IDN
LogInit:  CurlRequestOptions (configurable via config and command line):
LogInit:  - bVerifyPeer = true  - Libcurl will verify peer certificate
LogInit:  - bUseHttpProxy = false  - Libcurl will NOT use HTTP proxy
LogInit:  - bDontReuseConnections = false  - Libcurl will reuse connections
LogInit:  - MaxHostConnections = 16  - Libcurl will limit the number of connections to a host
LogInit:  - LocalHostAddr = Default
LogInit:  - BufferSize = 65536
LogInit: WinSock: version 1.1 (2.2), MaxSocks=32767, MaxUdp=65467
LogInit: Build: ++UE4+Release-4.22-CL-7053642
LogInit: Engine Version: 4.22.3-7053642+++UE4+Release-4.22
LogInit: Compatible Engine Version: 4.22.0-5660361+++UE4+Release-4.22
LogInit: Net CL: 5660361
LogInit: OS: Windows 10 (Release 1903) (), CPU: AMD Ryzen 5 3600 6-Core Processor              , GPU: AMD Radeon RX 5700 XT
LogInit: Compiled (64-bit): Jun 18 2019 03:09:11
LogInit: Compiled with Visual C++: 19.16.27025.01
LogInit: Build Configuration: Development
LogInit: Branch Name: ++UE4+Release-4.22
LogInit: Command Line:  /Game/VirtualRealityBP/Maps/MotionControllerMap -game -PIEVIACONSOLE -ResX=1280 -ResY=720 -Multiprocess -messaging -SessionName="Play in Standalone Game" -nohmd -windowed
LogInit: Base Directory: G:/Unreal/UE_4.22/Engine/Binaries/Win64/
LogInit: Installed Engine Build: 1
LogDevObjectVersion: Number of dev versions registered: 23
LogDevObjectVersion:   Dev-Blueprints (B0D832E4-1F89-4F0D-ACCF-7EB736FD4AA2): 10
LogDevObjectVersion:   Dev-Build (E1C64328-A22C-4D53-A36C-8E866417BD8C): 0
LogDevObjectVersion:   Dev-Core (375EC13C-06E4-48FB-B500-84F0262A717E): 3
LogDevObjectVersion:   Dev-Editor (E4B068ED-F494-42E9-A231-DA0B2E46BB41): 30
LogDevObjectVersion:   Dev-Framework (CFFC743F-43B0-4480-9391-14DF171D2073): 35
LogDevObjectVersion:   Dev-Mobile (B02B49B5-BB20-44E9-A304-32B752E40360): 2
LogDevObjectVersion:   Dev-Networking (A4E4105C-59A1-49B5-A7C5-40C4547EDFEE): 0
LogDevObjectVersion:   Dev-Online (39C831C9-5AE6-47DC-9A44-9C173E1C8E7C): 0
LogDevObjectVersion:   Dev-Physics (78F01B33-EBEA-4F98-B9B4-84EACCB95AA2): 0
LogDevObjectVersion:   Dev-Platform (6631380F-2D4D-43E0-8009-CF276956A95A): 0
LogDevObjectVersion:   Dev-Rendering (12F88B9F-8875-4AFC-A67C-D90C383ABD29): 28
LogDevObjectVersion:   Dev-Sequencer (7B5AE74C-D270-4C10-A958-57980B212A5A): 11
LogDevObjectVersion:   Dev-VR (D7296918-1DD6-4BDD-9DE2-64A83CC13884): 2
LogDevObjectVersion:   Dev-LoadTimes (C2A15278-BFE7-4AFE-6C17-90FF531DF755): 1
LogDevObjectVersion:   Private-Geometry (6EACA3D4-40EC-4CC1-B786-8BED09428FC5): 3
LogDevObjectVersion:   Dev-AnimPhys (29E575DD-E0A3-4627-9D10-D276232CDCEA): 17
LogDevObjectVersion:   Dev-Anim (AF43A65D-7FD3-4947-9873-3E8ED9C1BB05): 2
LogDevObjectVersion:   Dev-ReflectionCapture (6B266CEC-1EC7-4B8F-A30B-E4D90942FC07): 1
LogDevObjectVersion:   Dev-Automation (0DF73D61-A23F-47EA-B727-89E90C41499A): 1
LogDevObjectVersion:   FortniteMain (601D1886-AC64-4F84-AA16-D3DE0DEAC7D6): 25
LogDevObjectVersion:   Dev-Enterprise (9DFFBCD6-494F-0158-E221-12823C92A888): 6
LogDevObjectVersion:   Dev-Niagara (F2AED0AC-9AFE-416F-8664-AA7FFA26D6FC): 1
LogDevObjectVersion:   Dev-Destruction (174F1F0B-B4C6-45A5-B13F-2EE8D0FB917D): 2
LogInit: Presizing for max 16777216 objects, including 0 objects not considered by GC, pre-allocating 0 bytes for permanent pool.
LogInit: Object subsystem initialized
LogConfig: Setting CVar [[con.DebugEarlyDefault:1]]
LogConfig: Setting CVar [[r.setres:1280x720]]
[2020.03.27-16.10.00:147][  0]LogConfig: Setting CVar [[con.DebugEarlyDefault:1]]
[2020.03.27-16.10.00:147][  0]LogConfig: Setting CVar [[r.setres:1280x720]]
[2020.03.27-16.10.00:147][  0]LogConfig: Applying CVar settings from Section [/Script/Engine.RendererSettings] File [G:/Projects/Blood-Ascent/Saved/Config/Windows/Engine.ini]
[2020.03.27-16.10.00:147][  0]LogConfig: Setting CVar [[r.GPUCrashDebugging:0]]
[2020.03.27-16.10.00:147][  0]LogConfig: Setting CVar [[r.MobileHDR:1]]
[2020.03.27-16.10.00:147][  0]LogConfig: Setting CVar [[r.Mobile.DisableVertexFog:1]]
[2020.03.27-16.10.00:147][  0]LogConfig: Setting CVar [[r.Shadow.CSM.MaxMobileCascades:2]]
[2020.03.27-16.10.00:147][  0]LogConfig: Setting CVar [[r.MobileMSAA:1]]
[2020.03.27-16.10.00:147][  0]LogConfig: Setting CVar [[r.Mobile.UseLegacyShadingModel:0]]
[2020.03.27-16.10.00:147][  0]LogConfig: Setting CVar [[r.Mobile.UseHWsRGBEncoding:0]]
[2020.03.27-16.10.00:147][  0]LogConfig: Setting CVar [[r.Mobile.AllowDitheredLODTransition:0]]
[2020.03.27-16.10.00:147][  0]LogConfig: Setting CVar [[r.Mobile.AllowSoftwareOcclusion:0]]
[2020.03.27-16.10.00:147][  0]LogConfig: Setting CVar [[r.DiscardUnusedQuality:0]]
[2020.03.27-16.10.00:147][  0]LogConfig: Setting CVar [[r.AllowOcclusionQueries:1]]
[2020.03.27-16.10.00:147][  0]LogConfig: Setting CVar [[r.MinScreenRadiusForLights:0.030000]]
[2020.03.27-16.10.00:147][  0]LogConfig: Setting CVar [[r.MinScreenRadiusForDepthPrepass:0.030000]]
[2020.03.27-16.10.00:147][  0]LogConfig: Setting CVar [[r.MinScreenRadiusForCSMDepth:0.010000]]
[2020.03.27-16.10.00:147][  0]LogConfig: Setting CVar [[r.PrecomputedVisibilityWarning:0]]
[2020.03.27-16.10.00:147][  0]LogConfig: Setting CVar [[r.TextureStreaming:1]]
[2020.03.27-16.10.00:147][  0]LogConfig: Setting CVar [[Compat.UseDXT5NormalMaps:0]]
[2020.03.27-16.10.00:147][  0]LogConfig: Setting CVar [[r.ClearCoatNormal:0]]
[2020.03.27-16.10.00:147][  0]LogConfig: Setting CVar [[r.ReflectionCaptureResolution:128]]
[2020.03.27-16.10.00:147][  0]LogConfig: Setting CVar [[r.ReflectionEnvironmentLightmapMixBasedOnRoughness:1]]
[2020.03.27-16.10.00:147][  0]LogConfig: Setting CVar [[r.ForwardShading:0]]
[2020.03.27-16.10.00:147][  0]LogConfig: Setting CVar [[r.VertexFoggingForOpaque:1]]
[2020.03.27-16.10.00:147][  0]LogConfig: Setting CVar [[r.AllowStaticLighting:1]]
[2020.03.27-16.10.00:147][  0]LogConfig: Setting CVar [[r.NormalMapsForStaticLighting:0]]
[2020.03.27-16.10.00:147][  0]LogConfig: Setting CVar [[r.GenerateMeshDistanceFields:0]]
[2020.03.27-16.10.00:147][  0]LogConfig: Setting CVar [[r.DistanceFieldBuild.EightBit:0]]
[2020.03.27-16.10.00:147][  0]LogConfig: Setting CVar [[r.GenerateLandscapeGIData:0]]
[2020.03.27-16.10.00:147][  0]LogConfig: Setting CVar [[r.DistanceFieldBuild.Compress:0]]
[2020.03.27-16.10.00:147][  0]LogConfig: Setting CVar [[r.TessellationAdaptivePixelsPerTriangle:48.000000]]
[2020.03.27-16.10.00:147][  0]LogConfig: Setting CVar [[r.SeparateTranslucency:1]]
[2020.03.27-16.10.00:147][  0]LogConfig: Setting CVar [[r.TranslucentSortPolicy:0]]
[2020.03.27-16.10.00:147][  0]LogConfig: Setting CVar [[r.CustomDepth:1]]
[2020.03.27-16.10.00:147][  0]LogConfig: Setting CVar [[r.CustomDepthTemporalAAJitter:1]]
[2020.03.27-16.10.00:147][  0]LogConfig: Setting CVar [[r.PostProcessing.PropagateAlpha:0]]
[2020.03.27-16.10.00:147][  0]LogConfig: Setting CVar [[r.DOF.Algorithm:1]]
[2020.03.27-16.10.00:147][  0]LogConfig: Setting CVar [[r.DefaultFeature.Bloom:1]]
[2020.03.27-16.10.00:147][  0]LogConfig: Setting CVar [[r.DefaultFeature.AmbientOcclusion:0]]
[2020.03.27-16.10.00:147][  0]LogConfig: Setting CVar [[r.DefaultFeature.AmbientOcclusionStaticFraction:0]]
[2020.03.27-16.10.00:147][  0]LogConfig: Setting CVar [[r.DefaultFeature.AutoExposure:0]]
[2020.03.27-16.10.00:147][  0]LogConfig: Setting CVar [[r.DefaultFeature.AutoExposure.Method:0]]
[2020.03.27-16.10.00:147][  0]LogConfig: Setting CVar [[r.DefaultFeature.AutoExposure.ExtendDefaultLuminanceRange:0]]
[2020.03.27-16.10.00:147][  0]LogConfig: Setting CVar [[r.UsePreExposure:0]]
[2020.03.27-16.10.00:147][  0]LogConfig: Setting CVar [[r.DefaultFeature.MotionBlur:0]]
[2020.03.27-16.10.00:147][  0]LogConfig: Setting CVar [[r.DefaultFeature.LensFlare:0]]
[2020.03.27-16.10.00:147][  0]LogConfig: Setting CVar [[r.TemporalAA.Upsampling:0]]
[2020.03.27-16.10.00:147][  0]LogConfig: Setting CVar [[r.DefaultFeature.AntiAliasing:2]]
[2020.03.27-16.10.00:147][  0]LogConfig: Setting CVar [[r.DefaultFeature.LightUnits:1]]
[2020.03.27-16.10.00:147][  0]LogConfig: Setting CVar [[r.DefaultBackBufferPixelFormat:4]]
[2020.03.27-16.10.00:147][  0]LogConfig: Setting CVar [[r.Shadow.UnbuiltPreviewInGame:1]]
[2020.03.27-16.10.00:147][  0]LogConfig: Setting CVar [[r.StencilForLODDither:0]]
[2020.03.27-16.10.00:147][  0]LogConfig: Setting CVar [[r.EarlyZPass:3]]
[2020.03.27-16.10.00:147][  0]LogConfig: Setting CVar [[r.EarlyZPassOnlyMaterialMasking:0]]
[2020.03.27-16.10.00:147][  0]LogConfig: Setting CVar [[r.DBuffer:1]]
[2020.03.27-16.10.00:147][  0]LogConfig: Setting CVar [[r.ClearSceneMethod:1]]
[2020.03.27-16.10.00:147][  0]LogConfig: Setting CVar [[r.BasePassOutputsVelocity:0]]
[2020.03.27-16.10.00:147][  0]LogConfig: Setting CVar [[r.SelectiveBasePassOutputs:0]]
[2020.03.27-16.10.00:147][  0]LogConfig: Setting CVar [[fx.GPUSimulationTextureSizeX:1024]]
[2020.03.27-16.10.00:147][  0]LogConfig: Setting CVar [[fx.GPUSimulationTextureSizeY:1024]]
[2020.03.27-16.10.00:148][  0]LogConfig: Setting CVar [[r.AllowGlobalClipPlane:0]]
[2020.03.27-16.10.00:148][  0]LogConfig: Setting CVar [[r.GBufferFormat:1]]
[2020.03.27-16.10.00:148][  0]LogConfig: Setting CVar [[r.MorphTarget.Mode:1]]
[2020.03.27-16.10.00:148][  0]LogConfig: Setting CVar [[vr.InstancedStereo:1]]
[2020.03.27-16.10.00:148][  0]LogConfig: Setting CVar [[vr.MultiView:0]]
[2020.03.27-16.10.00:148][  0]LogConfig: Setting CVar [[vr.MobileMultiView:0]]
[2020.03.27-16.10.00:148][  0]LogConfig: Setting CVar [[vr.MobileMultiView.Direct:0]]
[2020.03.27-16.10.00:148][  0]LogConfig: Setting CVar [[vr.RoundRobinOcclusion:0]]
[2020.03.27-16.10.00:148][  0]LogConfig: Setting CVar [[vr.ODSCapture:0]]
[2020.03.27-16.10.00:148][  0]LogConfig: Setting CVar [[r.WireframeCullThreshold:5.000000]]
[2020.03.27-16.10.00:148][  0]LogConfig: Setting CVar [[r.RayTracing:0]]
[2020.03.27-16.10.00:148][  0]LogConfig: Setting CVar [[r.SupportStationarySkylight:1]]
[2020.03.27-16.10.00:148][  0]LogConfig: Setting CVar [[r.SupportLowQualityLightmaps:1]]
[2020.03.27-16.10.00:148][  0]LogConfig: Setting CVar [[r.SupportPointLightWholeSceneShadows:1]]
[2020.03.27-16.10.00:148][  0]LogConfig: Setting CVar [[r.SupportAtmosphericFog:1]]
[2020.03.27-16.10.00:148][  0]LogConfig: Setting CVar [[r.SkinCache.CompileShaders:0]]
[2020.03.27-16.10.00:148][  0]LogConfig: Setting CVar [[r.Mobile.EnableStaticAndCSMShadowReceivers:1]]
[2020.03.27-16.10.00:148][  0]LogConfig: Setting CVar [[r.Mobile.EnableMovableLightCSMShaderCulling:1]]
[2020.03.27-16.10.00:148][  0]LogConfig: Setting CVar [[r.Mobile.AllowDistanceFieldShadows:1]]
[2020.03.27-16.10.00:148][  0]LogConfig: Setting CVar [[r.Mobile.AllowMovableDirectionalLights:1]]
[2020.03.27-16.10.00:148][  0]LogConfig: Setting CVar [[r.MobileNumDynamicPointLights:4]]
[2020.03.27-16.10.00:148][  0]LogConfig: Setting CVar [[r.MobileDynamicPointLightsUseStaticBranch:1]]
[2020.03.27-16.10.00:148][  0]LogConfig: Setting CVar [[r.Mobile.EnableMovableSpotlights:0]]
[2020.03.27-16.10.00:148][  0]LogConfig: Setting CVar [[r.SkinCache.SceneMemoryLimitInMB:128.000000]]
[2020.03.27-16.10.00:148][  0]LogConfig: Setting CVar [[r.GPUSkin.Limit2BoneInfluences:0]]
[2020.03.27-16.10.00:148][  0]LogConfig: Setting CVar [[r.SupportDepthOnlyIndexBuffers:1]]
[2020.03.27-16.10.00:148][  0]LogConfig: Setting CVar [[r.SupportReversedIndexBuffers:1]]
[2020.03.27-16.10.00:148][  0]LogConfig: Setting CVar [[r.SupportMaterialLayers:0]]
[2020.03.27-16.10.00:148][  0]LogConfig: Applying CVar settings from Section [/Script/Engine.RendererOverrideSettings] File [G:/Projects/Blood-Ascent/Saved/Config/Windows/Engine.ini]
[2020.03.27-16.10.00:148][  0]LogConfig: Applying CVar settings from Section [/Script/Engine.StreamingSettings] File [G:/Projects/Blood-Ascent/Saved/Config/Windows/Engine.ini]
[2020.03.27-16.10.00:148][  0]LogConfig: Setting CVar [[s.MinBulkDataSizeForAsyncLoading:131072]]
[2020.03.27-16.10.00:148][  0]LogConfig: Setting CVar [[s.AsyncLoadingThreadEnabled:0]]
[2020.03.27-16.10.00:148][  0]LogConfig: Setting CVar [[s.EventDrivenLoaderEnabled:1]]
[2020.03.27-16.10.00:148][  0]LogConfig: Setting CVar [[s.WarnIfTimeLimitExceeded:0]]
[2020.03.27-16.10.00:148][  0]LogConfig: Setting CVar [[s.TimeLimitExceededMultiplier:1.5]]
[2020.03.27-16.10.00:148][  0]LogConfig: Setting CVar [[s.TimeLimitExceededMinTime:0.005]]
[2020.03.27-16.10.00:148][  0]LogConfig: Setting CVar [[s.UseBackgroundLevelStreaming:1]]
[2020.03.27-16.10.00:148][  0]LogConfig: Setting CVar [[s.PriorityAsyncLoadingExtraTime:15.0]]
[2020.03.27-16.10.00:148][  0]LogConfig: Setting CVar [[s.LevelStreamingActorsUpdateTimeLimit:5.0]]
[2020.03.27-16.10.00:148][  0]LogConfig: Setting CVar [[s.PriorityLevelStreamingActorsUpdateExtraTime:5.0]]
[2020.03.27-16.10.00:148][  0]LogConfig: Setting CVar [[s.LevelStreamingComponentsRegistrationGranularity:10]]
[2020.03.27-16.10.00:148][  0]LogConfig: Setting CVar [[s.UnregisterComponentsTimeLimit:1.0]]
[2020.03.27-16.10.00:148][  0]LogConfig: Setting CVar [[s.LevelStreamingComponentsUnregistrationGranularity:5]]
[2020.03.27-16.10.00:148][  0]LogConfig: Applying CVar settings from Section [/Script/Engine.GarbageCollectionSettings] File [G:/Projects/Blood-Ascent/Saved/Config/Windows/Engine.ini]
[2020.03.27-16.10.00:148][  0]LogConfig: Setting CVar [[gc.MaxObjectsNotConsideredByGC:1]]
[2020.03.27-16.10.00:148][  0]LogConfig: Setting CVar [[gc.SizeOfPermanentObjectPool:0]]
[2020.03.27-16.10.00:148][  0]LogConfig: Setting CVar [[gc.FlushStreamingOnGC:0]]
[2020.03.27-16.10.00:148][  0]LogConfig: Setting CVar [[gc.NumRetriesBeforeForcingGC:10]]
[2020.03.27-16.10.00:148][  0]LogConfig: Setting CVar [[gc.AllowParallelGC:1]]
[2020.03.27-16.10.00:148][  0]LogConfig: Setting CVar [[gc.TimeBetweenPurgingPendingKillObjects:61.1]]
[2020.03.27-16.10.00:148][  0]LogConfig: Setting CVar [[gc.MaxObjectsInEditor:16777216]]
[2020.03.27-16.10.00:148][  0]LogConfig: Setting CVar [[gc.IncrementalBeginDestroyEnabled:1]]
[2020.03.27-16.10.00:148][  0]LogConfig: Setting CVar [[gc.CreateGCClusters:1]]
[2020.03.27-16.10.00:148][  0]LogConfig: Setting CVar [[gc.MinGCClusterSize:5]]
[2020.03.27-16.10.00:148][  0]LogConfig: Setting CVar [[gc.ActorClusteringEnabled:0]]
[2020.03.27-16.10.00:148][  0]LogConfig: Setting CVar [[gc.BlueprintClusteringEnabled:0]]
[2020.03.27-16.10.00:148][  0]LogConfig: Setting CVar [[gc.UseDisregardForGCOnDedicatedServers:0]]
[2020.03.27-16.10.00:148][  0]LogConfig: Applying CVar settings from Section [/Script/Engine.NetworkSettings] File [G:/Projects/Blood-Ascent/Saved/Config/Windows/Engine.ini]
[2020.03.27-16.10.00:148][  0]LogConfig: Applying CVar settings from Section [/Script/UnrealEd.CookerSettings] File [G:/Projects/Blood-Ascent/Saved/Config/Windows/Engine.ini]
[2020.03.27-16.10.00:169][  0]LogConfig: Applying CVar settings from Section [ViewDistanceQuality@3] File [G:/Projects/Blood-Ascent/Saved/Config/Windows/Scalability.ini]
[2020.03.27-16.10.00:169][  0]LogConfig: Setting CVar [[r.SkeletalMeshLODBias:0]]
[2020.03.27-16.10.00:169][  0]LogConfig: Setting CVar [[r.ViewDistanceScale:1.0]]
[2020.03.27-16.10.00:169][  0]LogConfig: Applying CVar settings from Section [AntiAliasingQuality@3] File [G:/Projects/Blood-Ascent/Saved/Config/Windows/Scalability.ini]
[2020.03.27-16.10.00:169][  0]LogConfig: Setting CVar [[r.PostProcessAAQuality:3]]
[2020.03.27-16.10.00:169][  0]LogConfig: Applying CVar settings from Section [ShadowQuality@3] File [G:/Projects/Blood-Ascent/Saved/Config/Windows/Scalability.ini]
[2020.03.27-16.10.00:169][  0]LogConfig: Setting CVar [[r.LightFunctionQuality:1]]
[2020.03.27-16.10.00:169][  0]LogConfig: Setting CVar [[r.ShadowQuality:5]]
[2020.03.27-16.10.00:169][  0]LogConfig: Setting CVar [[r.Shadow.CSM.MaxCascades:10]]
[2020.03.27-16.10.00:169][  0]LogConfig: Setting CVar [[r.Shadow.MaxResolution:2048]]
[2020.03.27-16.10.00:169][  0]LogConfig: Setting CVar [[r.Shadow.MaxCSMResolution:2048]]
[2020.03.27-16.10.00:169][  0]LogConfig: Setting CVar [[r.Shadow.RadiusThreshold:0.01]]
[2020.03.27-16.10.00:169][  0]LogConfig: Setting CVar [[r.Shadow.DistanceScale:1.0]]
[2020.03.27-16.10.00:169][  0]LogConfig: Setting CVar [[r.Shadow.CSM.TransitionScale:1.0]]
[2020.03.27-16.10.00:169][  0]LogConfig: Setting CVar [[r.Shadow.PreShadowResolutionFactor:1.0]]
[2020.03.27-16.10.00:169][  0]LogConfig: Setting CVar [[r.DistanceFieldShadowing:1]]
[2020.03.27-16.10.00:169][  0]LogConfig: Setting CVar [[r.DistanceFieldAO:1]]
[2020.03.27-16.10.00:169][  0]LogConfig: Setting CVar [[r.AOQuality:2]]
[2020.03.27-16.10.00:169][  0]LogConfig: Setting CVar [[r.VolumetricFog:1]]
[2020.03.27-16.10.00:169][  0]LogConfig: Setting CVar [[r.VolumetricFog.GridPixelSize:8]]
[2020.03.27-16.10.00:169][  0]LogConfig: Setting CVar [[r.VolumetricFog.GridSizeZ:128]]
[2020.03.27-16.10.00:169][  0]LogConfig: Setting CVar [[r.VolumetricFog.HistoryMissSupersampleCount:4]]
[2020.03.27-16.10.00:169][  0]LogConfig: Setting CVar [[r.LightMaxDrawDistanceScale:1]]
[2020.03.27-16.10.00:169][  0]LogConfig: Setting CVar [[r.CapsuleShadows:1]]
[2020.03.27-16.10.00:169][  0]LogConfig: Applying CVar settings from Section [PostProcessQuality@3] File [G:/Projects/Blood-Ascent/Saved/Config/Windows/Scalability.ini]
[2020.03.27-16.10.00:169][  0]LogConfig: Setting CVar [[r.MotionBlurQuality:0]]
[2020.03.27-16.10.00:169][  0]LogConfig: Setting CVar [[r.AmbientOcclusionMipLevelFactor:0.4]]
[2020.03.27-16.10.00:169][  0]LogConfig: Setting CVar [[r.AmbientOcclusionMaxQuality:100]]
[2020.03.27-16.10.00:169][  0]LogConfig: Setting CVar [[r.AmbientOcclusionLevels:0]]
[2020.03.27-16.10.00:169][  0]LogConfig: Setting CVar [[r.AmbientOcclusionRadiusScale:1.0]]
[2020.03.27-16.10.00:169][  0]LogConfig: Setting CVar [[r.DepthOfFieldQuality:0]]
[2020.03.27-16.10.00:169][  0]LogConfig: Setting CVar [[r.RenderTargetPoolMin:400]]
[2020.03.27-16.10.00:170][  0]LogConfig: Setting CVar [[r.LensFlareQuality:0]]
[2020.03.27-16.10.00:170][  0]LogConfig: Setting CVar [[r.SceneColorFringeQuality:0]]
[2020.03.27-16.10.00:170][  0]LogConfig: Setting CVar [[r.EyeAdaptationQuality:2]]
[2020.03.27-16.10.00:170][  0]LogConfig: Setting CVar [[r.BloomQuality:1]]
[2020.03.27-16.10.00:170][  0]LogConfig: Setting CVar [[r.FastBlurThreshold:0]]
[2020.03.27-16.10.00:170][  0]LogConfig: Setting CVar [[r.Upscale.Quality:3]]
[2020.03.27-16.10.00:170][  0]LogConfig: Setting CVar [[r.Tonemapper.GrainQuantization:1]]
[2020.03.27-16.10.00:170][  0]LogConfig: Setting CVar [[r.LightShaftQuality:1]]
[2020.03.27-16.10.00:170][  0]LogConfig: Setting CVar [[r.Filter.SizeScale:1]]
[2020.03.27-16.10.00:170][  0]LogConfig: Setting CVar [[r.Tonemapper.Quality:5]]
[2020.03.27-16.10.00:170][  0]LogConfig: Setting CVar [[r.DOF.Gather.AccumulatorQuality:1        ; higher gathering accumulator quality]]
[2020.03.27-16.10.00:170][  0]LogConfig: Setting CVar [[r.DOF.Gather.PostfilterMethod:1          ; Median3x3 postfilering method]]
[2020.03.27-16.10.00:170][  0]LogConfig: Setting CVar [[r.DOF.Gather.EnableBokehSettings:0       ; no bokeh simulation when gathering]]
[2020.03.27-16.10.00:170][  0]LogConfig: Setting CVar [[r.DOF.Gather.RingCount:4                 ; medium number of samples when gathering]]
[2020.03.27-16.10.00:170][  0]LogConfig: Setting CVar [[r.DOF.Scatter.ForegroundCompositing:1    ; additive foreground scattering]]
[2020.03.27-16.10.00:170][  0]LogConfig: Setting CVar [[r.DOF.Scatter.BackgroundCompositing:2    ; additive background scattering]]
[2020.03.27-16.10.00:170][  0]LogConfig: Setting CVar [[r.DOF.Scatter.EnableBokehSettings:1      ; bokeh simulation when scattering]]
[2020.03.27-16.10.00:170][  0]LogConfig: Setting CVar [[r.DOF.Scatter.MaxSpriteRatio:0.1         ; only a maximum of 10% of scattered bokeh]]
[2020.03.27-16.10.00:170][  0]LogConfig: Setting CVar [[r.DOF.Recombine.Quality:1                ; cheap slight out of focus]]
[2020.03.27-16.10.00:170][  0]LogConfig: Setting CVar [[r.DOF.Recombine.EnableBokehSettings:0    ; no bokeh simulation on slight out of focus]]
[2020.03.27-16.10.00:170][  0]LogConfig: Setting CVar [[r.DOF.TemporalAAQuality:1                ; more stable temporal accumulation]]
[2020.03.27-16.10.00:170][  0]LogConfig: Setting CVar [[r.DOF.Kernel.MaxForegroundRadius:0.025]]
[2020.03.27-16.10.00:170][  0]LogConfig: Setting CVar [[r.DOF.Kernel.MaxBackgroundRadius:0.025]]
[2020.03.27-16.10.00:170][  0]LogConfig: Applying CVar settings from Section [TextureQuality@3] File [G:/Projects/Blood-Ascent/Saved/Config/Windows/Scalability.ini]
[2020.03.27-16.10.00:170][  0]LogConfig: Setting CVar [[r.Streaming.MipBias:0]]
[2020.03.27-16.10.00:170][  0]LogConfig: Setting CVar [[r.Streaming.AmortizeCPUToGPUCopy:0]]
[2020.03.27-16.10.00:170][  0]LogConfig: Setting CVar [[r.Streaming.MaxNumTexturesToStreamPerFrame:0]]
[2020.03.27-16.10.00:170][  0]LogConfig: Setting CVar [[r.Streaming.Boost:1]]
[2020.03.27-16.10.00:170][  0]LogConfig: Setting CVar [[r.MaxAnisotropy:8]]
[2020.03.27-16.10.00:170][  0]LogConfig: Setting CVar [[r.Streaming.LimitPoolSizeToVRAM:0]]
[2020.03.27-16.10.00:170][  0]LogConfig: Setting CVar [[r.Streaming.PoolSize:1000]]
[2020.03.27-16.10.00:170][  0]LogConfig: Setting CVar [[r.Streaming.MaxEffectiveScreenSize:0]]
[2020.03.27-16.10.00:170][  0]LogConfig: Applying CVar settings from Section [EffectsQuality@3] File [G:/Projects/Blood-Ascent/Saved/Config/Windows/Scalability.ini]
[2020.03.27-16.10.00:170][  0]LogConfig: Setting CVar [[r.TranslucencyLightingVolumeDim:4]]
[2020.03.27-16.10.00:170][  0]LogConfig: Setting CVar [[r.RefractionQuality:2]]
[2020.03.27-16.10.00:170][  0]LogConfig: Setting CVar [[r.SSR.Quality:0]]
[2020.03.27-16.10.00:170][  0]LogConfig: Setting CVar [[r.SceneColorFormat:2]]
[2020.03.27-16.10.00:170][  0]LogConfig: Setting CVar [[r.DetailMode:2]]
[2020.03.27-16.10.00:170][  0]LogConfig: Setting CVar [[r.TranslucencyVolumeBlur:0]]
[2020.03.27-16.10.00:170][  0]LogConfig: Setting CVar [[r.MaterialQualityLevel:1 ; High quality]]
[2020.03.27-16.10.00:170][  0]LogConfig: Setting CVar [[r.SSS.Scale:1]]
[2020.03.27-16.10.00:170][  0]LogConfig: Setting CVar [[r.SSS.SampleSet:2]]
[2020.03.27-16.10.00:170][  0]LogConfig: Setting CVar [[r.SSS.Quality:1]]
[2020.03.27-16.10.00:170][  0]LogConfig: Setting CVar [[r.SSS.HalfRes:1]]
[2020.03.27-16.10.00:170][  0]LogConfig: Setting CVar [[r.EmitterSpawnRateScale:1.0]]
[2020.03.27-16.10.00:170][  0]LogConfig: Setting CVar [[r.ParticleLightQuality:2]]
[2020.03.27-16.10.00:170][  0]LogConfig: Applying CVar settings from Section [FoliageQuality@3] File [G:/Projects/Blood-Ascent/Saved/Config/Windows/Scalability.ini]
[2020.03.27-16.10.00:170][  0]LogConfig: Setting CVar [[foliage.DensityScale:1.0]]
[2020.03.27-16.10.00:170][  0]LogConfig: Setting CVar [[grass.DensityScale:1.0]]
[2020.03.27-16.10.00:170][  0]LogInit: Selected Device Profile: [Windows]
[2020.03.27-16.10.00:170][  0]LogInit: Applying CVar settings loaded from the selected device profile: [Windows]
[2020.03.27-16.10.00:174][  0]LogHAL: Display: Platform has ~ 16 GB [17128382464 / 17179869184 / 16], which maps to Larger [LargestMinGB=32, LargerMinGB=12, DefaultMinGB=8, SmallerMinGB=6, SmallestMinGB=0)
[2020.03.27-16.10.00:174][  0]LogConfig: Setting CVar [[r.Vulkan.UseRealUBs:0		; Required until we fix HLR fall-out]]
[2020.03.27-16.10.00:174][  0]LogInit: Going up to parent DeviceProfile []
[2020.03.27-16.10.00:174][  0]LogConfig: Applying CVar settings from Section [ViewDistanceQuality@3] File [G:/Projects/Blood-Ascent/Saved/Config/Windows/Scalability.ini]
[2020.03.27-16.10.00:174][  0]LogConfig: Setting CVar [[r.SkeletalMeshLODBias:0]]
[2020.03.27-16.10.00:174][  0]LogConfig: Setting CVar [[r.ViewDistanceScale:1.0]]
[2020.03.27-16.10.00:174][  0]LogConfig: Applying CVar settings from Section [AntiAliasingQuality@3] File [G:/Projects/Blood-Ascent/Saved/Config/Windows/Scalability.ini]
[2020.03.27-16.10.00:174][  0]LogConfig: Setting CVar [[r.PostProcessAAQuality:3]]
[2020.03.27-16.10.00:174][  0]LogConfig: Applying CVar settings from Section [ShadowQuality@3] File [G:/Projects/Blood-Ascent/Saved/Config/Windows/Scalability.ini]
[2020.03.27-16.10.00:174][  0]LogConfig: Setting CVar [[r.LightFunctionQuality:1]]
[2020.03.27-16.10.00:174][  0]LogConfig: Setting CVar [[r.ShadowQuality:5]]
[2020.03.27-16.10.00:174][  0]LogConfig: Setting CVar [[r.Shadow.CSM.MaxCascades:10]]
[2020.03.27-16.10.00:174][  0]LogConfig: Setting CVar [[r.Shadow.MaxResolution:2048]]
[2020.03.27-16.10.00:174][  0]LogConfig: Setting CVar [[r.Shadow.MaxCSMResolution:2048]]
[2020.03.27-16.10.00:174][  0]LogConfig: Setting CVar [[r.Shadow.RadiusThreshold:0.01]]
[2020.03.27-16.10.00:174][  0]LogConfig: Setting CVar [[r.Shadow.DistanceScale:1.0]]
[2020.03.27-16.10.00:174][  0]LogConfig: Setting CVar [[r.Shadow.CSM.TransitionScale:1.0]]
[2020.03.27-16.10.00:174][  0]LogConfig: Setting CVar [[r.Shadow.PreShadowResolutionFactor:1.0]]
[2020.03.27-16.10.00:174][  0]LogConfig: Setting CVar [[r.DistanceFieldShadowing:1]]
[2020.03.27-16.10.00:174][  0]LogConfig: Setting CVar [[r.DistanceFieldAO:1]]
[2020.03.27-16.10.00:174][  0]LogConfig: Setting CVar [[r.AOQuality:2]]
[2020.03.27-16.10.00:174][  0]LogConfig: Setting CVar [[r.VolumetricFog:1]]
[2020.03.27-16.10.00:174][  0]LogConfig: Setting CVar [[r.VolumetricFog.GridPixelSize:8]]
[2020.03.27-16.10.00:174][  0]LogConfig: Setting CVar [[r.VolumetricFog.GridSizeZ:128]]
[2020.03.27-16.10.00:174][  0]LogConfig: Setting CVar [[r.VolumetricFog.HistoryMissSupersampleCount:4]]
[2020.03.27-16.10.00:174][  0]LogConfig: Setting CVar [[r.LightMaxDrawDistanceScale:1]]
[2020.03.27-16.10.00:174][  0]LogConfig: Setting CVar [[r.CapsuleShadows:1]]
[2020.03.27-16.10.00:174][  0]LogConfig: Applying CVar settings from Section [PostProcessQuality@3] File [G:/Projects/Blood-Ascent/Saved/Config/Windows/Scalability.ini]
[2020.03.27-16.10.00:174][  0]LogConfig: Setting CVar [[r.MotionBlurQuality:0]]
[2020.03.27-16.10.00:174][  0]LogConfig: Setting CVar [[r.AmbientOcclusionMipLevelFactor:0.4]]
[2020.03.27-16.10.00:174][  0]LogConfig: Setting CVar [[r.AmbientOcclusionMaxQuality:100]]
[2020.03.27-16.10.00:174][  0]LogConfig: Setting CVar [[r.AmbientOcclusionLevels:0]]
[2020.03.27-16.10.00:174][  0]LogConfig: Setting CVar [[r.AmbientOcclusionRadiusScale:1.0]]
[2020.03.27-16.10.00:174][  0]LogConfig: Setting CVar [[r.DepthOfFieldQuality:0]]
[2020.03.27-16.10.00:174][  0]LogConfig: Setting CVar [[r.RenderTargetPoolMin:400]]
[2020.03.27-16.10.00:174][  0]LogConfig: Setting CVar [[r.LensFlareQuality:0]]
[2020.03.27-16.10.00:174][  0]LogConfig: Setting CVar [[r.SceneColorFringeQuality:0]]
[2020.03.27-16.10.00:174][  0]LogConfig: Setting CVar [[r.EyeAdaptationQuality:2]]
[2020.03.27-16.10.00:174][  0]LogConfig: Setting CVar [[r.BloomQuality:1]]
[2020.03.27-16.10.00:174][  0]LogConfig: Setting CVar [[r.FastBlurThreshold:0]]
[2020.03.27-16.10.00:174][  0]LogConfig: Setting CVar [[r.Upscale.Quality:3]]
[2020.03.27-16.10.00:174][  0]LogConfig: Setting CVar [[r.Tonemapper.GrainQuantization:1]]
[2020.03.27-16.10.00:174][  0]LogConfig: Setting CVar [[r.LightShaftQuality:1]]
[2020.03.27-16.10.00:174][  0]LogConfig: Setting CVar [[r.Filter.SizeScale:1]]
[2020.03.27-16.10.00:174][  0]LogConfig: Setting CVar [[r.Tonemapper.Quality:5]]
[2020.03.27-16.10.00:174][  0]LogConfig: Setting CVar [[r.DOF.Gather.AccumulatorQuality:1        ; higher gathering accumulator quality]]
[2020.03.27-16.10.00:174][  0]LogConfig: Setting CVar [[r.DOF.Gather.PostfilterMethod:1          ; Median3x3 postfilering method]]
[2020.03.27-16.10.00:174][  0]LogConfig: Setting CVar [[r.DOF.Gather.EnableBokehSettings:0       ; no bokeh simulation when gathering]]
[2020.03.27-16.10.00:174][  0]LogConfig: Setting CVar [[r.DOF.Gather.RingCount:4                 ; medium number of samples when gathering]]
[2020.03.27-16.10.00:174][  0]LogConfig: Setting CVar [[r.DOF.Scatter.ForegroundCompositing:1    ; additive foreground scattering]]
[2020.03.27-16.10.00:175][  0]LogConfig: Setting CVar [[r.DOF.Scatter.BackgroundCompositing:2    ; additive background scattering]]
[2020.03.27-16.10.00:175][  0]LogConfig: Setting CVar [[r.DOF.Scatter.EnableBokehSettings:1      ; bokeh simulation when scattering]]
[2020.03.27-16.10.00:175][  0]LogConfig: Setting CVar [[r.DOF.Scatter.MaxSpriteRatio:0.1         ; only a maximum of 10% of scattered bokeh]]
[2020.03.27-16.10.00:175][  0]LogConfig: Setting CVar [[r.DOF.Recombine.Quality:1                ; cheap slight out of focus]]
[2020.03.27-16.10.00:175][  0]LogConfig: Setting CVar [[r.DOF.Recombine.EnableBokehSettings:0    ; no bokeh simulation on slight out of focus]]
[2020.03.27-16.10.00:175][  0]LogConfig: Setting CVar [[r.DOF.TemporalAAQuality:1                ; more stable temporal accumulation]]
[2020.03.27-16.10.00:175][  0]LogConfig: Setting CVar [[r.DOF.Kernel.MaxForegroundRadius:0.025]]
[2020.03.27-16.10.00:175][  0]LogConfig: Setting CVar [[r.DOF.Kernel.MaxBackgroundRadius:0.025]]
[2020.03.27-16.10.00:175][  0]LogConfig: Applying CVar settings from Section [TextureQuality@3] File [G:/Projects/Blood-Ascent/Saved/Config/Windows/Scalability.ini]
[2020.03.27-16.10.00:175][  0]LogConfig: Setting CVar [[r.Streaming.MipBias:0]]
[2020.03.27-16.10.00:175][  0]LogConfig: Setting CVar [[r.Streaming.AmortizeCPUToGPUCopy:0]]
[2020.03.27-16.10.00:175][  0]LogConfig: Setting CVar [[r.Streaming.MaxNumTexturesToStreamPerFrame:0]]
[2020.03.27-16.10.00:175][  0]LogConfig: Setting CVar [[r.Streaming.Boost:1]]
[2020.03.27-16.10.00:175][  0]LogConfig: Setting CVar [[r.MaxAnisotropy:8]]
[2020.03.27-16.10.00:175][  0]LogConfig: Setting CVar [[r.Streaming.LimitPoolSizeToVRAM:0]]
[2020.03.27-16.10.00:175][  0]LogConfig: Setting CVar [[r.Streaming.PoolSize:1000]]
[2020.03.27-16.10.00:175][  0]LogConfig: Setting CVar [[r.Streaming.MaxEffectiveScreenSize:0]]
[2020.03.27-16.10.00:175][  0]LogConfig: Applying CVar settings from Section [EffectsQuality@3] File [G:/Projects/Blood-Ascent/Saved/Config/Windows/Scalability.ini]
[2020.03.27-16.10.00:175][  0]LogConfig: Setting CVar [[r.TranslucencyLightingVolumeDim:4]]
[2020.03.27-16.10.00:175][  0]LogConfig: Setting CVar [[r.RefractionQuality:2]]
[2020.03.27-16.10.00:175][  0]LogConfig: Setting CVar [[r.SSR.Quality:0]]
[2020.03.27-16.10.00:175][  0]LogConfig: Setting CVar [[r.SceneColorFormat:2]]
[2020.03.27-16.10.00:175][  0]LogConfig: Setting CVar [[r.DetailMode:2]]
[2020.03.27-16.10.00:175][  0]LogConfig: Setting CVar [[r.TranslucencyVolumeBlur:0]]
[2020.03.27-16.10.00:175][  0]LogConfig: Setting CVar [[r.MaterialQualityLevel:1 ; High quality]]
[2020.03.27-16.10.00:175][  0]LogConfig: Setting CVar [[r.SSS.Scale:1]]
[2020.03.27-16.10.00:175][  0]LogConfig: Setting CVar [[r.SSS.SampleSet:2]]
[2020.03.27-16.10.00:175][  0]LogConfig: Setting CVar [[r.SSS.Quality:1]]
[2020.03.27-16.10.00:175][  0]LogConfig: Setting CVar [[r.SSS.HalfRes:1]]
[2020.03.27-16.10.00:175][  0]LogConfig: Setting CVar [[r.EmitterSpawnRateScale:1.0]]
[2020.03.27-16.10.00:175][  0]LogConfig: Setting CVar [[r.ParticleLightQuality:2]]
[2020.03.27-16.10.00:175][  0]LogConfig: Applying CVar settings from Section [FoliageQuality@3] File [G:/Projects/Blood-Ascent/Saved/Config/Windows/Scalability.ini]
[2020.03.27-16.10.00:175][  0]LogConfig: Setting CVar [[foliage.DensityScale:1.0]]
[2020.03.27-16.10.00:175][  0]LogConfig: Setting CVar [[grass.DensityScale:1.0]]
[2020.03.27-16.10.00:175][  0]LogConfig: Applying CVar settings from Section [Startup] File [../../../Engine/Config/ConsoleVariables.ini]
[2020.03.27-16.10.00:175][  0]LogConfig: Setting CVar [[net.UseAdaptiveNetUpdateFrequency:0]]
[2020.03.27-16.10.00:175][  0]LogConfig: Setting CVar [[p.chaos.AllowCreatePhysxBodies:1]]
[2020.03.27-16.10.00:175][  0]LogConfig: Applying CVar settings from Section [ConsoleVariables] File [G:/Projects/Blood-Ascent/Saved/Config/Windows/Engine.ini]
[2020.03.27-16.10.00:175][  0]LogInit: Computer: DESKTOP-9AMA8D2
[2020.03.27-16.10.00:175][  0]LogInit: User: Lee
[2020.03.27-16.10.00:175][  0]LogInit: CPU Page size=4096, Cores=6
[2020.03.27-16.10.00:175][  0]LogInit: High frequency timer resolution =10.000000 MHz
[2020.03.27-16.10.00:175][  0]LogMemory: Memory total: Physical=16.0GB (16GB approx)
[2020.03.27-16.10.00:175][  0]LogMemory: Platform Memory Stats for Windows
[2020.03.27-16.10.00:176][  0]LogMemory: Process Physical Memory: 99.78 MB used, 99.78 MB peak
[2020.03.27-16.10.00:176][  0]LogMemory: Process Virtual Memory: 104.11 MB used, 104.11 MB peak
[2020.03.27-16.10.00:176][  0]LogMemory: Physical Memory: 10347.51 MB used,  5987.39 MB free, 16334.90 MB total
[2020.03.27-16.10.00:176][  0]LogMemory: Virtual Memory: 4687.65 MB used,  134213040.00 MB free, 134217728.00 MB total
[2020.03.27-16.10.00:187][  0]LogInit: Using OS detected language (en-GB).
[2020.03.27-16.10.00:187][  0]LogInit: Using OS detected locale (en-GB).
[2020.03.27-16.10.00:188][  0]LogTextLocalizationManager: No specific localization for 'en-GB' exists, so the 'en' localization will be used.
[2020.03.27-16.10.00:382][  0]LogSlate: New Slate User Created.  User Index 0, Is Virtual User: 0
[2020.03.27-16.10.00:382][  0]LogSlate: Slate User Registered.  User Index 0, Is Virtual User: 0
[2020.03.27-16.10.00:541][  0]LogD3D11RHI: D3D11 adapters:
[2020.03.27-16.10.00:568][  0]LogD3D11RHI:    0. 'AMD Radeon RX 5700 XT' (Feature Level 11_0)
[2020.03.27-16.10.00:568][  0]LogD3D11RHI:       8151/0/8167 MB DedicatedVideo/DedicatedSystem/SharedSystem, Outputs:4, VendorId:0x1002
[2020.03.27-16.10.00:571][  0]LogD3D11RHI:    1. 'Microsoft Basic Render Driver' (Feature Level 11_0)
[2020.03.27-16.10.00:571][  0]LogD3D11RHI:       0/0/8167 MB DedicatedVideo/DedicatedSystem/SharedSystem, Outputs:0, VendorId:0x1414
[2020.03.27-16.10.00:572][  0]LogD3D11RHI:    2. 'Microsoft Basic Render Driver' (Feature Level 11_0)
[2020.03.27-16.10.00:572][  0]LogD3D11RHI:       0/0/8167 MB DedicatedVideo/DedicatedSystem/SharedSystem, Outputs:0, VendorId:0x1414
[2020.03.27-16.10.00:572][  0]LogD3D11RHI: Chosen D3D11 Adapter: 0
[2020.03.27-16.10.00:581][  0]LogD3D11RHI: Creating new Direct3DDevice
[2020.03.27-16.10.00:581][  0]LogD3D11RHI:     GPU DeviceId: 0x731f (for the marketing name, search the web for "GPU Device Id")
[2020.03.27-16.10.00:581][  0]LogWindows: EnumDisplayDevices:
[2020.03.27-16.10.00:581][  0]LogWindows:    0. 'AMD Radeon RX 5700 XT' (P:1 D:1)
[2020.03.27-16.10.00:581][  0]LogWindows:    1. 'AMD Radeon RX 5700 XT' (P:0 D:0)
[2020.03.27-16.10.00:581][  0]LogWindows:    2. 'AMD Radeon RX 5700 XT' (P:0 D:0)
[2020.03.27-16.10.00:582][  0]LogWindows:    3. 'AMD Radeon RX 5700 XT' (P:0 D:0)
[2020.03.27-16.10.00:582][  0]LogWindows:    4. 'AMD Radeon RX 5700 XT' (P:0 D:0)
[2020.03.27-16.10.00:582][  0]LogWindows:    5. 'AMD Radeon RX 5700 XT' (P:0 D:0)
[2020.03.27-16.10.00:582][  0]LogWindows:    6. 'AMD Radeon RX 5700 XT' (P:0 D:0)
[2020.03.27-16.10.00:583][  0]LogWindows:    7. 'AMD Radeon RX 5700 XT' (P:0 D:0)
[2020.03.27-16.10.00:583][  0]LogWindows:    8. 'Virtual Display Adapter' (P:0 D:1)
[2020.03.27-16.10.00:583][  0]LogWindows:    9. 'Virtual Display Adapter' (P:0 D:1)
[2020.03.27-16.10.00:583][  0]LogWindows:    10. 'Virtual Display Adapter' (P:0 D:1)
[2020.03.27-16.10.00:583][  0]LogWindows:    11. 'Virtual Display Adapter' (P:0 D:0)
[2020.03.27-16.10.00:583][  0]LogWindows:    12. 'Virtual Display Adapter' (P:0 D:0)
[2020.03.27-16.10.00:584][  0]LogWindows:    13. 'Virtual Display Adapter' (P:0 D:0)
[2020.03.27-16.10.00:584][  0]LogWindows:    14. 'Virtual Display Adapter' (P:0 D:0)
[2020.03.27-16.10.00:584][  0]LogWindows:    15. 'Virtual Display Adapter' (P:0 D:0)
[2020.03.27-16.10.00:584][  0]LogWindows:    16. 'Virtual Display Adapter' (P:0 D:0)
[2020.03.27-16.10.00:584][  0]LogWindows:    17. 'Virtual Display Adapter' (P:0 D:0)
[2020.03.27-16.10.00:584][  0]LogWindows:    18. 'Virtual Display Adapter' (P:0 D:0)
[2020.03.27-16.10.00:584][  0]LogWindows:    19. 'Virtual Display Adapter' (P:0 D:0)
[2020.03.27-16.10.00:585][  0]LogWindows:    20. 'Virtual Display Adapter' (P:0 D:0)
[2020.03.27-16.10.00:585][  0]LogWindows:    21. 'Virtual Display Adapter' (P:0 D:0)
[2020.03.27-16.10.00:585][  0]LogWindows:    22. 'Virtual Display Adapter' (P:0 D:0)
[2020.03.27-16.10.00:585][  0]LogWindows:    23. 'Virtual Display Adapter' (P:0 D:0)
[2020.03.27-16.10.00:585][  0]LogWindows: DebugString: GetVideoDriverDetailsInvalid PrimaryIsNotTheChoosenAdapter GetVideoDriverDetailsInvalid PrimaryIsNotTheChoosenAdapter GetVideoDriverDetailsInvalid PrimaryIsNotTheChoosenAdapter GetVideoDriverDetailsInvalid PrimaryIsNotTheChoosenAdapter GetVideoDriverDetailsInvalid PrimaryIsNotTheChoosenAdapter GetVideoDriverDetailsInvalid PrimaryIsNotTheChoosenAdapter GetVideoDriverDetailsInvalid PrimaryIsNotTheChoosenAdapter GetVideoDriverDetailsInvalid PrimaryIsNotTheChoosenAdapter GetVideoDriverDetailsInvalid PrimaryIsNotTheChoosenAdapter GetVideoDriverDetailsInvalid PrimaryIsNotTheChoosenAdapter GetVideoDriverDetailsInvalid PrimaryIsNotTheChoosenAdapter GetVideoDriverDetailsInvalid PrimaryIsNotTheChoosenAdapter GetVideoDriverDetailsInvalid PrimaryIsNotTheChoosenAdapter GetVideoDriverDetailsInvalid PrimaryIsNotTheChoosenAdapter GetVideoDriverDetailsInvalid PrimaryIsNotTheChoosenAdapter GetVideoDriverDetailsInvalid PrimaryIsNotTheChoosenAdapter FoundDriverCount:8 
[2020.03.27-16.10.00:585][  0]LogD3D11RHI:     Adapter Name: AMD Radeon RX 5700 XT
[2020.03.27-16.10.00:585][  0]LogD3D11RHI:   Driver Version: Adrenalin 2020 19.12.2 (internal:26.20.15002.61, unified:26.20.15002.61)
[2020.03.27-16.10.00:585][  0]LogD3D11RHI:      Driver Date: 12-4-2019
[2020.03.27-16.10.00:585][  0]LogRHI: Texture pool is 5706 MB (70% of 8151 MB)
[2020.03.27-16.10.00:642][  0]LogD3D11RHI: Async texture creation enabled
[2020.03.27-16.10.00:646][  0]LogRendererCore: FGlobalReadBuffer::InitRHI
[2020.03.27-16.10.00:647][  0]LogRendererCore: FGlobalReadBuffer::InitRHI
[2020.03.27-16.10.00:647][  0]LogRendererCore: FGlobalReadBuffer::InitRHI
[2020.03.27-16.10.00:654][  0]LogD3D11RHI: GPU Timing Frequency: 100.000000 (Debug: 2 1)
[2020.03.27-16.10.00:978][  0]LogTemp: Display: Module 'WindowsClientTargetPlatform' loaded TargetPlatform 'WindowsClient'
[2020.03.27-16.10.00:994][  0]LogTemp: Display: Module 'WindowsNoEditorTargetPlatform' loaded TargetPlatform 'WindowsNoEditor'
[2020.03.27-16.10.01:010][  0]LogTemp: Display: Module 'WindowsServerTargetPlatform' loaded TargetPlatform 'WindowsServer'
[2020.03.27-16.10.01:018][  0]LogTemp: Display: Module 'WindowsTargetPlatform' loaded TargetPlatform 'Windows'
[2020.03.27-16.10.01:018][  0]LogTargetPlatformManager: Display: Building Assets For Windows
[2020.03.27-16.10.01:026][  0]LogAudioDebug: Display: Lib vorbis DLL was dynamically loaded.
[2020.03.27-16.10.01:068][  0]LogShaderCompilers: Guid format shader working directory is 8 characters bigger than the processId version (../../../../../Projects/Blood-Ascent/Intermediate/Shaders/WorkingDirectory/7192/).
[2020.03.27-16.10.01:069][  0]LogShaderCompilers: Cleaned the shader compiler working directory 'C:/Users/Lee/AppData/Local/Temp/UnrealShaderWorkingDir/D91A7B964D332ED5813A2DAA32FB4904/'.
[2020.03.27-16.10.01:071][  0]LogXGEController: Cannot use XGE Controller as Incredibuild is not installed on this machine.
[2020.03.27-16.10.01:071][  0]LogShaderCompilers: Cannot use XGE Shader Compiler as Incredibuild is not installed on this machine.
[2020.03.27-16.10.01:071][  0]LogShaderCompilers: Display: Using Local Shader Compiler.
[2020.03.27-16.10.01:618][  0]LogDerivedDataCache: Display: Max Cache Size: 512 MB
[2020.03.27-16.10.01:663][  0]LogDerivedDataCache: Loaded boot cache 0.04s 72MB C:/Users/Lee/AppData/Local/UnrealEngine/4.22/DerivedDataCache/Boot.ddc.
[2020.03.27-16.10.01:663][  0]LogDerivedDataCache: Display: Loaded Boot cache: C:/Users/Lee/AppData/Local/UnrealEngine/4.22/DerivedDataCache/Boot.ddc
[2020.03.27-16.10.01:663][  0]LogDerivedDataCache: FDerivedDataBackendGraph:  Pak pak cache file ../../../../../Projects/Blood-Ascent/DerivedDataCache/DDC.ddp not found, will not use a pak cache.
[2020.03.27-16.10.01:663][  0]LogDerivedDataCache: Unable to find inner node Pak for hierarchical cache Hierarchy.
[2020.03.27-16.10.01:663][  0]LogDerivedDataCache: FDerivedDataBackendGraph:  CompressedPak pak cache file ../../../../../Projects/Blood-Ascent/DerivedDataCache/Compressed.ddp not found, will not use a pak cache.
[2020.03.27-16.10.01:663][  0]LogDerivedDataCache: Unable to find inner node CompressedPak for hierarchical cache Hierarchy.
[2020.03.27-16.10.01:675][  0]LogDerivedDataCache: Display: Pak cache opened for reading ../../../Engine/DerivedDataCache/Compressed.ddp.
[2020.03.27-16.10.01:675][  0]LogDerivedDataCache: FDerivedDataBackendGraph:  EnterprisePak pak cache file ../../../Enterprise/DerivedDataCache/Compressed.ddp not found, will not use a pak cache.
[2020.03.27-16.10.01:675][  0]LogDerivedDataCache: Unable to find inner node EnterprisePak for hierarchical cache Hierarchy.
[2020.03.27-16.10.01:688][  0]LogDerivedDataCache: Using Local data cache path C:/Users/Lee/AppData/Local/UnrealEngine/Common/DerivedDataCache: Writable
[2020.03.27-16.10.01:688][  0]LogDerivedDataCache: Shared data cache path not found in *engine.ini, will not use an Shared cache.
[2020.03.27-16.10.01:688][  0]LogDerivedDataCache: Unable to find inner node Shared for hierarchical cache Hierarchy.
[2020.03.27-16.10.01:709][  0]LogMaterial: Verifying Global Shaders for PCD3D_SM5
[2020.03.27-16.10.01:735][  0]LogSlate: Using FreeType 2.6.0
[2020.03.27-16.10.01:736][  0]LogSlate: SlateFontServices - WITH_FREETYPE: 1, WITH_HARFBUZZ: 1
[2020.03.27-16.10.01:857][  0]LogInit: Using OS detected language (en-GB).
[2020.03.27-16.10.01:857][  0]LogInit: Using OS detected locale (en-GB).
[2020.03.27-16.10.01:857][  0]LogTextLocalizationManager: No localization for 'en-GB' exists, so 'en' will be used for the language.
[2020.03.27-16.10.01:857][  0]LogTextLocalizationManager: No localization for 'en-GB' exists, so 'en' will be used for the locale.
[2020.03.27-16.10.01:857][  0]LogSlate: FontCache flush requested. Reason: Culture for localization was changed
[2020.03.27-16.10.01:857][  0]LogSlate: FontCache flush requested. Reason: Culture for localization was changed
[2020.03.27-16.10.01:868][  0]LogTextLocalizationManager: Compacting localization data took   0.01ms
[2020.03.27-16.10.01:874][  0]LogAssetRegistry: FAssetRegistry took 0.0041 seconds to start up
[2020.03.27-16.10.02:054][  0]LogPackageLocalizationCache: Processed 10 localized package path(s) for 1 prioritized culture(s) in 0.000381 seconds
[2020.03.27-16.10.02:157][  0]LogInit: Selected Device Profile: [Windows]
[2020.03.27-16.10.02:251][  0]LogMeshReduction: Using QuadricMeshReduction for automatic static mesh reduction
[2020.03.27-16.10.02:251][  0]LogMeshReduction: Using SimplygonMeshReduction for automatic skeletal mesh reduction
[2020.03.27-16.10.02:251][  0]LogMeshReduction: Using ProxyLODMeshReduction for automatic mesh merging
[2020.03.27-16.10.02:251][  0]LogMeshReduction: No distributed automatic mesh merging module available
[2020.03.27-16.10.02:251][  0]LogMeshMerging: No distributed automatic mesh merging module available
[2020.03.27-16.10.02:258][  0]LogNetVersion: BloodAscent 1.0.0, NetCL: 5660361, EngineNetVer: 10, GameNetVer: 0 (Checksum: 474268916)
[2020.03.27-16.10.02:607][  0]LogMoviePlayer: Initializing movie player
[2020.03.27-16.10.02:706][  0]LogTcpMessaging: Initializing TcpMessaging bridge
[2020.03.27-16.10.02:719][  0]LogUdpMessaging: Initializing bridge on interface 0.0.0.0:0 to multicast group 230.0.0.1:6666.
[2020.03.27-16.10.02:795][  0]SourceControl: Source control is disabled
[2020.03.27-16.10.02:795][  0]SourceControl: Source control is disabled
[2020.03.27-16.10.02:796][  0]SourceControl: Source control is disabled
[2020.03.27-16.10.02:821][  0]LogAndroidPermission: UAndroidPermissionCallbackProxy::GetInstance
[2020.03.27-16.10.02:921][  0]LogOcInput: OculusInput pre-init called
[2020.03.27-16.10.02:966][  0]LogUObjectArray: 46502 objects as part of root set at end of initial load.
[2020.03.27-16.10.02:966][  0]LogUObjectAllocator: 8171240 out of 0 bytes used by permanent object pool.
[2020.03.27-16.10.02:966][  0]LogUObjectArray: CloseDisregardForGC: 0/0 objects in disregard for GC pool
[2020.03.27-16.10.03:087][  0]LogEngine: Initializing Engine...
[2020.03.27-16.10.03:099][  0]LogStats: UGameplayTagsManager::InitializeManager -  0.000 s
[2020.03.27-16.10.03:235][  0]LogInit: Initializing FReadOnlyCVARCache
[2020.03.27-16.10.03:271][  0]LogInit: XAudio2 using 'Headphones (Realtek USB2.0 Audio)' : 2 channels at 48 kHz using 24 bits per sample (channel mask 0x3)
[2020.03.27-16.10.03:281][  0]LogInit: FAudioDevice initialized.
[2020.03.27-16.10.03:293][  0]LogNetVersion: Set ProjectVersion to 1.0.0.0. Version Checksum will be recalculated on next use.
[2020.03.27-16.10.03:293][  0]LogInit: Texture streaming: Enabled
[2020.03.27-16.10.03:486][  0]LogSlate: Updating window title bar state: overlay mode, drag disabled, window buttons hidden, title bar hidden
[2020.03.27-16.10.03:486][  0]LogInit: Display: Game Engine Initialized.
[2020.03.27-16.10.03:525][  0]LogInit: Display: Starting Game.
[2020.03.27-16.10.03:537][  0]LogNet: Browse: /Game/VirtualRealityBP/Maps/MotionControllerMap?Name=Player
[2020.03.27-16.10.03:547][  0]LogLoad: LoadMap: /Game/VirtualRealityBP/Maps/MotionControllerMap?Name=Player
[2020.03.27-16.10.03:573][  0]LogUObjectHash: Compacting FUObjectHashTables data took   1.35ms
[2020.03.27-16.10.04:689][  0]LogAIModule: Creating AISystem for world MotionControllerMap
[2020.03.27-16.10.04:689][  0]LogLoad: Game class is 'BP_VampireGM_C'
[2020.03.27-16.10.04:709][  0]LogWorld: Bringing World /Game/VirtualRealityBP/Maps/MotionControllerMap.MotionControllerMap up for play (max tick rate 0) at 2020.03.27-16.10.04
[2020.03.27-16.10.04:711][  0]LogWorld: Bringing up level for play took: 0.020483
[2020.03.27-16.10.04:711][  0]LogGameMode: FindPlayerStart: PATHS NOT DEFINED or NO PLAYERSTART with positive rating
[2020.03.27-16.10.04:732][  0]LogLoad: Took 1.186283 seconds to LoadMap(/Game/VirtualRealityBP/Maps/MotionControllerMap)
[2020.03.27-16.10.04:795][  0]LogRenderer: Reallocating scene render targets to support 1280x720 Format 26 NumSamples 1 (Frame:1).
[2020.03.27-16.10.04:795][  0]LogLoad: (Engine Initialization) Total time: 5.99 seconds
[2020.03.27-16.10.04:795][  0]LogLoad: (Engine Initialization) Total Blueprint compile time: 0.00 seconds
[2020.03.27-16.10.04:888][  0]LogContentStreaming: Texture pool size now 1000 MB
[2020.03.27-16.10.04:898][  0]LogAudio: Warning: Detected orphaned looping sound '3952-killers-by-kevin-macleod'.
[2020.03.27-16.10.04:916][  0]LogRenderer: Reallocating scene render targets to support 128x128 Format 26 NumSamples 1 (Frame:1).
[2020.03.27-16.10.04:953][  0]LogRenderer: Reallocating scene render targets to support 1280x720 Format 26 NumSamples 1 (Frame:2).
[2020.03.27-16.10.18:010][634]LogSlate: Window 'BloodAscent (64-bit Development PCD3D_SM5) ' being destroyed
[2020.03.27-16.10.18:010][634]LogWindowsTextInputMethodSystem: Display: IME system now deactivated.
[2020.03.27-16.10.18:014][634]LogSlate: Updating window title bar state: overlay mode, drag disabled, window buttons hidden, title bar hidden
[2020.03.27-16.10.18:014][634]LogEngine: All Windows Closed
[2020.03.27-16.10.18:014][634]LogWindows: FPlatformMisc::RequestExit(0)
[2020.03.27-16.10.18:099][635]LogExit: Preparing to exit.
[2020.03.27-16.10.18:099][635]LogMoviePlayer: Shutting down movie player
[2020.03.27-16.10.18:739][635]LogSlate: Updating window title bar state: overlay mode, drag disabled, window buttons hidden, title bar hidden
[2020.03.27-16.10.18:762][635]LogExit: Game engine shut down
[2020.03.27-16.10.18:848][635]LogExit: Object subsystem successfully closed.
[2020.03.27-16.10.18:865][635]LogShaderCompilers: Display: Shaders left to compile 0
[2020.03.27-16.10.18:869][635]LogD3D11RHI: Shutdown
[2020.03.27-16.10.18:869][635]LogD3D11RHI: CleanupD3DDevice
[2020.03.27-16.10.18:869][635]LogRendererCore: FGlobalReadBuffer::ReleaseRHI
[2020.03.27-16.10.18:869][635]LogRendererCore: FGlobalDynamicReadBuffer::Cleanup()
[2020.03.27-16.10.18:869][635]LogRendererCore: FGlobalReadBuffer::ReleaseRHI
[2020.03.27-16.10.18:869][635]LogRendererCore: FGlobalDynamicReadBuffer::Cleanup()
[2020.03.27-16.10.18:869][635]LogRendererCore: FGlobalReadBuffer::ReleaseRHI
[2020.03.27-16.10.18:869][635]LogRendererCore: FGlobalDynamicReadBuffer::Cleanup()
[2020.03.27-16.10.19:036][635]LogD3D11RHI: ~FD3D11DynamicRHI
[2020.03.27-16.10.19:041][635]LogModuleManager: Shutting down and abandoning module SequenceRecorderSections (406)
[2020.03.27-16.10.19:041][635]LogModuleManager: Shutting down and abandoning module SequenceRecorder (404)
[2020.03.27-16.10.19:041][635]LogModuleManager: Shutting down and abandoning module AutomationController (402)
[2020.03.27-16.10.19:041][635]LogModuleManager: Shutting down and abandoning module AutomationWorker (400)
[2020.03.27-16.10.19:041][635]LogModuleManager: Shutting down and abandoning module Voice (398)
[2020.03.27-16.10.19:041][635]LogModuleManager: Shutting down and abandoning module AIModule (396)
[2020.03.27-16.10.19:041][635]LogModuleManager: Shutting down and abandoning module GameplayDebugger (395)
[2020.03.27-16.10.19:042][635]LogModuleManager: Shutting down and abandoning module AITestSuite (393)
[2020.03.27-16.10.19:042][635]LogModuleManager: Shutting down and abandoning module NavigationSystem (391)
[2020.03.27-16.10.19:042][635]LogModuleManager: Shutting down and abandoning module OculusMR (388)
[2020.03.27-16.10.19:042][635]LogModuleManager: Shutting down and abandoning module WmfMediaFactory (386)
[2020.03.27-16.10.19:042][635]LogModuleManager: Shutting down and abandoning module WebMMediaFactory (384)
[2020.03.27-16.10.19:042][635]LogModuleManager: Shutting down and abandoning module WebMMedia (382)
[2020.03.27-16.10.19:042][635]LogModuleManager: Shutting down and abandoning module OpenExrWrapper (380)
[2020.03.27-16.10.19:042][635]LogModuleManager: Shutting down and abandoning module ImgMediaFactory (378)
[2020.03.27-16.10.19:042][635]LogModuleManager: Shutting down and abandoning module AvfMediaFactory (376)
[2020.03.27-16.10.19:042][635]LogModuleManager: Shutting down and abandoning module MagicLeapCameraPreviewFactory (374)
[2020.03.27-16.10.19:042][635]LogModuleManager: Shutting down and abandoning module MagicLeapMediaCodecFactory (372)
[2020.03.27-16.10.19:042][635]LogModuleManager: Shutting down and abandoning module MagicLeapMediaFactory (370)
[2020.03.27-16.10.19:042][635]LogModuleManager: Shutting down and abandoning module CharacterAI (368)
[2020.03.27-16.10.19:042][635]LogModuleManager: Shutting down and abandoning module SessionServices (366)
[2020.03.27-16.10.19:042][635]LogModuleManager: Shutting down and abandoning module MovieSceneCapture (364)
[2020.03.27-16.10.19:042][635]LogModuleManager: Shutting down and abandoning module LiveCoding (362)
[2020.03.27-16.10.19:042][635]LogModuleManager: Shutting down and abandoning module LevelSequence (360)
[2020.03.27-16.10.19:042][635]LogModuleManager: Shutting down and abandoning module MovieSceneTracks (358)
[2020.03.27-16.10.19:042][635]LogModuleManager: Shutting down and abandoning module MovieScene (356)
[2020.03.27-16.10.19:042][635]LogModuleManager: Shutting down and abandoning module StreamingPauseRendering (354)
[2020.03.27-16.10.19:042][635]LogModuleManager: Shutting down and abandoning module PortalServices (352)
[2020.03.27-16.10.19:042][635]LogModuleManager: Shutting down and abandoning module PortalRpc (350)
[2020.03.27-16.10.19:042][635]LogModuleManager: Shutting down and abandoning module MessagingRpc (348)
[2020.03.27-16.10.19:042][635]LogModuleManager: Shutting down and abandoning module ImageWriteQueue (346)
[2020.03.27-16.10.19:044][635]LogModuleManager: Shutting down and abandoning module ProfilerService (344)
[2020.03.27-16.10.19:250][635]LogModuleManager: Shutting down and abandoning module TaskGraph (342)
[2020.03.27-16.10.19:250][635]LogModuleManager: Shutting down and abandoning module SteamVRController (340)
[2020.03.27-16.10.19:250][635]LogModuleManager: Shutting down and abandoning module ProceduralMeshComponent (338)
[2020.03.27-16.10.19:250][635]LogModuleManager: Shutting down and abandoning module OculusInput (336)
[2020.03.27-16.10.19:250][635]LogModuleManager: Shutting down and abandoning module MobilePatchingUtils (334)
[2020.03.27-16.10.19:250][635]LogModuleManager: Shutting down and abandoning module EditableMesh (332)
[2020.03.27-16.10.19:250][635]LogModuleManager: Shutting down and abandoning module CustomMeshComponent (330)
[2020.03.27-16.10.19:250][635]LogModuleManager: Shutting down and abandoning module CableComponent (328)
[2020.03.27-16.10.19:250][635]LogModuleManager: Shutting down and abandoning module AudioCapture (326)
[2020.03.27-16.10.19:250][635]LogModuleManager: Shutting down and abandoning module ArchVisCharacter (324)
[2020.03.27-16.10.19:250][635]LogModuleManager: Shutting down and abandoning module AndroidPermission (322)
[2020.03.27-16.10.19:250][635]LogModuleManager: Shutting down and abandoning module NUTUnrealEngine4 (320)
[2020.03.27-16.10.19:250][635]LogModuleManager: Shutting down and abandoning module NetcodeUnitTest (318)
[2020.03.27-16.10.19:250][635]LogModuleManager: Shutting down and abandoning module MediaCompositing (316)
[2020.03.27-16.10.19:250][635]LogModuleManager: Shutting down and abandoning module LinearTimecode (314)
[2020.03.27-16.10.19:250][635]LogModuleManager: Shutting down and abandoning module ImgMedia (312)
[2020.03.27-16.10.19:250][635]LogModuleManager: Shutting down and abandoning module MagicLeapHelperVulkan (310)
[2020.03.27-16.10.19:250][635]LogModuleManager: Shutting down and abandoning module MagicLeapHelperOpenGL (308)
[2020.03.27-16.10.19:250][635]LogModuleManager: Shutting down and abandoning module MagicLeapAudio (306)
[2020.03.27-16.10.19:250][635]LogModuleManager: Shutting down and abandoning module HTML5Networking (304)
[2020.03.27-16.10.19:250][635]LogModuleManager: Shutting down and abandoning module GeometryCacheTracks (302)
[2020.03.27-16.10.19:250][635]LogModuleManager: Shutting down and abandoning module GeometryCacheSequencer (301)
[2020.03.27-16.10.19:250][635]LogModuleManager: Shutting down and abandoning module GeometryCache (298)
[2020.03.27-16.10.19:250][635]LogModuleManager: Shutting down and abandoning module GeometryCacheEd (297)
[2020.03.27-16.10.19:250][635]LogModuleManager: Shutting down and abandoning module BackChannel (294)
[2020.03.27-16.10.19:251][635]LogModuleManager: Shutting down and abandoning module AppleVision (292)
[2020.03.27-16.10.19:251][635]LogModuleManager: Shutting down and abandoning module AppleImageUtilsBlueprintSupport (290)
[2020.03.27-16.10.19:251][635]LogModuleManager: Shutting down and abandoning module AppleImageUtils (288)
[2020.03.27-16.10.19:251][635]LogModuleManager: Shutting down and abandoning module VariantManagerContent (286)
[2020.03.27-16.10.19:251][635]LogModuleManager: Shutting down and abandoning module CryptoKeysOpenSSL (284)
[2020.03.27-16.10.19:251][635]LogModuleManager: Shutting down and abandoning module CryptoKeys (282)
[2020.03.27-16.10.19:251][635]LogModuleManager: Shutting down and abandoning module VisualStudioSourceCodeAccess (280)
[2020.03.27-16.10.19:251][635]LogModuleManager: Shutting down and abandoning module HotReload (279)
[2020.03.27-16.10.19:251][635]LogModuleManager: Shutting down and abandoning module DirectoryWatcher (278)
[2020.03.27-16.10.19:251][635]LogModuleManager: Shutting down and abandoning module VisualStudioCodeSourceCodeAccess (274)
[2020.03.27-16.10.19:251][635]LogModuleManager: Shutting down and abandoning module UObjectPlugin (272)
[2020.03.27-16.10.19:251][635]LogModuleManager: Shutting down and abandoning module SubversionSourceControl (270)
[2020.03.27-16.10.19:251][635]LogModuleManager: Shutting down and abandoning module PerforceSourceControl (268)
[2020.03.27-16.10.19:251][635]LogModuleManager: Shutting down and abandoning module SourceControl (267)
[2020.03.27-16.10.19:251][635]LogModuleManager: Shutting down and abandoning module CLionSourceCodeAccess (264)
[2020.03.27-16.10.19:251][635]LogModuleManager: Shutting down and abandoning module ActorLayerUtilities (262)
[2020.03.27-16.10.19:251][635]LogModuleManager: Shutting down and abandoning module SignificanceManager (260)
[2020.03.27-16.10.19:251][635]LogModuleManager: Shutting down and abandoning module RuntimePhysXCooking (258)
[2020.03.27-16.10.19:251][635]LogModuleManager: Shutting down and abandoning module PhysXVehiclesEditor (256)
[2020.03.27-16.10.19:251][635]LogModuleManager: Shutting down and abandoning module PhysXVehicles (254)
[2020.03.27-16.10.19:251][635]LogModuleManager: Shutting down and abandoning module LocationServicesBPLibrary (252)
[2020.03.27-16.10.19:251][635]LogModuleManager: Shutting down and abandoning module ActorSequence (250)
[2020.03.27-16.10.19:251][635]LogModuleManager: Shutting down and abandoning module UdpMessaging (248)
[2020.03.27-16.10.19:352][635]LogModuleManager: Shutting down and abandoning module TcpMessaging (246)
[2020.03.27-16.10.19:718][635]LogModuleManager: Shutting down and abandoning module MagicLeapIdentity (244)
[2020.03.27-16.10.19:718][635]LogModuleManager: Shutting down and abandoning module MagicLeapSecureStorage (242)
[2020.03.27-16.10.19:718][635]LogModuleManager: Shutting down and abandoning module MagicLeapHandTracking (240)
[2020.03.27-16.10.19:718][635]LogModuleManager: Shutting down and abandoning module MagicLeapEyeTracker (238)
[2020.03.27-16.10.19:718][635]LogModuleManager: Shutting down and abandoning module MagicLeapController (236)
[2020.03.27-16.10.19:718][635]LogSlate: Slate User Destroyed.  User Index 0, Is Virtual User: 0
[2020.03.27-16.10.19:718][635]LogModuleManager: Shutting down and abandoning module MagicLeapAR (234)
[2020.03.27-16.10.19:718][635]LogModuleManager: Shutting down and abandoning module AugmentedReality (233)
[2020.03.27-16.10.19:718][635]LogModuleManager: Shutting down and abandoning module GameplayTagsEditor (230)
[2020.03.27-16.10.19:718][635]LogModuleManager: Shutting down and abandoning module FacialAnimation (228)
[2020.03.27-16.10.19:718][635]LogModuleManager: Shutting down and abandoning module DataValidation (226)
[2020.03.27-16.10.19:718][635]LogModuleManager: Shutting down and abandoning module AssetManagerEditor (224)
[2020.03.27-16.10.19:718][635]LogModuleManager: Shutting down and abandoning module TreeMap (223)
[2020.03.27-16.10.19:718][635]LogModuleManager: Shutting down and abandoning module AnimationSharing (220)
[2020.03.27-16.10.19:718][635]LogModuleManager: Shutting down and abandoning module LightPropagationVolumeRuntime (218)
[2020.03.27-16.10.19:718][635]LogModuleManager: Shutting down and abandoning module AISupportModule (216)
[2020.03.27-16.10.19:718][635]LogModuleManager: Shutting down and abandoning module Paper2D (214)
[2020.03.27-16.10.19:718][635]LogModuleManager: Shutting down and abandoning module WindowsMoviePlayer (212)
[2020.03.27-16.10.19:719][635]LogModuleManager: Shutting down and abandoning module WebMMoviePlayer (210)
[2020.03.27-16.10.19:719][635]LogModuleManager: Shutting down and abandoning module PacketHandler (208)
[2020.03.27-16.10.19:719][635]LogModuleManager: Shutting down and abandoning module ClothingSystemEditor (206)
[2020.03.27-16.10.19:719][635]LogModuleManager: Shutting down and abandoning module ClothingSystemRuntime (204)
[2020.03.27-16.10.19:719][635]LogModuleManager: Shutting down and abandoning module MediaAssets (202)
[2020.03.27-16.10.19:719][635]LogModuleManager: Shutting down and abandoning module Overlay (200)
[2020.03.27-16.10.19:719][635]LogModuleManager: Shutting down and abandoning module OverlayEditor (199)
[2020.03.27-16.10.19:719][635]LogModuleManager: Shutting down and abandoning module EnvironmentQueryEditor (196)
[2020.03.27-16.10.19:719][635]LogModuleManager: Shutting down and abandoning module VREditor (194)
[2020.03.27-16.10.19:719][635]LogModuleManager: Shutting down and abandoning module StringTableEditor (192)
[2020.03.27-16.10.19:719][635]LogModuleManager: Shutting down and abandoning module GameplayTasksEditor (190)
[2020.03.27-16.10.19:719][635]LogModuleManager: Shutting down and abandoning module BehaviorTreeEditor (188)
[2020.03.27-16.10.19:719][635]LogModuleManager: Shutting down and abandoning module FunctionalTesting (186)
[2020.03.27-16.10.19:719][635]LogModuleManager: Shutting down and abandoning module CollisionAnalyzer (184)
[2020.03.27-16.10.19:719][635]LogModuleManager: Shutting down and abandoning module WorkspaceMenuStructure (183)
[2020.03.27-16.10.19:719][635]LogModuleManager: Shutting down and abandoning module UMG (180)
[2020.03.27-16.10.19:719][635]LogModuleManager: Shutting down and abandoning module UMGEditor (179)
[2020.03.27-16.10.19:719][635]LogModuleManager: Shutting down and abandoning module Sequencer (178)
[2020.03.27-16.10.19:719][635]LogModuleManager: Shutting down and abandoning module MessageLog (175)
[2020.03.27-16.10.19:719][635]LogModuleManager: Shutting down and abandoning module SlateReflector (170)
[2020.03.27-16.10.19:719][635]LogModuleManager: Shutting down and abandoning module Slate (168)
[2020.03.27-16.10.19:719][635]LogModuleManager: Shutting down and abandoning module EditorStyle (166)
[2020.03.27-16.10.19:720][635]LogModuleManager: Shutting down and abandoning module UnrealEd (164)
[2020.03.27-16.10.19:720][635]LogModuleManager: Shutting down and abandoning module MRMesh (162)
[2020.03.27-16.10.19:720][635]LogModuleManager: Shutting down and abandoning module Messaging (160)
[2020.03.27-16.10.19:720][635]LogModuleManager: Shutting down and abandoning module SourceCodeAccess (158)
[2020.03.27-16.10.19:720][635]LogModuleManager: Shutting down and abandoning module HeadMountedDisplay (156)
[2020.03.27-16.10.19:720][635]LogModuleManager: Shutting down and abandoning module XAudio2 (154)
[2020.03.27-16.10.19:720][635]LogModuleManager: Shutting down and abandoning module Networking (152)
[2020.03.27-16.10.19:720][635]LogModuleManager: Shutting down and abandoning module Core (150)
[2020.03.27-16.10.19:720][635]LogModuleManager: Shutting down and abandoning module KismetCompiler (148)
[2020.03.27-16.10.19:720][635]LogModuleManager: Shutting down and abandoning module MeshUtilities (146)
[2020.03.27-16.10.19:720][635]LogModuleManager: Shutting down and abandoning module MeshMergeUtilities (145)
[2020.03.27-16.10.19:720][635]LogModuleManager: Shutting down and abandoning module MeshReductionInterface (144)
[2020.03.27-16.10.19:720][635]LogModuleManager: Shutting down and abandoning module SkeletalMeshReduction (143)
[2020.03.27-16.10.19:720][635]LogModuleManager: Shutting down and abandoning module ProxyLODMeshReduction (141)
[2020.03.27-16.10.19:720][635]LogModuleManager: Shutting down and abandoning module QuadricMeshReduction (139)
[2020.03.27-16.10.19:720][635]LogModuleManager: Shutting down and abandoning module MaterialBaking (135)
[2020.03.27-16.10.19:720][635]LogModuleManager: Shutting down and abandoning module PIEPreviewDeviceProfileSelector (130)
[2020.03.27-16.10.19:720][635]LogModuleManager: Shutting down and abandoning module DerivedDataCache (128)
[2020.03.27-16.10.20:202][635]LogDerivedDataCache: Shutdown
[2020.03.27-16.10.20:202][635]LogModuleManager: Shutting down and abandoning module XGEController (126)
[2020.03.27-16.10.20:202][635]LogModuleManager: Shutting down and abandoning module TargetPlatform (124)
[2020.03.27-16.10.20:202][635]LogModuleManager: Shutting down and abandoning module VulkanShaderFormat (123)
[2020.03.27-16.10.20:202][635]LogModuleManager: Shutting down and abandoning module ShaderFormatVectorVM (121)
[2020.03.27-16.10.20:202][635]LogModuleManager: Shutting down and abandoning module ShaderFormatOpenGL (119)
[2020.03.27-16.10.20:202][635]LogModuleManager: Shutting down and abandoning module ShaderFormatD3D (117)
[2020.03.27-16.10.20:202][635]LogModuleManager: Shutting down and abandoning module MetalShaderFormat (115)
[2020.03.27-16.10.20:202][635]LogModuleManager: Shutting down and abandoning module TextureFormatUncompressed (113)
[2020.03.27-16.10.20:202][635]LogModuleManager: Shutting down and abandoning module TextureFormatPVR (111)
[2020.03.27-16.10.20:202][635]LogModuleManager: Shutting down and abandoning module TextureFormatDXT (109)
[2020.03.27-16.10.20:202][635]LogModuleManager: Shutting down and abandoning module TextureFormatIntelISPCTexComp (107)
[2020.03.27-16.10.20:202][635]LogModuleManager: Shutting down and abandoning module TextureFormatASTC (105)
[2020.03.27-16.10.20:202][635]LogModuleManager: Shutting down and abandoning module ImageWrapper (104)
[2020.03.27-16.10.20:202][635]LogModuleManager: Shutting down and abandoning module TextureFormatAndroid (101)
[2020.03.27-16.10.20:202][635]LogModuleManager: Shutting down and abandoning module AudioFormatOpus (99)
[2020.03.27-16.10.20:202][635]LogModuleManager: Shutting down and abandoning module AudioFormatOgg (97)
[2020.03.27-16.10.20:202][635]LogModuleManager: Shutting down and abandoning module AudioFormatADPCM (95)
[2020.03.27-16.10.20:202][635]LogModuleManager: Shutting down and abandoning module WindowsTargetPlatform (93)
[2020.03.27-16.10.20:202][635]LogModuleManager: Shutting down and abandoning module WindowsServerTargetPlatform (91)
[2020.03.27-16.10.20:202][635]LogModuleManager: Shutting down and abandoning module WindowsNoEditorTargetPlatform (89)
[2020.03.27-16.10.20:202][635]LogModuleManager: Shutting down and abandoning module WindowsClientTargetPlatform (87)
[2020.03.27-16.10.20:202][635]LogModuleManager: Shutting down and abandoning module InputCore (84)
[2020.03.27-16.10.20:202][635]LogModuleManager: Shutting down and abandoning module Settings (82)
[2020.03.27-16.10.20:202][635]LogModuleManager: Shutting down and abandoning module PhysXCooking (80)
[2020.03.27-16.10.20:202][635]LogModuleManager: Shutting down and abandoning module WindowsMixedRealitySpatialInput (78)
[2020.03.27-16.10.20:202][635]LogModuleManager: Shutting down and abandoning module WindowsMixedRealityHMD (76)
[2020.03.27-16.10.20:202][635]LogModuleManager: Shutting down and abandoning module WindowsMixedRealityRuntimeSettings (74)
[2020.03.27-16.10.20:202][635]LogModuleManager: Shutting down and abandoning module SteamVR (72)
[2020.03.27-16.10.20:202][635]LogHMD: Freeing OpenVRDLLHandle.
[2020.03.27-16.10.20:202][635]LogModuleManager: Shutting down and abandoning module OculusHMD (70)
[2020.03.27-16.10.20:202][635]LogModuleManager: Shutting down and abandoning module ExampleDeviceProfileSelector (68)
[2020.03.27-16.10.20:202][635]LogModuleManager: Shutting down and abandoning module LauncherChunkInstaller (66)
[2020.03.27-16.10.20:202][635]LogModuleManager: Shutting down and abandoning module OnlineBlueprintSupport (64)
[2020.03.27-16.10.20:202][635]LogModuleManager: Shutting down and abandoning module OnlineSubsystem (60)
[2020.03.27-16.10.20:203][635]LogModuleManager: Shutting down and abandoning module XMPP (55)
[2020.03.27-16.10.20:203][635]LogModuleManager: Shutting down and abandoning module WebSockets (54)
[2020.03.27-16.10.20:236][635]LogModuleManager: Shutting down and abandoning module HTTP (51)
[2020.03.27-16.10.20:268][635]LogModuleManager: Shutting down and abandoning module SSL (50)
[2020.03.27-16.10.20:269][635]LogModuleManager: Shutting down and abandoning module WmfMedia (46)
[2020.03.27-16.10.20:270][635]LogModuleManager: Shutting down and abandoning module Media (45)
[2020.03.27-16.10.20:276][635]LogModuleManager: Shutting down and abandoning module MagicLeap (42)
[2020.03.27-16.10.20:276][635]LogModuleManager: Shutting down and abandoning module DatasmithContent (40)
[2020.03.27-16.10.20:276][635]LogModuleManager: Shutting down and abandoning module AnimationModifiers (38)
[2020.03.27-16.10.20:276][635]LogModuleManager: Shutting down and abandoning module PropertyEditor (37)
[2020.03.27-16.10.20:276][635]LogModuleManager: Shutting down and abandoning module AudioEditor (34)
[2020.03.27-16.10.20:277][635]LogModuleManager: Shutting down and abandoning module TextureCompressor (32)
[2020.03.27-16.10.20:277][635]LogModuleManager: Shutting down and abandoning module RenderCore (30)
[2020.03.27-16.10.20:277][635]LogModuleManager: Shutting down and abandoning module Landscape (28)
[2020.03.27-16.10.20:277][635]LogModuleManager: Shutting down and abandoning module SlateRHIRenderer (26)
[2020.03.27-16.10.20:277][635]LogModuleManager: Shutting down and abandoning module OpenGLDrv (24)
[2020.03.27-16.10.20:277][635]LogModuleManager: Shutting down and abandoning module D3D11RHI (22)
[2020.03.27-16.10.20:277][635]LogModuleManager: Shutting down and abandoning module AnimGraphRuntime (20)
[2020.03.27-16.10.20:277][635]LogModuleManager: Shutting down and abandoning module Renderer (18)
[2020.03.27-16.10.20:277][635]LogModuleManager: Shutting down and abandoning module Engine (16)
[2020.03.27-16.10.20:277][635]LogModuleManager: Shutting down and abandoning module CoreUObject (14)
[2020.03.27-16.10.20:277][635]LogModuleManager: Shutting down and abandoning module NetworkFile (12)
[2020.03.27-16.10.20:277][635]LogModuleManager: Shutting down and abandoning module CookedIterativeFile (10)
[2020.03.27-16.10.20:277][635]LogModuleManager: Shutting down and abandoning module StreamingFile (8)
[2020.03.27-16.10.20:277][635]LogModuleManager: Shutting down and abandoning module SandboxFile (6)
[2020.03.27-16.10.20:277][635]LogModuleManager: Shutting down and abandoning module PakFile (4)
[2020.03.27-16.10.20:277][635]LogModuleManager: Shutting down and abandoning module RSA (3)
[2020.03.27-16.10.20:282][635]LogExit: Exiting.
[2020.03.27-16.10.20:347][635]Log file closed, 03/27/20 16:10:20
