Log file open, 03/28/20 23:54:52
LogWindows: Failed to load 'aqProf.dll' (GetLastError=126)
LogWindows: File 'aqProf.dll' does not exist
LogWindows: Failed to load 'VtuneApi.dll' (GetLastError=126)
LogWindows: File 'VtuneApi.dll' does not exist
LogWindows: Failed to load 'VtuneApi32e.dll' (GetLastError=126)
LogWindows: File 'VtuneApi32e.dll' does not exist
LogConsoleResponse: Display: Failed to find resolution value strings in scalability ini. Falling back to default.
LogInit: Display: Running engine for game: BloodAscent
LogPakFile: Registered encryption key '00000000000000000000000000000000': 0 pak files mounted, 0 remain pending
LogPlatformFile: Not using cached read wrapper
LogTaskGraph: Started task graph with 5 named threads and 35 total threads with 3 sets of task threads.
LogStats: Stats thread started at 0.390357
LogD3D11RHI: Loaded GFSDK_Aftermath_Lib.x64.dll
LogICUInternationalization: ICU TimeZone Detection - Raw Offset: +0:00, Platform Override: ''
LogPluginManager: Mounting plugin Paper2D
LogPluginManager: Mounting plugin AISupport
LogPluginManager: Mounting plugin LightPropagationVolume
LogPluginManager: Mounting plugin ActorLayerUtilities
LogPluginManager: Mounting plugin AnimationSharing
LogPluginManager: Mounting plugin CLionSourceCodeAccess
LogPluginManager: Mounting plugin CodeLiteSourceCodeAccess
LogPluginManager: Mounting plugin GitSourceControl
LogPluginManager: Mounting plugin KDevelopSourceCodeAccess
LogPluginManager: Mounting plugin NullSourceCodeAccess
LogPluginManager: Mounting plugin PerforceSourceControl
LogPluginManager: Mounting plugin SubversionSourceControl
LogPluginManager: Mounting plugin UObjectPlugin
LogPluginManager: Mounting plugin VisualStudioCodeSourceCodeAccess
LogPluginManager: Mounting plugin VisualStudioSourceCodeAccess
LogPluginManager: Mounting plugin XCodeSourceCodeAccess
LogPluginManager: Mounting plugin AssetManagerEditor
LogPluginManager: Mounting plugin CryptoKeys
LogPluginManager: Mounting plugin DataValidation
LogPluginManager: Mounting plugin FacialAnimation
LogPluginManager: Mounting plugin GameplayTagsEditor
LogPluginManager: Mounting plugin MacGraphicsSwitching
LogPluginManager: Mounting plugin MaterialAnalyzer
LogPluginManager: Mounting plugin MobileLauncherProfileWizard
LogPluginManager: Mounting plugin PluginBrowser
LogPluginManager: Mounting plugin SpeedTreeImporter
LogPluginManager: Mounting plugin DatasmithContent
LogPluginManager: Mounting plugin VariantManagerContent
LogPluginManager: Mounting plugin AlembicImporter
LogPluginManager: Mounting plugin AppleImageUtils
LogPluginManager: Mounting plugin AppleVision
LogPluginManager: Mounting plugin BackChannel
LogPluginManager: Mounting plugin CharacterAI
LogPluginManager: Mounting plugin GeometryCache
LogPluginManager: Mounting plugin HTML5Networking
LogPluginManager: Mounting plugin ProxyLODPlugin
LogPluginManager: Mounting plugin SkeletalReduction
LogPluginManager: Mounting plugin MagicLeap
LogPluginManager: Mounting plugin MagicLeapMedia
LogPluginManager: Mounting plugin AndroidMedia
LogPluginManager: Mounting plugin AvfMedia
LogPluginManager: Mounting plugin ImgMedia
LogPluginManager: Mounting plugin LinearTimecode
LogPluginManager: Mounting plugin MediaCompositing
LogPluginManager: Mounting plugin MediaPlayerEditor
LogPluginManager: Mounting plugin WebMMedia
LogPluginManager: Mounting plugin WmfMedia
LogPluginManager: Mounting plugin TcpMessaging
LogPluginManager: Mounting plugin UdpMessaging
LogPluginManager: Mounting plugin ActorSequence
LogPluginManager: Mounting plugin LevelSequenceEditor
LogPluginManager: Mounting plugin MatineeToLevelSequence
LogPluginManager: Mounting plugin NetcodeUnitTest
LogPluginManager: Mounting plugin NUTUnrealEngine4
LogPluginManager: Mounting plugin OnlineSubsystemGooglePlay
LogPluginManager: Mounting plugin OnlineSubsystemIOS
LogPluginManager: Mounting plugin OnlineSubsystem
LogPluginManager: Mounting plugin OnlineSubsystemNull
LogPluginManager: Mounting plugin OnlineSubsystemUtils
LogPluginManager: Mounting plugin LauncherChunkInstaller
LogPluginManager: Mounting plugin AndroidDeviceProfileSelector
LogPluginManager: Mounting plugin AndroidMoviePlayer
LogPluginManager: Mounting plugin AndroidPermission
LogPluginManager: Mounting plugin AppleMoviePlayer
LogPluginManager: Mounting plugin ArchVisCharacter
LogPluginManager: Mounting plugin AudioCapture
LogPluginManager: Mounting plugin CableComponent
LogPluginManager: Mounting plugin CustomMeshComponent
LogPluginManager: Mounting plugin EditableMesh
LogPluginManager: Mounting plugin ExampleDeviceProfileSelector
LogPluginManager: Mounting plugin Firebase
LogPluginManager: Mounting plugin GoogleCloudMessaging
LogPluginManager: Mounting plugin IOSDeviceProfileSelector
LogPluginManager: Mounting plugin LinuxDeviceProfileSelector
LogPluginManager: Mounting plugin LocationServicesBPLibrary
LogPluginManager: Mounting plugin MobilePatchingUtils
LogPluginManager: Mounting plugin OculusVR
LogPluginManager: Mounting plugin PhysXVehicles
LogPluginManager: Mounting plugin ProceduralMeshComponent
LogPluginManager: Mounting plugin RuntimePhysXCooking
LogPluginManager: Mounting plugin SignificanceManager
LogPluginManager: Mounting plugin SteamVR
LogPluginManager: Mounting plugin WebMMoviePlayer
LogPluginManager: Mounting plugin WindowsMixedReality
LogPluginManager: Mounting plugin WindowsMoviePlayer
LogInit: Using libcurl 7.55.1-DEV
LogInit:  - built for x86_64-pc-win32
LogInit:  - supports SSL with OpenSSL/1.1.1
LogInit:  - supports HTTP deflate (compression) using libz 1.2.8
LogInit:  - other features:
LogInit:      CURL_VERSION_SSL
LogInit:      CURL_VERSION_LIBZ
LogInit:      CURL_VERSION_IPV6
LogInit:      CURL_VERSION_ASYNCHDNS
LogInit:      CURL_VERSION_LARGEFILE
LogInit:      CURL_VERSION_IDN
LogInit:  CurlRequestOptions (configurable via config and command line):
LogInit:  - bVerifyPeer = true  - Libcurl will verify peer certificate
LogInit:  - bUseHttpProxy = false  - Libcurl will NOT use HTTP proxy
LogInit:  - bDontReuseConnections = false  - Libcurl will reuse connections
LogInit:  - MaxHostConnections = 16  - Libcurl will limit the number of connections to a host
LogInit:  - LocalHostAddr = Default
LogInit:  - BufferSize = 65536
LogInit: WinSock: version 1.1 (2.2), MaxSocks=32767, MaxUdp=65467
LogInit: Build: ++UE4+Release-4.22-CL-7053642
LogInit: Engine Version: 4.22.3-7053642+++UE4+Release-4.22
LogInit: Compatible Engine Version: 4.22.0-5660361+++UE4+Release-4.22
LogInit: Net CL: 5660361
LogInit: OS: Windows 10 (Release 1903) (), CPU: AMD Ryzen 5 3600 6-Core Processor              , GPU: AMD Radeon RX 5700 XT
LogInit: Compiled (64-bit): Jun 18 2019 03:09:11
LogInit: Compiled with Visual C++: 19.16.27025.01
LogInit: Build Configuration: Development
LogInit: Branch Name: ++UE4+Release-4.22
LogInit: Command Line:  /Game/VirtualRealityBP/Maps/MotionControllerMap -game -PIEVIACONSOLE -ResX=1280 -ResY=720 -Multiprocess -messaging -SessionName="Play in Standalone Game" -nohmd -windowed
LogInit: Base Directory: G:/Unreal/UE_4.22/Engine/Binaries/Win64/
LogInit: Installed Engine Build: 1
LogDevObjectVersion: Number of dev versions registered: 23
LogDevObjectVersion:   Dev-Blueprints (B0D832E4-1F89-4F0D-ACCF-7EB736FD4AA2): 10
LogDevObjectVersion:   Dev-Build (E1C64328-A22C-4D53-A36C-8E866417BD8C): 0
LogDevObjectVersion:   Dev-Core (375EC13C-06E4-48FB-B500-84F0262A717E): 3
LogDevObjectVersion:   Dev-Editor (E4B068ED-F494-42E9-A231-DA0B2E46BB41): 30
LogDevObjectVersion:   Dev-Framework (CFFC743F-43B0-4480-9391-14DF171D2073): 35
LogDevObjectVersion:   Dev-Mobile (B02B49B5-BB20-44E9-A304-32B752E40360): 2
LogDevObjectVersion:   Dev-Networking (A4E4105C-59A1-49B5-A7C5-40C4547EDFEE): 0
LogDevObjectVersion:   Dev-Online (39C831C9-5AE6-47DC-9A44-9C173E1C8E7C): 0
LogDevObjectVersion:   Dev-Physics (78F01B33-EBEA-4F98-B9B4-84EACCB95AA2): 0
LogDevObjectVersion:   Dev-Platform (6631380F-2D4D-43E0-8009-CF276956A95A): 0
LogDevObjectVersion:   Dev-Rendering (12F88B9F-8875-4AFC-A67C-D90C383ABD29): 28
LogDevObjectVersion:   Dev-Sequencer (7B5AE74C-D270-4C10-A958-57980B212A5A): 11
LogDevObjectVersion:   Dev-VR (D7296918-1DD6-4BDD-9DE2-64A83CC13884): 2
LogDevObjectVersion:   Dev-LoadTimes (C2A15278-BFE7-4AFE-6C17-90FF531DF755): 1
LogDevObjectVersion:   Private-Geometry (6EACA3D4-40EC-4CC1-B786-8BED09428FC5): 3
LogDevObjectVersion:   Dev-AnimPhys (29E575DD-E0A3-4627-9D10-D276232CDCEA): 17
LogDevObjectVersion:   Dev-Anim (AF43A65D-7FD3-4947-9873-3E8ED9C1BB05): 2
LogDevObjectVersion:   Dev-ReflectionCapture (6B266CEC-1EC7-4B8F-A30B-E4D90942FC07): 1
LogDevObjectVersion:   Dev-Automation (0DF73D61-A23F-47EA-B727-89E90C41499A): 1
LogDevObjectVersion:   FortniteMain (601D1886-AC64-4F84-AA16-D3DE0DEAC7D6): 25
LogDevObjectVersion:   Dev-Enterprise (9DFFBCD6-494F-0158-E221-12823C92A888): 6
LogDevObjectVersion:   Dev-Niagara (F2AED0AC-9AFE-416F-8664-AA7FFA26D6FC): 1
LogDevObjectVersion:   Dev-Destruction (174F1F0B-B4C6-45A5-B13F-2EE8D0FB917D): 2
LogInit: Presizing for max 16777216 objects, including 0 objects not considered by GC, pre-allocating 0 bytes for permanent pool.
LogInit: Object subsystem initialized
LogConfig: Setting CVar [[con.DebugEarlyDefault:1]]
LogConfig: Setting CVar [[r.setres:1280x720]]
[2020.03.28-23.54.52:643][  0]LogConfig: Setting CVar [[con.DebugEarlyDefault:1]]
[2020.03.28-23.54.52:644][  0]LogConfig: Setting CVar [[r.setres:1280x720]]
[2020.03.28-23.54.52:644][  0]LogConfig: Applying CVar settings from Section [/Script/Engine.RendererSettings] File [G:/Projects/Blood-Ascent/Saved/Config/Windows/Engine.ini]
[2020.03.28-23.54.52:644][  0]LogConfig: Setting CVar [[r.GPUCrashDebugging:0]]
[2020.03.28-23.54.52:644][  0]LogConfig: Setting CVar [[r.MobileHDR:1]]
[2020.03.28-23.54.52:644][  0]LogConfig: Setting CVar [[r.Mobile.DisableVertexFog:1]]
[2020.03.28-23.54.52:644][  0]LogConfig: Setting CVar [[r.Shadow.CSM.MaxMobileCascades:2]]
[2020.03.28-23.54.52:644][  0]LogConfig: Setting CVar [[r.MobileMSAA:1]]
[2020.03.28-23.54.52:644][  0]LogConfig: Setting CVar [[r.Mobile.UseLegacyShadingModel:0]]
[2020.03.28-23.54.52:644][  0]LogConfig: Setting CVar [[r.Mobile.UseHWsRGBEncoding:0]]
[2020.03.28-23.54.52:644][  0]LogConfig: Setting CVar [[r.Mobile.AllowDitheredLODTransition:0]]
[2020.03.28-23.54.52:644][  0]LogConfig: Setting CVar [[r.Mobile.AllowSoftwareOcclusion:0]]
[2020.03.28-23.54.52:644][  0]LogConfig: Setting CVar [[r.DiscardUnusedQuality:0]]
[2020.03.28-23.54.52:644][  0]LogConfig: Setting CVar [[r.AllowOcclusionQueries:1]]
[2020.03.28-23.54.52:644][  0]LogConfig: Setting CVar [[r.MinScreenRadiusForLights:0.030000]]
[2020.03.28-23.54.52:644][  0]LogConfig: Setting CVar [[r.MinScreenRadiusForDepthPrepass:0.030000]]
[2020.03.28-23.54.52:644][  0]LogConfig: Setting CVar [[r.MinScreenRadiusForCSMDepth:0.010000]]
[2020.03.28-23.54.52:644][  0]LogConfig: Setting CVar [[r.PrecomputedVisibilityWarning:0]]
[2020.03.28-23.54.52:644][  0]LogConfig: Setting CVar [[r.TextureStreaming:1]]
[2020.03.28-23.54.52:644][  0]LogConfig: Setting CVar [[Compat.UseDXT5NormalMaps:0]]
[2020.03.28-23.54.52:644][  0]LogConfig: Setting CVar [[r.ClearCoatNormal:0]]
[2020.03.28-23.54.52:644][  0]LogConfig: Setting CVar [[r.ReflectionCaptureResolution:128]]
[2020.03.28-23.54.52:644][  0]LogConfig: Setting CVar [[r.ReflectionEnvironmentLightmapMixBasedOnRoughness:1]]
[2020.03.28-23.54.52:644][  0]LogConfig: Setting CVar [[r.ForwardShading:0]]
[2020.03.28-23.54.52:644][  0]LogConfig: Setting CVar [[r.VertexFoggingForOpaque:1]]
[2020.03.28-23.54.52:644][  0]LogConfig: Setting CVar [[r.AllowStaticLighting:1]]
[2020.03.28-23.54.52:644][  0]LogConfig: Setting CVar [[r.NormalMapsForStaticLighting:0]]
[2020.03.28-23.54.52:644][  0]LogConfig: Setting CVar [[r.GenerateMeshDistanceFields:0]]
[2020.03.28-23.54.52:644][  0]LogConfig: Setting CVar [[r.DistanceFieldBuild.EightBit:0]]
[2020.03.28-23.54.52:644][  0]LogConfig: Setting CVar [[r.GenerateLandscapeGIData:0]]
[2020.03.28-23.54.52:644][  0]LogConfig: Setting CVar [[r.DistanceFieldBuild.Compress:0]]
[2020.03.28-23.54.52:644][  0]LogConfig: Setting CVar [[r.TessellationAdaptivePixelsPerTriangle:48.000000]]
[2020.03.28-23.54.52:644][  0]LogConfig: Setting CVar [[r.SeparateTranslucency:1]]
[2020.03.28-23.54.52:644][  0]LogConfig: Setting CVar [[r.TranslucentSortPolicy:0]]
[2020.03.28-23.54.52:644][  0]LogConfig: Setting CVar [[r.CustomDepth:1]]
[2020.03.28-23.54.52:644][  0]LogConfig: Setting CVar [[r.CustomDepthTemporalAAJitter:1]]
[2020.03.28-23.54.52:644][  0]LogConfig: Setting CVar [[r.PostProcessing.PropagateAlpha:0]]
[2020.03.28-23.54.52:644][  0]LogConfig: Setting CVar [[r.DOF.Algorithm:1]]
[2020.03.28-23.54.52:644][  0]LogConfig: Setting CVar [[r.DefaultFeature.Bloom:1]]
[2020.03.28-23.54.52:644][  0]LogConfig: Setting CVar [[r.DefaultFeature.AmbientOcclusion:0]]
[2020.03.28-23.54.52:644][  0]LogConfig: Setting CVar [[r.DefaultFeature.AmbientOcclusionStaticFraction:0]]
[2020.03.28-23.54.52:644][  0]LogConfig: Setting CVar [[r.DefaultFeature.AutoExposure:0]]
[2020.03.28-23.54.52:644][  0]LogConfig: Setting CVar [[r.DefaultFeature.AutoExposure.Method:0]]
[2020.03.28-23.54.52:644][  0]LogConfig: Setting CVar [[r.DefaultFeature.AutoExposure.ExtendDefaultLuminanceRange:0]]
[2020.03.28-23.54.52:644][  0]LogConfig: Setting CVar [[r.UsePreExposure:0]]
[2020.03.28-23.54.52:644][  0]LogConfig: Setting CVar [[r.DefaultFeature.MotionBlur:0]]
[2020.03.28-23.54.52:644][  0]LogConfig: Setting CVar [[r.DefaultFeature.LensFlare:0]]
[2020.03.28-23.54.52:644][  0]LogConfig: Setting CVar [[r.TemporalAA.Upsampling:0]]
[2020.03.28-23.54.52:644][  0]LogConfig: Setting CVar [[r.DefaultFeature.AntiAliasing:2]]
[2020.03.28-23.54.52:644][  0]LogConfig: Setting CVar [[r.DefaultFeature.LightUnits:1]]
[2020.03.28-23.54.52:644][  0]LogConfig: Setting CVar [[r.DefaultBackBufferPixelFormat:4]]
[2020.03.28-23.54.52:644][  0]LogConfig: Setting CVar [[r.Shadow.UnbuiltPreviewInGame:1]]
[2020.03.28-23.54.52:644][  0]LogConfig: Setting CVar [[r.StencilForLODDither:0]]
[2020.03.28-23.54.52:644][  0]LogConfig: Setting CVar [[r.EarlyZPass:3]]
[2020.03.28-23.54.52:644][  0]LogConfig: Setting CVar [[r.EarlyZPassOnlyMaterialMasking:0]]
[2020.03.28-23.54.52:644][  0]LogConfig: Setting CVar [[r.DBuffer:1]]
[2020.03.28-23.54.52:644][  0]LogConfig: Setting CVar [[r.ClearSceneMethod:1]]
[2020.03.28-23.54.52:644][  0]LogConfig: Setting CVar [[r.BasePassOutputsVelocity:0]]
[2020.03.28-23.54.52:644][  0]LogConfig: Setting CVar [[r.SelectiveBasePassOutputs:0]]
[2020.03.28-23.54.52:644][  0]LogConfig: Setting CVar [[fx.GPUSimulationTextureSizeX:1024]]
[2020.03.28-23.54.52:644][  0]LogConfig: Setting CVar [[fx.GPUSimulationTextureSizeY:1024]]
[2020.03.28-23.54.52:644][  0]LogConfig: Setting CVar [[r.AllowGlobalClipPlane:0]]
[2020.03.28-23.54.52:644][  0]LogConfig: Setting CVar [[r.GBufferFormat:1]]
[2020.03.28-23.54.52:644][  0]LogConfig: Setting CVar [[r.MorphTarget.Mode:1]]
[2020.03.28-23.54.52:644][  0]LogConfig: Setting CVar [[vr.InstancedStereo:1]]
[2020.03.28-23.54.52:644][  0]LogConfig: Setting CVar [[vr.MultiView:0]]
[2020.03.28-23.54.52:644][  0]LogConfig: Setting CVar [[vr.MobileMultiView:0]]
[2020.03.28-23.54.52:644][  0]LogConfig: Setting CVar [[vr.MobileMultiView.Direct:0]]
[2020.03.28-23.54.52:644][  0]LogConfig: Setting CVar [[vr.RoundRobinOcclusion:0]]
[2020.03.28-23.54.52:644][  0]LogConfig: Setting CVar [[vr.ODSCapture:0]]
[2020.03.28-23.54.52:644][  0]LogConfig: Setting CVar [[r.WireframeCullThreshold:5.000000]]
[2020.03.28-23.54.52:644][  0]LogConfig: Setting CVar [[r.RayTracing:0]]
[2020.03.28-23.54.52:644][  0]LogConfig: Setting CVar [[r.SupportStationarySkylight:1]]
[2020.03.28-23.54.52:644][  0]LogConfig: Setting CVar [[r.SupportLowQualityLightmaps:1]]
[2020.03.28-23.54.52:644][  0]LogConfig: Setting CVar [[r.SupportPointLightWholeSceneShadows:1]]
[2020.03.28-23.54.52:644][  0]LogConfig: Setting CVar [[r.SupportAtmosphericFog:1]]
[2020.03.28-23.54.52:644][  0]LogConfig: Setting CVar [[r.SkinCache.CompileShaders:0]]
[2020.03.28-23.54.52:644][  0]LogConfig: Setting CVar [[r.Mobile.EnableStaticAndCSMShadowReceivers:1]]
[2020.03.28-23.54.52:644][  0]LogConfig: Setting CVar [[r.Mobile.EnableMovableLightCSMShaderCulling:1]]
[2020.03.28-23.54.52:644][  0]LogConfig: Setting CVar [[r.Mobile.AllowDistanceFieldShadows:1]]
[2020.03.28-23.54.52:644][  0]LogConfig: Setting CVar [[r.Mobile.AllowMovableDirectionalLights:1]]
[2020.03.28-23.54.52:644][  0]LogConfig: Setting CVar [[r.MobileNumDynamicPointLights:4]]
[2020.03.28-23.54.52:644][  0]LogConfig: Setting CVar [[r.MobileDynamicPointLightsUseStaticBranch:1]]
[2020.03.28-23.54.52:644][  0]LogConfig: Setting CVar [[r.Mobile.EnableMovableSpotlights:0]]
[2020.03.28-23.54.52:644][  0]LogConfig: Setting CVar [[r.SkinCache.SceneMemoryLimitInMB:128.000000]]
[2020.03.28-23.54.52:645][  0]LogConfig: Setting CVar [[r.GPUSkin.Limit2BoneInfluences:0]]
[2020.03.28-23.54.52:645][  0]LogConfig: Setting CVar [[r.SupportDepthOnlyIndexBuffers:1]]
[2020.03.28-23.54.52:645][  0]LogConfig: Setting CVar [[r.SupportReversedIndexBuffers:1]]
[2020.03.28-23.54.52:645][  0]LogConfig: Setting CVar [[r.SupportMaterialLayers:0]]
[2020.03.28-23.54.52:645][  0]LogConfig: Applying CVar settings from Section [/Script/Engine.RendererOverrideSettings] File [G:/Projects/Blood-Ascent/Saved/Config/Windows/Engine.ini]
[2020.03.28-23.54.52:645][  0]LogConfig: Applying CVar settings from Section [/Script/Engine.StreamingSettings] File [G:/Projects/Blood-Ascent/Saved/Config/Windows/Engine.ini]
[2020.03.28-23.54.52:645][  0]LogConfig: Setting CVar [[s.MinBulkDataSizeForAsyncLoading:131072]]
[2020.03.28-23.54.52:645][  0]LogConfig: Setting CVar [[s.AsyncLoadingThreadEnabled:0]]
[2020.03.28-23.54.52:645][  0]LogConfig: Setting CVar [[s.EventDrivenLoaderEnabled:1]]
[2020.03.28-23.54.52:645][  0]LogConfig: Setting CVar [[s.WarnIfTimeLimitExceeded:0]]
[2020.03.28-23.54.52:645][  0]LogConfig: Setting CVar [[s.TimeLimitExceededMultiplier:1.5]]
[2020.03.28-23.54.52:645][  0]LogConfig: Setting CVar [[s.TimeLimitExceededMinTime:0.005]]
[2020.03.28-23.54.52:645][  0]LogConfig: Setting CVar [[s.UseBackgroundLevelStreaming:1]]
[2020.03.28-23.54.52:645][  0]LogConfig: Setting CVar [[s.PriorityAsyncLoadingExtraTime:15.0]]
[2020.03.28-23.54.52:645][  0]LogConfig: Setting CVar [[s.LevelStreamingActorsUpdateTimeLimit:5.0]]
[2020.03.28-23.54.52:645][  0]LogConfig: Setting CVar [[s.PriorityLevelStreamingActorsUpdateExtraTime:5.0]]
[2020.03.28-23.54.52:645][  0]LogConfig: Setting CVar [[s.LevelStreamingComponentsRegistrationGranularity:10]]
[2020.03.28-23.54.52:645][  0]LogConfig: Setting CVar [[s.UnregisterComponentsTimeLimit:1.0]]
[2020.03.28-23.54.52:645][  0]LogConfig: Setting CVar [[s.LevelStreamingComponentsUnregistrationGranularity:5]]
[2020.03.28-23.54.52:645][  0]LogConfig: Applying CVar settings from Section [/Script/Engine.GarbageCollectionSettings] File [G:/Projects/Blood-Ascent/Saved/Config/Windows/Engine.ini]
[2020.03.28-23.54.52:645][  0]LogConfig: Setting CVar [[gc.MaxObjectsNotConsideredByGC:1]]
[2020.03.28-23.54.52:645][  0]LogConfig: Setting CVar [[gc.SizeOfPermanentObjectPool:0]]
[2020.03.28-23.54.52:645][  0]LogConfig: Setting CVar [[gc.FlushStreamingOnGC:0]]
[2020.03.28-23.54.52:645][  0]LogConfig: Setting CVar [[gc.NumRetriesBeforeForcingGC:10]]
[2020.03.28-23.54.52:645][  0]LogConfig: Setting CVar [[gc.AllowParallelGC:1]]
[2020.03.28-23.54.52:645][  0]LogConfig: Setting CVar [[gc.TimeBetweenPurgingPendingKillObjects:61.1]]
[2020.03.28-23.54.52:645][  0]LogConfig: Setting CVar [[gc.MaxObjectsInEditor:16777216]]
[2020.03.28-23.54.52:645][  0]LogConfig: Setting CVar [[gc.IncrementalBeginDestroyEnabled:1]]
[2020.03.28-23.54.52:645][  0]LogConfig: Setting CVar [[gc.CreateGCClusters:1]]
[2020.03.28-23.54.52:645][  0]LogConfig: Setting CVar [[gc.MinGCClusterSize:5]]
[2020.03.28-23.54.52:645][  0]LogConfig: Setting CVar [[gc.ActorClusteringEnabled:0]]
[2020.03.28-23.54.52:645][  0]LogConfig: Setting CVar [[gc.BlueprintClusteringEnabled:0]]
[2020.03.28-23.54.52:645][  0]LogConfig: Setting CVar [[gc.UseDisregardForGCOnDedicatedServers:0]]
[2020.03.28-23.54.52:645][  0]LogConfig: Applying CVar settings from Section [/Script/Engine.NetworkSettings] File [G:/Projects/Blood-Ascent/Saved/Config/Windows/Engine.ini]
[2020.03.28-23.54.52:645][  0]LogConfig: Applying CVar settings from Section [/Script/UnrealEd.CookerSettings] File [G:/Projects/Blood-Ascent/Saved/Config/Windows/Engine.ini]
[2020.03.28-23.54.52:664][  0]LogConfig: Applying CVar settings from Section [ViewDistanceQuality@3] File [G:/Projects/Blood-Ascent/Saved/Config/Windows/Scalability.ini]
[2020.03.28-23.54.52:664][  0]LogConfig: Setting CVar [[r.SkeletalMeshLODBias:0]]
[2020.03.28-23.54.52:664][  0]LogConfig: Setting CVar [[r.ViewDistanceScale:1.0]]
[2020.03.28-23.54.52:664][  0]LogConfig: Applying CVar settings from Section [AntiAliasingQuality@3] File [G:/Projects/Blood-Ascent/Saved/Config/Windows/Scalability.ini]
[2020.03.28-23.54.52:664][  0]LogConfig: Setting CVar [[r.PostProcessAAQuality:3]]
[2020.03.28-23.54.52:664][  0]LogConfig: Applying CVar settings from Section [ShadowQuality@3] File [G:/Projects/Blood-Ascent/Saved/Config/Windows/Scalability.ini]
[2020.03.28-23.54.52:664][  0]LogConfig: Setting CVar [[r.LightFunctionQuality:1]]
[2020.03.28-23.54.52:664][  0]LogConfig: Setting CVar [[r.ShadowQuality:5]]
[2020.03.28-23.54.52:664][  0]LogConfig: Setting CVar [[r.Shadow.CSM.MaxCascades:10]]
[2020.03.28-23.54.52:664][  0]LogConfig: Setting CVar [[r.Shadow.MaxResolution:2048]]
[2020.03.28-23.54.52:664][  0]LogConfig: Setting CVar [[r.Shadow.MaxCSMResolution:2048]]
[2020.03.28-23.54.52:664][  0]LogConfig: Setting CVar [[r.Shadow.RadiusThreshold:0.01]]
[2020.03.28-23.54.52:664][  0]LogConfig: Setting CVar [[r.Shadow.DistanceScale:1.0]]
[2020.03.28-23.54.52:664][  0]LogConfig: Setting CVar [[r.Shadow.CSM.TransitionScale:1.0]]
[2020.03.28-23.54.52:664][  0]LogConfig: Setting CVar [[r.Shadow.PreShadowResolutionFactor:1.0]]
[2020.03.28-23.54.52:664][  0]LogConfig: Setting CVar [[r.DistanceFieldShadowing:1]]
[2020.03.28-23.54.52:664][  0]LogConfig: Setting CVar [[r.DistanceFieldAO:1]]
[2020.03.28-23.54.52:664][  0]LogConfig: Setting CVar [[r.AOQuality:2]]
[2020.03.28-23.54.52:664][  0]LogConfig: Setting CVar [[r.VolumetricFog:1]]
[2020.03.28-23.54.52:665][  0]LogConfig: Setting CVar [[r.VolumetricFog.GridPixelSize:8]]
[2020.03.28-23.54.52:665][  0]LogConfig: Setting CVar [[r.VolumetricFog.GridSizeZ:128]]
[2020.03.28-23.54.52:665][  0]LogConfig: Setting CVar [[r.VolumetricFog.HistoryMissSupersampleCount:4]]
[2020.03.28-23.54.52:665][  0]LogConfig: Setting CVar [[r.LightMaxDrawDistanceScale:1]]
[2020.03.28-23.54.52:665][  0]LogConfig: Setting CVar [[r.CapsuleShadows:1]]
[2020.03.28-23.54.52:665][  0]LogConfig: Applying CVar settings from Section [PostProcessQuality@3] File [G:/Projects/Blood-Ascent/Saved/Config/Windows/Scalability.ini]
[2020.03.28-23.54.52:665][  0]LogConfig: Setting CVar [[r.MotionBlurQuality:0]]
[2020.03.28-23.54.52:665][  0]LogConfig: Setting CVar [[r.AmbientOcclusionMipLevelFactor:0.4]]
[2020.03.28-23.54.52:665][  0]LogConfig: Setting CVar [[r.AmbientOcclusionMaxQuality:100]]
[2020.03.28-23.54.52:665][  0]LogConfig: Setting CVar [[r.AmbientOcclusionLevels:0]]
[2020.03.28-23.54.52:665][  0]LogConfig: Setting CVar [[r.AmbientOcclusionRadiusScale:1.0]]
[2020.03.28-23.54.52:665][  0]LogConfig: Setting CVar [[r.DepthOfFieldQuality:0]]
[2020.03.28-23.54.52:665][  0]LogConfig: Setting CVar [[r.RenderTargetPoolMin:400]]
[2020.03.28-23.54.52:665][  0]LogConfig: Setting CVar [[r.LensFlareQuality:0]]
[2020.03.28-23.54.52:665][  0]LogConfig: Setting CVar [[r.SceneColorFringeQuality:0]]
[2020.03.28-23.54.52:665][  0]LogConfig: Setting CVar [[r.EyeAdaptationQuality:2]]
[2020.03.28-23.54.52:665][  0]LogConfig: Setting CVar [[r.BloomQuality:1]]
[2020.03.28-23.54.52:665][  0]LogConfig: Setting CVar [[r.FastBlurThreshold:0]]
[2020.03.28-23.54.52:665][  0]LogConfig: Setting CVar [[r.Upscale.Quality:3]]
[2020.03.28-23.54.52:665][  0]LogConfig: Setting CVar [[r.Tonemapper.GrainQuantization:1]]
[2020.03.28-23.54.52:665][  0]LogConfig: Setting CVar [[r.LightShaftQuality:1]]
[2020.03.28-23.54.52:665][  0]LogConfig: Setting CVar [[r.Filter.SizeScale:1]]
[2020.03.28-23.54.52:665][  0]LogConfig: Setting CVar [[r.Tonemapper.Quality:5]]
[2020.03.28-23.54.52:665][  0]LogConfig: Setting CVar [[r.DOF.Gather.AccumulatorQuality:1        ; higher gathering accumulator quality]]
[2020.03.28-23.54.52:665][  0]LogConfig: Setting CVar [[r.DOF.Gather.PostfilterMethod:1          ; Median3x3 postfilering method]]
[2020.03.28-23.54.52:665][  0]LogConfig: Setting CVar [[r.DOF.Gather.EnableBokehSettings:0       ; no bokeh simulation when gathering]]
[2020.03.28-23.54.52:665][  0]LogConfig: Setting CVar [[r.DOF.Gather.RingCount:4                 ; medium number of samples when gathering]]
[2020.03.28-23.54.52:665][  0]LogConfig: Setting CVar [[r.DOF.Scatter.ForegroundCompositing:1    ; additive foreground scattering]]
[2020.03.28-23.54.52:665][  0]LogConfig: Setting CVar [[r.DOF.Scatter.BackgroundCompositing:2    ; additive background scattering]]
[2020.03.28-23.54.52:665][  0]LogConfig: Setting CVar [[r.DOF.Scatter.EnableBokehSettings:1      ; bokeh simulation when scattering]]
[2020.03.28-23.54.52:665][  0]LogConfig: Setting CVar [[r.DOF.Scatter.MaxSpriteRatio:0.1         ; only a maximum of 10% of scattered bokeh]]
[2020.03.28-23.54.52:665][  0]LogConfig: Setting CVar [[r.DOF.Recombine.Quality:1                ; cheap slight out of focus]]
[2020.03.28-23.54.52:665][  0]LogConfig: Setting CVar [[r.DOF.Recombine.EnableBokehSettings:0    ; no bokeh simulation on slight out of focus]]
[2020.03.28-23.54.52:665][  0]LogConfig: Setting CVar [[r.DOF.TemporalAAQuality:1                ; more stable temporal accumulation]]
[2020.03.28-23.54.52:665][  0]LogConfig: Setting CVar [[r.DOF.Kernel.MaxForegroundRadius:0.025]]
[2020.03.28-23.54.52:665][  0]LogConfig: Setting CVar [[r.DOF.Kernel.MaxBackgroundRadius:0.025]]
[2020.03.28-23.54.52:665][  0]LogConfig: Applying CVar settings from Section [TextureQuality@3] File [G:/Projects/Blood-Ascent/Saved/Config/Windows/Scalability.ini]
[2020.03.28-23.54.52:665][  0]LogConfig: Setting CVar [[r.Streaming.MipBias:0]]
[2020.03.28-23.54.52:665][  0]LogConfig: Setting CVar [[r.Streaming.AmortizeCPUToGPUCopy:0]]
[2020.03.28-23.54.52:665][  0]LogConfig: Setting CVar [[r.Streaming.MaxNumTexturesToStreamPerFrame:0]]
[2020.03.28-23.54.52:665][  0]LogConfig: Setting CVar [[r.Streaming.Boost:1]]
[2020.03.28-23.54.52:665][  0]LogConfig: Setting CVar [[r.MaxAnisotropy:8]]
[2020.03.28-23.54.52:665][  0]LogConfig: Setting CVar [[r.Streaming.LimitPoolSizeToVRAM:0]]
[2020.03.28-23.54.52:665][  0]LogConfig: Setting CVar [[r.Streaming.PoolSize:1000]]
[2020.03.28-23.54.52:665][  0]LogConfig: Setting CVar [[r.Streaming.MaxEffectiveScreenSize:0]]
[2020.03.28-23.54.52:665][  0]LogConfig: Applying CVar settings from Section [EffectsQuality@3] File [G:/Projects/Blood-Ascent/Saved/Config/Windows/Scalability.ini]
[2020.03.28-23.54.52:665][  0]LogConfig: Setting CVar [[r.TranslucencyLightingVolumeDim:4]]
[2020.03.28-23.54.52:665][  0]LogConfig: Setting CVar [[r.RefractionQuality:2]]
[2020.03.28-23.54.52:665][  0]LogConfig: Setting CVar [[r.SSR.Quality:0]]
[2020.03.28-23.54.52:665][  0]LogConfig: Setting CVar [[r.SceneColorFormat:2]]
[2020.03.28-23.54.52:665][  0]LogConfig: Setting CVar [[r.DetailMode:2]]
[2020.03.28-23.54.52:665][  0]LogConfig: Setting CVar [[r.TranslucencyVolumeBlur:0]]
[2020.03.28-23.54.52:665][  0]LogConfig: Setting CVar [[r.MaterialQualityLevel:1 ; High quality]]
[2020.03.28-23.54.52:665][  0]LogConfig: Setting CVar [[r.SSS.Scale:1]]
[2020.03.28-23.54.52:665][  0]LogConfig: Setting CVar [[r.SSS.SampleSet:2]]
[2020.03.28-23.54.52:665][  0]LogConfig: Setting CVar [[r.SSS.Quality:1]]
[2020.03.28-23.54.52:665][  0]LogConfig: Setting CVar [[r.SSS.HalfRes:1]]
[2020.03.28-23.54.52:665][  0]LogConfig: Setting CVar [[r.EmitterSpawnRateScale:1.0]]
[2020.03.28-23.54.52:665][  0]LogConfig: Setting CVar [[r.ParticleLightQuality:2]]
[2020.03.28-23.54.52:665][  0]LogConfig: Applying CVar settings from Section [FoliageQuality@3] File [G:/Projects/Blood-Ascent/Saved/Config/Windows/Scalability.ini]
[2020.03.28-23.54.52:665][  0]LogConfig: Setting CVar [[foliage.DensityScale:1.0]]
[2020.03.28-23.54.52:665][  0]LogConfig: Setting CVar [[grass.DensityScale:1.0]]
[2020.03.28-23.54.52:665][  0]LogInit: Selected Device Profile: [Windows]
[2020.03.28-23.54.52:665][  0]LogInit: Applying CVar settings loaded from the selected device profile: [Windows]
[2020.03.28-23.54.52:669][  0]LogHAL: Display: Platform has ~ 16 GB [17128382464 / 17179869184 / 16], which maps to Larger [LargestMinGB=32, LargerMinGB=12, DefaultMinGB=8, SmallerMinGB=6, SmallestMinGB=0)
[2020.03.28-23.54.52:669][  0]LogConfig: Setting CVar [[r.Vulkan.UseRealUBs:0		; Required until we fix HLR fall-out]]
[2020.03.28-23.54.52:669][  0]LogInit: Going up to parent DeviceProfile []
[2020.03.28-23.54.52:669][  0]LogConfig: Applying CVar settings from Section [ViewDistanceQuality@3] File [G:/Projects/Blood-Ascent/Saved/Config/Windows/Scalability.ini]
[2020.03.28-23.54.52:669][  0]LogConfig: Setting CVar [[r.SkeletalMeshLODBias:0]]
[2020.03.28-23.54.52:669][  0]LogConfig: Setting CVar [[r.ViewDistanceScale:1.0]]
[2020.03.28-23.54.52:669][  0]LogConfig: Applying CVar settings from Section [AntiAliasingQuality@3] File [G:/Projects/Blood-Ascent/Saved/Config/Windows/Scalability.ini]
[2020.03.28-23.54.52:669][  0]LogConfig: Setting CVar [[r.PostProcessAAQuality:3]]
[2020.03.28-23.54.52:669][  0]LogConfig: Applying CVar settings from Section [ShadowQuality@3] File [G:/Projects/Blood-Ascent/Saved/Config/Windows/Scalability.ini]
[2020.03.28-23.54.52:669][  0]LogConfig: Setting CVar [[r.LightFunctionQuality:1]]
[2020.03.28-23.54.52:669][  0]LogConfig: Setting CVar [[r.ShadowQuality:5]]
[2020.03.28-23.54.52:669][  0]LogConfig: Setting CVar [[r.Shadow.CSM.MaxCascades:10]]
[2020.03.28-23.54.52:669][  0]LogConfig: Setting CVar [[r.Shadow.MaxResolution:2048]]
[2020.03.28-23.54.52:669][  0]LogConfig: Setting CVar [[r.Shadow.MaxCSMResolution:2048]]
[2020.03.28-23.54.52:669][  0]LogConfig: Setting CVar [[r.Shadow.RadiusThreshold:0.01]]
[2020.03.28-23.54.52:669][  0]LogConfig: Setting CVar [[r.Shadow.DistanceScale:1.0]]
[2020.03.28-23.54.52:669][  0]LogConfig: Setting CVar [[r.Shadow.CSM.TransitionScale:1.0]]
[2020.03.28-23.54.52:669][  0]LogConfig: Setting CVar [[r.Shadow.PreShadowResolutionFactor:1.0]]
[2020.03.28-23.54.52:669][  0]LogConfig: Setting CVar [[r.DistanceFieldShadowing:1]]
[2020.03.28-23.54.52:669][  0]LogConfig: Setting CVar [[r.DistanceFieldAO:1]]
[2020.03.28-23.54.52:669][  0]LogConfig: Setting CVar [[r.AOQuality:2]]
[2020.03.28-23.54.52:669][  0]LogConfig: Setting CVar [[r.VolumetricFog:1]]
[2020.03.28-23.54.52:669][  0]LogConfig: Setting CVar [[r.VolumetricFog.GridPixelSize:8]]
[2020.03.28-23.54.52:669][  0]LogConfig: Setting CVar [[r.VolumetricFog.GridSizeZ:128]]
[2020.03.28-23.54.52:669][  0]LogConfig: Setting CVar [[r.VolumetricFog.HistoryMissSupersampleCount:4]]
[2020.03.28-23.54.52:669][  0]LogConfig: Setting CVar [[r.LightMaxDrawDistanceScale:1]]
[2020.03.28-23.54.52:669][  0]LogConfig: Setting CVar [[r.CapsuleShadows:1]]
[2020.03.28-23.54.52:669][  0]LogConfig: Applying CVar settings from Section [PostProcessQuality@3] File [G:/Projects/Blood-Ascent/Saved/Config/Windows/Scalability.ini]
[2020.03.28-23.54.52:669][  0]LogConfig: Setting CVar [[r.MotionBlurQuality:0]]
[2020.03.28-23.54.52:669][  0]LogConfig: Setting CVar [[r.AmbientOcclusionMipLevelFactor:0.4]]
[2020.03.28-23.54.52:669][  0]LogConfig: Setting CVar [[r.AmbientOcclusionMaxQuality:100]]
[2020.03.28-23.54.52:669][  0]LogConfig: Setting CVar [[r.AmbientOcclusionLevels:0]]
[2020.03.28-23.54.52:669][  0]LogConfig: Setting CVar [[r.AmbientOcclusionRadiusScale:1.0]]
[2020.03.28-23.54.52:669][  0]LogConfig: Setting CVar [[r.DepthOfFieldQuality:0]]
[2020.03.28-23.54.52:669][  0]LogConfig: Setting CVar [[r.RenderTargetPoolMin:400]]
[2020.03.28-23.54.52:669][  0]LogConfig: Setting CVar [[r.LensFlareQuality:0]]
[2020.03.28-23.54.52:669][  0]LogConfig: Setting CVar [[r.SceneColorFringeQuality:0]]
[2020.03.28-23.54.52:669][  0]LogConfig: Setting CVar [[r.EyeAdaptationQuality:2]]
[2020.03.28-23.54.52:669][  0]LogConfig: Setting CVar [[r.BloomQuality:1]]
[2020.03.28-23.54.52:669][  0]LogConfig: Setting CVar [[r.FastBlurThreshold:0]]
[2020.03.28-23.54.52:669][  0]LogConfig: Setting CVar [[r.Upscale.Quality:3]]
[2020.03.28-23.54.52:669][  0]LogConfig: Setting CVar [[r.Tonemapper.GrainQuantization:1]]
[2020.03.28-23.54.52:669][  0]LogConfig: Setting CVar [[r.LightShaftQuality:1]]
[2020.03.28-23.54.52:669][  0]LogConfig: Setting CVar [[r.Filter.SizeScale:1]]
[2020.03.28-23.54.52:669][  0]LogConfig: Setting CVar [[r.Tonemapper.Quality:5]]
[2020.03.28-23.54.52:669][  0]LogConfig: Setting CVar [[r.DOF.Gather.AccumulatorQuality:1        ; higher gathering accumulator quality]]
[2020.03.28-23.54.52:669][  0]LogConfig: Setting CVar [[r.DOF.Gather.PostfilterMethod:1          ; Median3x3 postfilering method]]
[2020.03.28-23.54.52:670][  0]LogConfig: Setting CVar [[r.DOF.Gather.EnableBokehSettings:0       ; no bokeh simulation when gathering]]
[2020.03.28-23.54.52:670][  0]LogConfig: Setting CVar [[r.DOF.Gather.RingCount:4                 ; medium number of samples when gathering]]
[2020.03.28-23.54.52:670][  0]LogConfig: Setting CVar [[r.DOF.Scatter.ForegroundCompositing:1    ; additive foreground scattering]]
[2020.03.28-23.54.52:670][  0]LogConfig: Setting CVar [[r.DOF.Scatter.BackgroundCompositing:2    ; additive background scattering]]
[2020.03.28-23.54.52:670][  0]LogConfig: Setting CVar [[r.DOF.Scatter.EnableBokehSettings:1      ; bokeh simulation when scattering]]
[2020.03.28-23.54.52:670][  0]LogConfig: Setting CVar [[r.DOF.Scatter.MaxSpriteRatio:0.1         ; only a maximum of 10% of scattered bokeh]]
[2020.03.28-23.54.52:670][  0]LogConfig: Setting CVar [[r.DOF.Recombine.Quality:1                ; cheap slight out of focus]]
[2020.03.28-23.54.52:670][  0]LogConfig: Setting CVar [[r.DOF.Recombine.EnableBokehSettings:0    ; no bokeh simulation on slight out of focus]]
[2020.03.28-23.54.52:670][  0]LogConfig: Setting CVar [[r.DOF.TemporalAAQuality:1                ; more stable temporal accumulation]]
[2020.03.28-23.54.52:670][  0]LogConfig: Setting CVar [[r.DOF.Kernel.MaxForegroundRadius:0.025]]
[2020.03.28-23.54.52:670][  0]LogConfig: Setting CVar [[r.DOF.Kernel.MaxBackgroundRadius:0.025]]
[2020.03.28-23.54.52:670][  0]LogConfig: Applying CVar settings from Section [TextureQuality@3] File [G:/Projects/Blood-Ascent/Saved/Config/Windows/Scalability.ini]
[2020.03.28-23.54.52:670][  0]LogConfig: Setting CVar [[r.Streaming.MipBias:0]]
[2020.03.28-23.54.52:670][  0]LogConfig: Setting CVar [[r.Streaming.AmortizeCPUToGPUCopy:0]]
[2020.03.28-23.54.52:670][  0]LogConfig: Setting CVar [[r.Streaming.MaxNumTexturesToStreamPerFrame:0]]
[2020.03.28-23.54.52:670][  0]LogConfig: Setting CVar [[r.Streaming.Boost:1]]
[2020.03.28-23.54.52:670][  0]LogConfig: Setting CVar [[r.MaxAnisotropy:8]]
[2020.03.28-23.54.52:670][  0]LogConfig: Setting CVar [[r.Streaming.LimitPoolSizeToVRAM:0]]
[2020.03.28-23.54.52:670][  0]LogConfig: Setting CVar [[r.Streaming.PoolSize:1000]]
[2020.03.28-23.54.52:670][  0]LogConfig: Setting CVar [[r.Streaming.MaxEffectiveScreenSize:0]]
[2020.03.28-23.54.52:670][  0]LogConfig: Applying CVar settings from Section [EffectsQuality@3] File [G:/Projects/Blood-Ascent/Saved/Config/Windows/Scalability.ini]
[2020.03.28-23.54.52:670][  0]LogConfig: Setting CVar [[r.TranslucencyLightingVolumeDim:4]]
[2020.03.28-23.54.52:670][  0]LogConfig: Setting CVar [[r.RefractionQuality:2]]
[2020.03.28-23.54.52:670][  0]LogConfig: Setting CVar [[r.SSR.Quality:0]]
[2020.03.28-23.54.52:670][  0]LogConfig: Setting CVar [[r.SceneColorFormat:2]]
[2020.03.28-23.54.52:670][  0]LogConfig: Setting CVar [[r.DetailMode:2]]
[2020.03.28-23.54.52:670][  0]LogConfig: Setting CVar [[r.TranslucencyVolumeBlur:0]]
[2020.03.28-23.54.52:670][  0]LogConfig: Setting CVar [[r.MaterialQualityLevel:1 ; High quality]]
[2020.03.28-23.54.52:670][  0]LogConfig: Setting CVar [[r.SSS.Scale:1]]
[2020.03.28-23.54.52:670][  0]LogConfig: Setting CVar [[r.SSS.SampleSet:2]]
[2020.03.28-23.54.52:670][  0]LogConfig: Setting CVar [[r.SSS.Quality:1]]
[2020.03.28-23.54.52:670][  0]LogConfig: Setting CVar [[r.SSS.HalfRes:1]]
[2020.03.28-23.54.52:670][  0]LogConfig: Setting CVar [[r.EmitterSpawnRateScale:1.0]]
[2020.03.28-23.54.52:670][  0]LogConfig: Setting CVar [[r.ParticleLightQuality:2]]
[2020.03.28-23.54.52:670][  0]LogConfig: Applying CVar settings from Section [FoliageQuality@3] File [G:/Projects/Blood-Ascent/Saved/Config/Windows/Scalability.ini]
[2020.03.28-23.54.52:670][  0]LogConfig: Setting CVar [[foliage.DensityScale:1.0]]
[2020.03.28-23.54.52:670][  0]LogConfig: Setting CVar [[grass.DensityScale:1.0]]
[2020.03.28-23.54.52:670][  0]LogConfig: Applying CVar settings from Section [Startup] File [../../../Engine/Config/ConsoleVariables.ini]
[2020.03.28-23.54.52:670][  0]LogConfig: Setting CVar [[net.UseAdaptiveNetUpdateFrequency:0]]
[2020.03.28-23.54.52:670][  0]LogConfig: Setting CVar [[p.chaos.AllowCreatePhysxBodies:1]]
[2020.03.28-23.54.52:670][  0]LogConfig: Applying CVar settings from Section [ConsoleVariables] File [G:/Projects/Blood-Ascent/Saved/Config/Windows/Engine.ini]
[2020.03.28-23.54.52:670][  0]LogInit: Computer: DESKTOP-9AMA8D2
[2020.03.28-23.54.52:670][  0]LogInit: User: Lee
[2020.03.28-23.54.52:670][  0]LogInit: CPU Page size=4096, Cores=6
[2020.03.28-23.54.52:670][  0]LogInit: High frequency timer resolution =10.000000 MHz
[2020.03.28-23.54.52:671][  0]LogMemory: Memory total: Physical=16.0GB (16GB approx)
[2020.03.28-23.54.52:671][  0]LogMemory: Platform Memory Stats for Windows
[2020.03.28-23.54.52:671][  0]LogMemory: Process Physical Memory: 99.75 MB used, 99.75 MB peak
[2020.03.28-23.54.52:671][  0]LogMemory: Process Virtual Memory: 88.07 MB used, 88.07 MB peak
[2020.03.28-23.54.52:671][  0]LogMemory: Physical Memory: 10220.93 MB used,  6113.96 MB free, 16334.90 MB total
[2020.03.28-23.54.52:671][  0]LogMemory: Virtual Memory: 4671.65 MB used,  134213056.00 MB free, 134217728.00 MB total
[2020.03.28-23.54.52:681][  0]LogInit: Using OS detected language (en-GB).
[2020.03.28-23.54.52:681][  0]LogInit: Using OS detected locale (en-GB).
[2020.03.28-23.54.52:681][  0]LogTextLocalizationManager: No specific localization for 'en-GB' exists, so the 'en' localization will be used.
[2020.03.28-23.54.52:871][  0]LogSlate: New Slate User Created.  User Index 0, Is Virtual User: 0
[2020.03.28-23.54.52:871][  0]LogSlate: Slate User Registered.  User Index 0, Is Virtual User: 0
[2020.03.28-23.54.53:028][  0]LogD3D11RHI: D3D11 adapters:
[2020.03.28-23.54.53:059][  0]LogD3D11RHI:    0. 'AMD Radeon RX 5700 XT' (Feature Level 11_0)
[2020.03.28-23.54.53:059][  0]LogD3D11RHI:       8151/0/8167 MB DedicatedVideo/DedicatedSystem/SharedSystem, Outputs:4, VendorId:0x1002
[2020.03.28-23.54.53:061][  0]LogD3D11RHI:    1. 'Microsoft Basic Render Driver' (Feature Level 11_0)
[2020.03.28-23.54.53:061][  0]LogD3D11RHI:       0/0/8167 MB DedicatedVideo/DedicatedSystem/SharedSystem, Outputs:0, VendorId:0x1414
[2020.03.28-23.54.53:063][  0]LogD3D11RHI:    2. 'Microsoft Basic Render Driver' (Feature Level 11_0)
[2020.03.28-23.54.53:063][  0]LogD3D11RHI:       0/0/8167 MB DedicatedVideo/DedicatedSystem/SharedSystem, Outputs:0, VendorId:0x1414
[2020.03.28-23.54.53:063][  0]LogD3D11RHI: Chosen D3D11 Adapter: 0
[2020.03.28-23.54.53:070][  0]LogD3D11RHI: Creating new Direct3DDevice
[2020.03.28-23.54.53:070][  0]LogD3D11RHI:     GPU DeviceId: 0x731f (for the marketing name, search the web for "GPU Device Id")
[2020.03.28-23.54.53:070][  0]LogWindows: EnumDisplayDevices:
[2020.03.28-23.54.53:070][  0]LogWindows:    0. 'AMD Radeon RX 5700 XT' (P:1 D:1)
[2020.03.28-23.54.53:071][  0]LogWindows:    1. 'AMD Radeon RX 5700 XT' (P:0 D:0)
[2020.03.28-23.54.53:071][  0]LogWindows:    2. 'AMD Radeon RX 5700 XT' (P:0 D:0)
[2020.03.28-23.54.53:071][  0]LogWindows:    3. 'AMD Radeon RX 5700 XT' (P:0 D:0)
[2020.03.28-23.54.53:071][  0]LogWindows:    4. 'AMD Radeon RX 5700 XT' (P:0 D:0)
[2020.03.28-23.54.53:072][  0]LogWindows:    5. 'AMD Radeon RX 5700 XT' (P:0 D:0)
[2020.03.28-23.54.53:072][  0]LogWindows:    6. 'AMD Radeon RX 5700 XT' (P:0 D:0)
[2020.03.28-23.54.53:072][  0]LogWindows:    7. 'AMD Radeon RX 5700 XT' (P:0 D:0)
[2020.03.28-23.54.53:072][  0]LogWindows:    8. 'Virtual Display Adapter' (P:0 D:1)
[2020.03.28-23.54.53:073][  0]LogWindows:    9. 'Virtual Display Adapter' (P:0 D:1)
[2020.03.28-23.54.53:073][  0]LogWindows:    10. 'Virtual Display Adapter' (P:0 D:1)
[2020.03.28-23.54.53:073][  0]LogWindows:    11. 'Virtual Display Adapter' (P:0 D:0)
[2020.03.28-23.54.53:073][  0]LogWindows:    12. 'Virtual Display Adapter' (P:0 D:0)
[2020.03.28-23.54.53:073][  0]LogWindows:    13. 'Virtual Display Adapter' (P:0 D:0)
[2020.03.28-23.54.53:073][  0]LogWindows:    14. 'Virtual Display Adapter' (P:0 D:0)
[2020.03.28-23.54.53:073][  0]LogWindows:    15. 'Virtual Display Adapter' (P:0 D:0)
[2020.03.28-23.54.53:074][  0]LogWindows:    16. 'Virtual Display Adapter' (P:0 D:0)
[2020.03.28-23.54.53:074][  0]LogWindows:    17. 'Virtual Display Adapter' (P:0 D:0)
[2020.03.28-23.54.53:074][  0]LogWindows:    18. 'Virtual Display Adapter' (P:0 D:0)
[2020.03.28-23.54.53:074][  0]LogWindows:    19. 'Virtual Display Adapter' (P:0 D:0)
[2020.03.28-23.54.53:074][  0]LogWindows:    20. 'Virtual Display Adapter' (P:0 D:0)
[2020.03.28-23.54.53:074][  0]LogWindows:    21. 'Virtual Display Adapter' (P:0 D:0)
[2020.03.28-23.54.53:074][  0]LogWindows:    22. 'Virtual Display Adapter' (P:0 D:0)
[2020.03.28-23.54.53:075][  0]LogWindows:    23. 'Virtual Display Adapter' (P:0 D:0)
[2020.03.28-23.54.53:075][  0]LogWindows: DebugString: GetVideoDriverDetailsInvalid PrimaryIsNotTheChoosenAdapter GetVideoDriverDetailsInvalid PrimaryIsNotTheChoosenAdapter GetVideoDriverDetailsInvalid PrimaryIsNotTheChoosenAdapter GetVideoDriverDetailsInvalid PrimaryIsNotTheChoosenAdapter GetVideoDriverDetailsInvalid PrimaryIsNotTheChoosenAdapter GetVideoDriverDetailsInvalid PrimaryIsNotTheChoosenAdapter GetVideoDriverDetailsInvalid PrimaryIsNotTheChoosenAdapter GetVideoDriverDetailsInvalid PrimaryIsNotTheChoosenAdapter GetVideoDriverDetailsInvalid PrimaryIsNotTheChoosenAdapter GetVideoDriverDetailsInvalid PrimaryIsNotTheChoosenAdapter GetVideoDriverDetailsInvalid PrimaryIsNotTheChoosenAdapter GetVideoDriverDetailsInvalid PrimaryIsNotTheChoosenAdapter GetVideoDriverDetailsInvalid PrimaryIsNotTheChoosenAdapter GetVideoDriverDetailsInvalid PrimaryIsNotTheChoosenAdapter GetVideoDriverDetailsInvalid PrimaryIsNotTheChoosenAdapter GetVideoDriverDetailsInvalid PrimaryIsNotTheChoosenAdapter FoundDriverCount:8 
[2020.03.28-23.54.53:075][  0]LogD3D11RHI:     Adapter Name: AMD Radeon RX 5700 XT
[2020.03.28-23.54.53:075][  0]LogD3D11RHI:   Driver Version: Adrenalin 2020 19.12.2 (internal:26.20.15002.61, unified:26.20.15002.61)
[2020.03.28-23.54.53:075][  0]LogD3D11RHI:      Driver Date: 12-4-2019
[2020.03.28-23.54.53:075][  0]LogRHI: Texture pool is 5706 MB (70% of 8151 MB)
[2020.03.28-23.54.53:128][  0]LogD3D11RHI: Async texture creation enabled
[2020.03.28-23.54.53:132][  0]LogRendererCore: FGlobalReadBuffer::InitRHI
[2020.03.28-23.54.53:133][  0]LogRendererCore: FGlobalReadBuffer::InitRHI
[2020.03.28-23.54.53:133][  0]LogRendererCore: FGlobalReadBuffer::InitRHI
[2020.03.28-23.54.53:140][  0]LogD3D11RHI: GPU Timing Frequency: 100.000000 (Debug: 2 1)
[2020.03.28-23.54.53:401][  0]LogTemp: Display: Module 'WindowsClientTargetPlatform' loaded TargetPlatform 'WindowsClient'
[2020.03.28-23.54.53:414][  0]LogTemp: Display: Module 'WindowsNoEditorTargetPlatform' loaded TargetPlatform 'WindowsNoEditor'
[2020.03.28-23.54.53:427][  0]LogTemp: Display: Module 'WindowsServerTargetPlatform' loaded TargetPlatform 'WindowsServer'
[2020.03.28-23.54.53:432][  0]LogTemp: Display: Module 'WindowsTargetPlatform' loaded TargetPlatform 'Windows'
[2020.03.28-23.54.53:432][  0]LogTargetPlatformManager: Display: Building Assets For Windows
[2020.03.28-23.54.53:438][  0]LogAudioDebug: Display: Lib vorbis DLL was dynamically loaded.
[2020.03.28-23.54.53:466][  0]LogShaderCompilers: Guid format shader working directory is 8 characters bigger than the processId version (../../../../../Projects/Blood-Ascent/Intermediate/Shaders/WorkingDirectory/2404/).
[2020.03.28-23.54.53:466][  0]LogShaderCompilers: Cleaned the shader compiler working directory 'C:/Users/Lee/AppData/Local/Temp/UnrealShaderWorkingDir/72A231AE4F40F5F2F72ACF87DDD78F0E/'.
[2020.03.28-23.54.53:467][  0]LogXGEController: Cannot use XGE Controller as Incredibuild is not installed on this machine.
[2020.03.28-23.54.53:467][  0]LogShaderCompilers: Cannot use XGE Shader Compiler as Incredibuild is not installed on this machine.
[2020.03.28-23.54.53:468][  0]LogShaderCompilers: Display: Using Local Shader Compiler.
[2020.03.28-23.54.53:935][  0]LogDerivedDataCache: Display: Max Cache Size: 512 MB
[2020.03.28-23.54.53:996][  0]LogDerivedDataCache: Loaded boot cache 0.06s 86MB C:/Users/Lee/AppData/Local/UnrealEngine/4.22/DerivedDataCache/Boot.ddc.
[2020.03.28-23.54.53:996][  0]LogDerivedDataCache: Display: Loaded Boot cache: C:/Users/Lee/AppData/Local/UnrealEngine/4.22/DerivedDataCache/Boot.ddc
[2020.03.28-23.54.53:996][  0]LogDerivedDataCache: FDerivedDataBackendGraph:  Pak pak cache file ../../../../../Projects/Blood-Ascent/DerivedDataCache/DDC.ddp not found, will not use a pak cache.
[2020.03.28-23.54.53:996][  0]LogDerivedDataCache: Unable to find inner node Pak for hierarchical cache Hierarchy.
[2020.03.28-23.54.53:996][  0]LogDerivedDataCache: FDerivedDataBackendGraph:  CompressedPak pak cache file ../../../../../Projects/Blood-Ascent/DerivedDataCache/Compressed.ddp not found, will not use a pak cache.
[2020.03.28-23.54.53:996][  0]LogDerivedDataCache: Unable to find inner node CompressedPak for hierarchical cache Hierarchy.
[2020.03.28-23.54.54:008][  0]LogDerivedDataCache: Display: Pak cache opened for reading ../../../Engine/DerivedDataCache/Compressed.ddp.
[2020.03.28-23.54.54:008][  0]LogDerivedDataCache: FDerivedDataBackendGraph:  EnterprisePak pak cache file ../../../Enterprise/DerivedDataCache/Compressed.ddp not found, will not use a pak cache.
[2020.03.28-23.54.54:008][  0]LogDerivedDataCache: Unable to find inner node EnterprisePak for hierarchical cache Hierarchy.
[2020.03.28-23.54.54:020][  0]LogDerivedDataCache: Using Local data cache path C:/Users/Lee/AppData/Local/UnrealEngine/Common/DerivedDataCache: Writable
[2020.03.28-23.54.54:020][  0]LogDerivedDataCache: Shared data cache path not found in *engine.ini, will not use an Shared cache.
[2020.03.28-23.54.54:020][  0]LogDerivedDataCache: Unable to find inner node Shared for hierarchical cache Hierarchy.
[2020.03.28-23.54.54:040][  0]LogMaterial: Verifying Global Shaders for PCD3D_SM5
[2020.03.28-23.54.54:062][  0]LogSlate: Using FreeType 2.6.0
[2020.03.28-23.54.54:062][  0]LogSlate: SlateFontServices - WITH_FREETYPE: 1, WITH_HARFBUZZ: 1
[2020.03.28-23.54.54:164][  0]LogInit: Using OS detected language (en-GB).
[2020.03.28-23.54.54:164][  0]LogInit: Using OS detected locale (en-GB).
[2020.03.28-23.54.54:164][  0]LogTextLocalizationManager: No localization for 'en-GB' exists, so 'en' will be used for the language.
[2020.03.28-23.54.54:164][  0]LogTextLocalizationManager: No localization for 'en-GB' exists, so 'en' will be used for the locale.
[2020.03.28-23.54.54:164][  0]LogSlate: FontCache flush requested. Reason: Culture for localization was changed
[2020.03.28-23.54.54:164][  0]LogSlate: FontCache flush requested. Reason: Culture for localization was changed
[2020.03.28-23.54.54:176][  0]LogTextLocalizationManager: Compacting localization data took   0.01ms
[2020.03.28-23.54.54:182][  0]LogAssetRegistry: FAssetRegistry took 0.0043 seconds to start up
[2020.03.28-23.54.54:368][  0]LogPackageLocalizationCache: Processed 10 localized package path(s) for 1 prioritized culture(s) in 0.000310 seconds
[2020.03.28-23.54.54:475][  0]LogInit: Selected Device Profile: [Windows]
[2020.03.28-23.54.54:572][  0]LogMeshReduction: Using QuadricMeshReduction for automatic static mesh reduction
[2020.03.28-23.54.54:572][  0]LogMeshReduction: Using SimplygonMeshReduction for automatic skeletal mesh reduction
[2020.03.28-23.54.54:572][  0]LogMeshReduction: Using ProxyLODMeshReduction for automatic mesh merging
[2020.03.28-23.54.54:572][  0]LogMeshReduction: No distributed automatic mesh merging module available
[2020.03.28-23.54.54:572][  0]LogMeshMerging: No distributed automatic mesh merging module available
[2020.03.28-23.54.54:581][  0]LogNetVersion: BloodAscent 1.0.0, NetCL: 5660361, EngineNetVer: 10, GameNetVer: 0 (Checksum: 474268916)
[2020.03.28-23.54.54:936][  0]LogMoviePlayer: Initializing movie player
[2020.03.28-23.54.55:038][  0]LogTcpMessaging: Initializing TcpMessaging bridge
[2020.03.28-23.54.55:050][  0]LogUdpMessaging: Initializing bridge on interface 0.0.0.0:0 to multicast group 230.0.0.1:6666.
[2020.03.28-23.54.55:126][  0]SourceControl: Source control is disabled
[2020.03.28-23.54.55:126][  0]SourceControl: Source control is disabled
[2020.03.28-23.54.55:127][  0]SourceControl: Source control is disabled
[2020.03.28-23.54.55:154][  0]LogAndroidPermission: UAndroidPermissionCallbackProxy::GetInstance
[2020.03.28-23.54.55:243][  0]LogOcInput: OculusInput pre-init called
[2020.03.28-23.54.55:263][  0]LogUObjectArray: 46502 objects as part of root set at end of initial load.
[2020.03.28-23.54.55:263][  0]LogUObjectAllocator: 8171240 out of 0 bytes used by permanent object pool.
[2020.03.28-23.54.55:263][  0]LogUObjectArray: CloseDisregardForGC: 0/0 objects in disregard for GC pool
[2020.03.28-23.54.55:395][  0]LogEngine: Initializing Engine...
[2020.03.28-23.54.55:407][  0]LogStats: UGameplayTagsManager::InitializeManager -  0.000 s
[2020.03.28-23.54.55:543][  0]LogInit: Initializing FReadOnlyCVARCache
[2020.03.28-23.54.55:575][  0]LogInit: XAudio2 using 'Headphones (Realtek USB2.0 Audio)' : 2 channels at 48 kHz using 24 bits per sample (channel mask 0x3)
[2020.03.28-23.54.55:587][  0]LogInit: FAudioDevice initialized.
[2020.03.28-23.54.55:599][  0]LogNetVersion: Set ProjectVersion to 1.0.0.0. Version Checksum will be recalculated on next use.
[2020.03.28-23.54.55:608][  0]LogInit: Texture streaming: Enabled
[2020.03.28-23.54.55:849][  0]LogSlate: Updating window title bar state: overlay mode, drag disabled, window buttons hidden, title bar hidden
[2020.03.28-23.54.55:865][  0]LogInit: Display: Game Engine Initialized.
[2020.03.28-23.54.55:906][  0]LogInit: Display: Starting Game.
[2020.03.28-23.54.55:925][  0]LogNet: Browse: /Game/VirtualRealityBP/Maps/MotionControllerMap?Name=Player
[2020.03.28-23.54.55:934][  0]LogLoad: LoadMap: /Game/VirtualRealityBP/Maps/MotionControllerMap?Name=Player
[2020.03.28-23.54.56:040][  0]LogUObjectHash: Compacting FUObjectHashTables data took   1.37ms
