Log file open, 03/24/20 23:58:35
LogWindows: Failed to load 'aqProf.dll' (GetLastError=126)
LogWindows: File 'aqProf.dll' does not exist
LogWindows: Failed to load 'VtuneApi.dll' (GetLastError=126)
LogWindows: File 'VtuneApi.dll' does not exist
LogWindows: Failed to load 'VtuneApi32e.dll' (GetLastError=126)
LogWindows: File 'VtuneApi32e.dll' does not exist
LogConsoleResponse: Display: Failed to find resolution value strings in scalability ini. Falling back to default.
LogInit: Display: Running engine for game: BloodAscent
LogPakFile: Registered encryption key '00000000000000000000000000000000': 0 pak files mounted, 0 remain pending
LogPlatformFile: Not using cached read wrapper
LogTaskGraph: Started task graph with 5 named threads and 35 total threads with 3 sets of task threads.
LogStats: Stats thread started at 0.386326
LogD3D11RHI: Loaded GFSDK_Aftermath_Lib.x64.dll
LogICUInternationalization: ICU TimeZone Detection - Raw Offset: +0:00, Platform Override: ''
LogPluginManager: Mounting plugin Paper2D
LogPluginManager: Mounting plugin AISupport
LogPluginManager: Mounting plugin LightPropagationVolume
LogPluginManager: Mounting plugin ActorLayerUtilities
LogPluginManager: Mounting plugin AnimationSharing
LogPluginManager: Mounting plugin CLionSourceCodeAccess
LogPluginManager: Mounting plugin CodeLiteSourceCodeAccess
LogPluginManager: Mounting plugin GitSourceControl
LogPluginManager: Mounting plugin KDevelopSourceCodeAccess
LogPluginManager: Mounting plugin NullSourceCodeAccess
LogPluginManager: Mounting plugin PerforceSourceControl
LogPluginManager: Mounting plugin SubversionSourceControl
LogPluginManager: Mounting plugin UObjectPlugin
LogPluginManager: Mounting plugin VisualStudioCodeSourceCodeAccess
LogPluginManager: Mounting plugin VisualStudioSourceCodeAccess
LogPluginManager: Mounting plugin XCodeSourceCodeAccess
LogPluginManager: Mounting plugin AssetManagerEditor
LogPluginManager: Mounting plugin CryptoKeys
LogPluginManager: Mounting plugin DataValidation
LogPluginManager: Mounting plugin FacialAnimation
LogPluginManager: Mounting plugin GameplayTagsEditor
LogPluginManager: Mounting plugin MacGraphicsSwitching
LogPluginManager: Mounting plugin MaterialAnalyzer
LogPluginManager: Mounting plugin MobileLauncherProfileWizard
LogPluginManager: Mounting plugin PluginBrowser
LogPluginManager: Mounting plugin SpeedTreeImporter
LogPluginManager: Mounting plugin DatasmithContent
LogPluginManager: Mounting plugin VariantManagerContent
LogPluginManager: Mounting plugin AlembicImporter
LogPluginManager: Mounting plugin AppleImageUtils
LogPluginManager: Mounting plugin AppleVision
LogPluginManager: Mounting plugin BackChannel
LogPluginManager: Mounting plugin CharacterAI
LogPluginManager: Mounting plugin GeometryCache
LogPluginManager: Mounting plugin HTML5Networking
LogPluginManager: Mounting plugin ProxyLODPlugin
LogPluginManager: Mounting plugin SkeletalReduction
LogPluginManager: Mounting plugin MagicLeap
LogPluginManager: Mounting plugin MagicLeapMedia
LogPluginManager: Mounting plugin AndroidMedia
LogPluginManager: Mounting plugin AvfMedia
LogPluginManager: Mounting plugin ImgMedia
LogPluginManager: Mounting plugin LinearTimecode
LogPluginManager: Mounting plugin MediaCompositing
LogPluginManager: Mounting plugin MediaPlayerEditor
LogPluginManager: Mounting plugin WebMMedia
LogPluginManager: Mounting plugin WmfMedia
LogPluginManager: Mounting plugin TcpMessaging
LogPluginManager: Mounting plugin UdpMessaging
LogPluginManager: Mounting plugin ActorSequence
LogPluginManager: Mounting plugin LevelSequenceEditor
LogPluginManager: Mounting plugin MatineeToLevelSequence
LogPluginManager: Mounting plugin NetcodeUnitTest
LogPluginManager: Mounting plugin NUTUnrealEngine4
LogPluginManager: Mounting plugin OnlineSubsystemGooglePlay
LogPluginManager: Mounting plugin OnlineSubsystemIOS
LogPluginManager: Mounting plugin OnlineSubsystem
LogPluginManager: Mounting plugin OnlineSubsystemNull
LogPluginManager: Mounting plugin OnlineSubsystemUtils
LogPluginManager: Mounting plugin LauncherChunkInstaller
LogPluginManager: Mounting plugin AndroidDeviceProfileSelector
LogPluginManager: Mounting plugin AndroidMoviePlayer
LogPluginManager: Mounting plugin AndroidPermission
LogPluginManager: Mounting plugin AppleMoviePlayer
LogPluginManager: Mounting plugin ArchVisCharacter
LogPluginManager: Mounting plugin AudioCapture
LogPluginManager: Mounting plugin CableComponent
LogPluginManager: Mounting plugin CustomMeshComponent
LogPluginManager: Mounting plugin EditableMesh
LogPluginManager: Mounting plugin ExampleDeviceProfileSelector
LogPluginManager: Mounting plugin Firebase
LogPluginManager: Mounting plugin GoogleCloudMessaging
LogPluginManager: Mounting plugin IOSDeviceProfileSelector
LogPluginManager: Mounting plugin LinuxDeviceProfileSelector
LogPluginManager: Mounting plugin LocationServicesBPLibrary
LogPluginManager: Mounting plugin MobilePatchingUtils
LogPluginManager: Mounting plugin OculusVR
LogPluginManager: Mounting plugin PhysXVehicles
LogPluginManager: Mounting plugin ProceduralMeshComponent
LogPluginManager: Mounting plugin RuntimePhysXCooking
LogPluginManager: Mounting plugin SignificanceManager
LogPluginManager: Mounting plugin SteamVR
LogPluginManager: Mounting plugin WebMMoviePlayer
LogPluginManager: Mounting plugin WindowsMixedReality
LogPluginManager: Mounting plugin WindowsMoviePlayer
LogInit: Using libcurl 7.55.1-DEV
LogInit:  - built for x86_64-pc-win32
LogInit:  - supports SSL with OpenSSL/1.1.1
LogInit:  - supports HTTP deflate (compression) using libz 1.2.8
LogInit:  - other features:
LogInit:      CURL_VERSION_SSL
LogInit:      CURL_VERSION_LIBZ
LogInit:      CURL_VERSION_IPV6
LogInit:      CURL_VERSION_ASYNCHDNS
LogInit:      CURL_VERSION_LARGEFILE
LogInit:      CURL_VERSION_IDN
LogInit:  CurlRequestOptions (configurable via config and command line):
LogInit:  - bVerifyPeer = true  - Libcurl will verify peer certificate
LogInit:  - bUseHttpProxy = false  - Libcurl will NOT use HTTP proxy
LogInit:  - bDontReuseConnections = false  - Libcurl will reuse connections
LogInit:  - MaxHostConnections = 16  - Libcurl will limit the number of connections to a host
LogInit:  - LocalHostAddr = Default
LogInit:  - BufferSize = 65536
LogInit: WinSock: version 1.1 (2.2), MaxSocks=32767, MaxUdp=65467
LogInit: Build: ++UE4+Release-4.22-CL-7053642
LogInit: Engine Version: 4.22.3-7053642+++UE4+Release-4.22
LogInit: Compatible Engine Version: 4.22.0-5660361+++UE4+Release-4.22
LogInit: Net CL: 5660361
LogInit: OS: Windows 10 (Release 1903) (), CPU: AMD Ryzen 5 3600 6-Core Processor              , GPU: AMD Radeon RX 5700 XT
LogInit: Compiled (64-bit): Jun 18 2019 03:09:11
LogInit: Compiled with Visual C++: 19.16.27025.01
LogInit: Build Configuration: Development
LogInit: Branch Name: ++UE4+Release-4.22
LogInit: Command Line:  -EpicPortal -epicusername=darkrapture -epicuserid=e78b915f4f364be3a84927dec349c220 -epiclocale=en
LogInit: Base Directory: G:/Unreal/UE_4.22/Engine/Binaries/Win64/
LogInit: Installed Engine Build: 1
LogDevObjectVersion: Number of dev versions registered: 23
LogDevObjectVersion:   Dev-Blueprints (B0D832E4-1F89-4F0D-ACCF-7EB736FD4AA2): 10
LogDevObjectVersion:   Dev-Build (E1C64328-A22C-4D53-A36C-8E866417BD8C): 0
LogDevObjectVersion:   Dev-Core (375EC13C-06E4-48FB-B500-84F0262A717E): 3
LogDevObjectVersion:   Dev-Editor (E4B068ED-F494-42E9-A231-DA0B2E46BB41): 30
LogDevObjectVersion:   Dev-Framework (CFFC743F-43B0-4480-9391-14DF171D2073): 35
LogDevObjectVersion:   Dev-Mobile (B02B49B5-BB20-44E9-A304-32B752E40360): 2
LogDevObjectVersion:   Dev-Networking (A4E4105C-59A1-49B5-A7C5-40C4547EDFEE): 0
LogDevObjectVersion:   Dev-Online (39C831C9-5AE6-47DC-9A44-9C173E1C8E7C): 0
LogDevObjectVersion:   Dev-Physics (78F01B33-EBEA-4F98-B9B4-84EACCB95AA2): 0
LogDevObjectVersion:   Dev-Platform (6631380F-2D4D-43E0-8009-CF276956A95A): 0
LogDevObjectVersion:   Dev-Rendering (12F88B9F-8875-4AFC-A67C-D90C383ABD29): 28
LogDevObjectVersion:   Dev-Sequencer (7B5AE74C-D270-4C10-A958-57980B212A5A): 11
LogDevObjectVersion:   Dev-VR (D7296918-1DD6-4BDD-9DE2-64A83CC13884): 2
LogDevObjectVersion:   Dev-LoadTimes (C2A15278-BFE7-4AFE-6C17-90FF531DF755): 1
LogDevObjectVersion:   Private-Geometry (6EACA3D4-40EC-4CC1-B786-8BED09428FC5): 3
LogDevObjectVersion:   Dev-AnimPhys (29E575DD-E0A3-4627-9D10-D276232CDCEA): 17
LogDevObjectVersion:   Dev-Anim (AF43A65D-7FD3-4947-9873-3E8ED9C1BB05): 2
LogDevObjectVersion:   Dev-ReflectionCapture (6B266CEC-1EC7-4B8F-A30B-E4D90942FC07): 1
LogDevObjectVersion:   Dev-Automation (0DF73D61-A23F-47EA-B727-89E90C41499A): 1
LogDevObjectVersion:   FortniteMain (601D1886-AC64-4F84-AA16-D3DE0DEAC7D6): 25
LogDevObjectVersion:   Dev-Enterprise (9DFFBCD6-494F-0158-E221-12823C92A888): 6
LogDevObjectVersion:   Dev-Niagara (F2AED0AC-9AFE-416F-8664-AA7FFA26D6FC): 1
LogDevObjectVersion:   Dev-Destruction (174F1F0B-B4C6-45A5-B13F-2EE8D0FB917D): 2
LogInit: Presizing for max 16777216 objects, including 0 objects not considered by GC, pre-allocating 0 bytes for permanent pool.
LogInit: Object subsystem initialized
LogConfig: Setting CVar [[con.DebugEarlyDefault:1]]
LogConfig: Setting CVar [[r.setres:1280x720]]
[2020.03.24-23.58.36:497][  0]LogConfig: Setting CVar [[r.VSync:0]]
[2020.03.24-23.58.36:497][  0]LogConfig: Setting CVar [[r.RHICmdBypass:0]]
[2020.03.24-23.58.36:497][  0]LogConfig: Applying CVar settings from Section [/Script/Engine.RendererSettings] File [G:/Projects/Blood-Ascent/Saved/Config/Windows/Engine.ini]
[2020.03.24-23.58.36:497][  0]LogConfig: Setting CVar [[r.GPUCrashDebugging:0]]
[2020.03.24-23.58.36:497][  0]LogConfig: Setting CVar [[r.MobileHDR:1]]
[2020.03.24-23.58.36:497][  0]LogConfig: Setting CVar [[r.Mobile.DisableVertexFog:1]]
[2020.03.24-23.58.36:497][  0]LogConfig: Setting CVar [[r.Shadow.CSM.MaxMobileCascades:2]]
[2020.03.24-23.58.36:497][  0]LogConfig: Setting CVar [[r.MobileMSAA:1]]
[2020.03.24-23.58.36:497][  0]LogConfig: Setting CVar [[r.Mobile.UseLegacyShadingModel:0]]
[2020.03.24-23.58.36:497][  0]LogConfig: Setting CVar [[r.Mobile.UseHWsRGBEncoding:0]]
[2020.03.24-23.58.36:497][  0]LogConfig: Setting CVar [[r.Mobile.AllowDitheredLODTransition:0]]
[2020.03.24-23.58.36:497][  0]LogConfig: Setting CVar [[r.Mobile.AllowSoftwareOcclusion:0]]
[2020.03.24-23.58.36:497][  0]LogConfig: Setting CVar [[r.DiscardUnusedQuality:0]]
[2020.03.24-23.58.36:497][  0]LogConfig: Setting CVar [[r.AllowOcclusionQueries:1]]
[2020.03.24-23.58.36:497][  0]LogConfig: Setting CVar [[r.MinScreenRadiusForLights:0.030000]]
[2020.03.24-23.58.36:497][  0]LogConfig: Setting CVar [[r.MinScreenRadiusForDepthPrepass:0.030000]]
[2020.03.24-23.58.36:497][  0]LogConfig: Setting CVar [[r.MinScreenRadiusForCSMDepth:0.010000]]
[2020.03.24-23.58.36:497][  0]LogConfig: Setting CVar [[r.PrecomputedVisibilityWarning:0]]
[2020.03.24-23.58.36:497][  0]LogConfig: Setting CVar [[r.TextureStreaming:1]]
[2020.03.24-23.58.36:497][  0]LogConfig: Setting CVar [[Compat.UseDXT5NormalMaps:0]]
[2020.03.24-23.58.36:497][  0]LogConfig: Setting CVar [[r.ClearCoatNormal:0]]
[2020.03.24-23.58.36:497][  0]LogConfig: Setting CVar [[r.ReflectionCaptureResolution:128]]
[2020.03.24-23.58.36:498][  0]LogConfig: Setting CVar [[r.ReflectionEnvironmentLightmapMixBasedOnRoughness:1]]
[2020.03.24-23.58.36:498][  0]LogConfig: Setting CVar [[r.ForwardShading:0]]
[2020.03.24-23.58.36:498][  0]LogConfig: Setting CVar [[r.VertexFoggingForOpaque:1]]
[2020.03.24-23.58.36:498][  0]LogConfig: Setting CVar [[r.AllowStaticLighting:1]]
[2020.03.24-23.58.36:498][  0]LogConfig: Setting CVar [[r.NormalMapsForStaticLighting:0]]
[2020.03.24-23.58.36:498][  0]LogConfig: Setting CVar [[r.GenerateMeshDistanceFields:0]]
[2020.03.24-23.58.36:498][  0]LogConfig: Setting CVar [[r.DistanceFieldBuild.EightBit:0]]
[2020.03.24-23.58.36:498][  0]LogConfig: Setting CVar [[r.GenerateLandscapeGIData:0]]
[2020.03.24-23.58.36:498][  0]LogConfig: Setting CVar [[r.DistanceFieldBuild.Compress:0]]
[2020.03.24-23.58.36:498][  0]LogConfig: Setting CVar [[r.TessellationAdaptivePixelsPerTriangle:48.000000]]
[2020.03.24-23.58.36:498][  0]LogConfig: Setting CVar [[r.SeparateTranslucency:1]]
[2020.03.24-23.58.36:498][  0]LogConfig: Setting CVar [[r.TranslucentSortPolicy:0]]
[2020.03.24-23.58.36:498][  0]LogConfig: Setting CVar [[r.CustomDepth:1]]
[2020.03.24-23.58.36:498][  0]LogConfig: Setting CVar [[r.CustomDepthTemporalAAJitter:1]]
[2020.03.24-23.58.36:498][  0]LogConfig: Setting CVar [[r.PostProcessing.PropagateAlpha:0]]
[2020.03.24-23.58.36:498][  0]LogConfig: Setting CVar [[r.DOF.Algorithm:1]]
[2020.03.24-23.58.36:498][  0]LogConfig: Setting CVar [[r.DefaultFeature.Bloom:1]]
[2020.03.24-23.58.36:498][  0]LogConfig: Setting CVar [[r.DefaultFeature.AmbientOcclusion:0]]
[2020.03.24-23.58.36:498][  0]LogConfig: Setting CVar [[r.DefaultFeature.AmbientOcclusionStaticFraction:0]]
[2020.03.24-23.58.36:498][  0]LogConfig: Setting CVar [[r.DefaultFeature.AutoExposure:0]]
[2020.03.24-23.58.36:498][  0]LogConfig: Setting CVar [[r.DefaultFeature.AutoExposure.Method:0]]
[2020.03.24-23.58.36:498][  0]LogConfig: Setting CVar [[r.DefaultFeature.AutoExposure.ExtendDefaultLuminanceRange:0]]
[2020.03.24-23.58.36:498][  0]LogConfig: Setting CVar [[r.UsePreExposure:0]]
[2020.03.24-23.58.36:498][  0]LogConfig: Setting CVar [[r.DefaultFeature.MotionBlur:0]]
[2020.03.24-23.58.36:498][  0]LogConfig: Setting CVar [[r.DefaultFeature.LensFlare:0]]
[2020.03.24-23.58.36:498][  0]LogConfig: Setting CVar [[r.TemporalAA.Upsampling:0]]
[2020.03.24-23.58.36:498][  0]LogConfig: Setting CVar [[r.DefaultFeature.AntiAliasing:2]]
[2020.03.24-23.58.36:498][  0]LogConfig: Setting CVar [[r.DefaultFeature.LightUnits:1]]
[2020.03.24-23.58.36:498][  0]LogConfig: Setting CVar [[r.DefaultBackBufferPixelFormat:4]]
[2020.03.24-23.58.36:498][  0]LogConfig: Setting CVar [[r.Shadow.UnbuiltPreviewInGame:1]]
[2020.03.24-23.58.36:498][  0]LogConfig: Setting CVar [[r.StencilForLODDither:0]]
[2020.03.24-23.58.36:498][  0]LogConfig: Setting CVar [[r.EarlyZPass:3]]
[2020.03.24-23.58.36:498][  0]LogConfig: Setting CVar [[r.EarlyZPassOnlyMaterialMasking:0]]
[2020.03.24-23.58.36:498][  0]LogConfig: Setting CVar [[r.DBuffer:1]]
[2020.03.24-23.58.36:498][  0]LogConfig: Setting CVar [[r.ClearSceneMethod:1]]
[2020.03.24-23.58.36:498][  0]LogConfig: Setting CVar [[r.BasePassOutputsVelocity:0]]
[2020.03.24-23.58.36:498][  0]LogConfig: Setting CVar [[r.SelectiveBasePassOutputs:0]]
[2020.03.24-23.58.36:498][  0]LogConfig: Setting CVar [[fx.GPUSimulationTextureSizeX:1024]]
[2020.03.24-23.58.36:498][  0]LogConfig: Setting CVar [[fx.GPUSimulationTextureSizeY:1024]]
[2020.03.24-23.58.36:498][  0]LogConfig: Setting CVar [[r.AllowGlobalClipPlane:0]]
[2020.03.24-23.58.36:498][  0]LogConfig: Setting CVar [[r.GBufferFormat:1]]
[2020.03.24-23.58.36:498][  0]LogConfig: Setting CVar [[r.MorphTarget.Mode:1]]
[2020.03.24-23.58.36:498][  0]LogConfig: Setting CVar [[vr.InstancedStereo:1]]
[2020.03.24-23.58.36:498][  0]LogConfig: Setting CVar [[vr.MultiView:0]]
[2020.03.24-23.58.36:498][  0]LogConfig: Setting CVar [[vr.MobileMultiView:0]]
[2020.03.24-23.58.36:498][  0]LogConfig: Setting CVar [[vr.MobileMultiView.Direct:0]]
[2020.03.24-23.58.36:498][  0]LogConfig: Setting CVar [[vr.RoundRobinOcclusion:0]]
[2020.03.24-23.58.36:498][  0]LogConfig: Setting CVar [[vr.ODSCapture:0]]
[2020.03.24-23.58.36:498][  0]LogConfig: Setting CVar [[r.WireframeCullThreshold:5.000000]]
[2020.03.24-23.58.36:498][  0]LogConfig: Setting CVar [[r.RayTracing:0]]
[2020.03.24-23.58.36:498][  0]LogConfig: Setting CVar [[r.SupportStationarySkylight:1]]
[2020.03.24-23.58.36:498][  0]LogConfig: Setting CVar [[r.SupportLowQualityLightmaps:1]]
[2020.03.24-23.58.36:498][  0]LogConfig: Setting CVar [[r.SupportPointLightWholeSceneShadows:1]]
[2020.03.24-23.58.36:498][  0]LogConfig: Setting CVar [[r.SupportAtmosphericFog:1]]
[2020.03.24-23.58.36:498][  0]LogConfig: Setting CVar [[r.SkinCache.CompileShaders:0]]
[2020.03.24-23.58.36:498][  0]LogConfig: Setting CVar [[r.Mobile.EnableStaticAndCSMShadowReceivers:1]]
[2020.03.24-23.58.36:498][  0]LogConfig: Setting CVar [[r.Mobile.EnableMovableLightCSMShaderCulling:1]]
[2020.03.24-23.58.36:498][  0]LogConfig: Setting CVar [[r.Mobile.AllowDistanceFieldShadows:1]]
[2020.03.24-23.58.36:498][  0]LogConfig: Setting CVar [[r.Mobile.AllowMovableDirectionalLights:1]]
[2020.03.24-23.58.36:498][  0]LogConfig: Setting CVar [[r.MobileNumDynamicPointLights:4]]
[2020.03.24-23.58.36:498][  0]LogConfig: Setting CVar [[r.MobileDynamicPointLightsUseStaticBranch:1]]
[2020.03.24-23.58.36:498][  0]LogConfig: Setting CVar [[r.Mobile.EnableMovableSpotlights:0]]
[2020.03.24-23.58.36:498][  0]LogConfig: Setting CVar [[r.SkinCache.SceneMemoryLimitInMB:128.000000]]
[2020.03.24-23.58.36:498][  0]LogConfig: Setting CVar [[r.GPUSkin.Limit2BoneInfluences:0]]
[2020.03.24-23.58.36:498][  0]LogConfig: Setting CVar [[r.SupportDepthOnlyIndexBuffers:1]]
[2020.03.24-23.58.36:498][  0]LogConfig: Setting CVar [[r.SupportReversedIndexBuffers:1]]
[2020.03.24-23.58.36:498][  0]LogConfig: Setting CVar [[r.SupportMaterialLayers:0]]
[2020.03.24-23.58.36:498][  0]LogConfig: Applying CVar settings from Section [/Script/Engine.RendererOverrideSettings] File [G:/Projects/Blood-Ascent/Saved/Config/Windows/Engine.ini]
[2020.03.24-23.58.36:498][  0]LogConfig: Applying CVar settings from Section [/Script/Engine.StreamingSettings] File [G:/Projects/Blood-Ascent/Saved/Config/Windows/Engine.ini]
[2020.03.24-23.58.36:498][  0]LogConfig: Setting CVar [[s.MinBulkDataSizeForAsyncLoading:131072]]
[2020.03.24-23.58.36:498][  0]LogConfig: Setting CVar [[s.AsyncLoadingThreadEnabled:0]]
[2020.03.24-23.58.36:498][  0]LogConfig: Setting CVar [[s.EventDrivenLoaderEnabled:1]]
[2020.03.24-23.58.36:498][  0]LogConfig: Setting CVar [[s.WarnIfTimeLimitExceeded:0]]
[2020.03.24-23.58.36:498][  0]LogConfig: Setting CVar [[s.TimeLimitExceededMultiplier:1.5]]
[2020.03.24-23.58.36:498][  0]LogConfig: Setting CVar [[s.TimeLimitExceededMinTime:0.005]]
[2020.03.24-23.58.36:498][  0]LogConfig: Setting CVar [[s.UseBackgroundLevelStreaming:1]]
[2020.03.24-23.58.36:498][  0]LogConfig: Setting CVar [[s.PriorityAsyncLoadingExtraTime:15.0]]
[2020.03.24-23.58.36:498][  0]LogConfig: Setting CVar [[s.LevelStreamingActorsUpdateTimeLimit:5.0]]
[2020.03.24-23.58.36:498][  0]LogConfig: Setting CVar [[s.PriorityLevelStreamingActorsUpdateExtraTime:5.0]]
[2020.03.24-23.58.36:498][  0]LogConfig: Setting CVar [[s.LevelStreamingComponentsRegistrationGranularity:10]]
[2020.03.24-23.58.36:498][  0]LogConfig: Setting CVar [[s.UnregisterComponentsTimeLimit:1.0]]
[2020.03.24-23.58.36:498][  0]LogConfig: Setting CVar [[s.LevelStreamingComponentsUnregistrationGranularity:5]]
[2020.03.24-23.58.36:498][  0]LogConfig: Applying CVar settings from Section [/Script/Engine.GarbageCollectionSettings] File [G:/Projects/Blood-Ascent/Saved/Config/Windows/Engine.ini]
[2020.03.24-23.58.36:498][  0]LogConfig: Setting CVar [[gc.MaxObjectsNotConsideredByGC:1]]
[2020.03.24-23.58.36:498][  0]LogConfig: Setting CVar [[gc.SizeOfPermanentObjectPool:0]]
[2020.03.24-23.58.36:498][  0]LogConfig: Setting CVar [[gc.FlushStreamingOnGC:0]]
[2020.03.24-23.58.36:498][  0]LogConfig: Setting CVar [[gc.NumRetriesBeforeForcingGC:10]]
[2020.03.24-23.58.36:498][  0]LogConfig: Setting CVar [[gc.AllowParallelGC:1]]
[2020.03.24-23.58.36:498][  0]LogConfig: Setting CVar [[gc.TimeBetweenPurgingPendingKillObjects:61.1]]
[2020.03.24-23.58.36:498][  0]LogConfig: Setting CVar [[gc.MaxObjectsInEditor:16777216]]
[2020.03.24-23.58.36:498][  0]LogConfig: Setting CVar [[gc.IncrementalBeginDestroyEnabled:1]]
[2020.03.24-23.58.36:498][  0]LogConfig: Setting CVar [[gc.CreateGCClusters:1]]
[2020.03.24-23.58.36:498][  0]LogConfig: Setting CVar [[gc.MinGCClusterSize:5]]
[2020.03.24-23.58.36:498][  0]LogConfig: Setting CVar [[gc.ActorClusteringEnabled:0]]
[2020.03.24-23.58.36:498][  0]LogConfig: Setting CVar [[gc.BlueprintClusteringEnabled:0]]
[2020.03.24-23.58.36:499][  0]LogConfig: Setting CVar [[gc.UseDisregardForGCOnDedicatedServers:0]]
[2020.03.24-23.58.36:499][  0]LogConfig: Applying CVar settings from Section [/Script/Engine.NetworkSettings] File [G:/Projects/Blood-Ascent/Saved/Config/Windows/Engine.ini]
[2020.03.24-23.58.36:499][  0]LogConfig: Applying CVar settings from Section [/Script/UnrealEd.CookerSettings] File [G:/Projects/Blood-Ascent/Saved/Config/Windows/Engine.ini]
[2020.03.24-23.58.36:505][  0]LogConfig: Applying CVar settings from Section [ViewDistanceQuality@3] File [G:/Projects/Blood-Ascent/Saved/Config/Windows/Scalability.ini]
[2020.03.24-23.58.36:505][  0]LogConfig: Setting CVar [[r.SkeletalMeshLODBias:0]]
[2020.03.24-23.58.36:505][  0]LogConfig: Setting CVar [[r.ViewDistanceScale:1.0]]
[2020.03.24-23.58.36:505][  0]LogConfig: Applying CVar settings from Section [AntiAliasingQuality@3] File [G:/Projects/Blood-Ascent/Saved/Config/Windows/Scalability.ini]
[2020.03.24-23.58.36:505][  0]LogConfig: Setting CVar [[r.PostProcessAAQuality:3]]
[2020.03.24-23.58.36:505][  0]LogConfig: Applying CVar settings from Section [ShadowQuality@3] File [G:/Projects/Blood-Ascent/Saved/Config/Windows/Scalability.ini]
[2020.03.24-23.58.36:505][  0]LogConfig: Setting CVar [[r.LightFunctionQuality:1]]
[2020.03.24-23.58.36:505][  0]LogConfig: Setting CVar [[r.ShadowQuality:5]]
[2020.03.24-23.58.36:505][  0]LogConfig: Setting CVar [[r.Shadow.CSM.MaxCascades:10]]
[2020.03.24-23.58.36:505][  0]LogConfig: Setting CVar [[r.Shadow.MaxResolution:2048]]
[2020.03.24-23.58.36:505][  0]LogConfig: Setting CVar [[r.Shadow.MaxCSMResolution:2048]]
[2020.03.24-23.58.36:505][  0]LogConfig: Setting CVar [[r.Shadow.RadiusThreshold:0.01]]
[2020.03.24-23.58.36:505][  0]LogConfig: Setting CVar [[r.Shadow.DistanceScale:1.0]]
[2020.03.24-23.58.36:505][  0]LogConfig: Setting CVar [[r.Shadow.CSM.TransitionScale:1.0]]
[2020.03.24-23.58.36:505][  0]LogConfig: Setting CVar [[r.Shadow.PreShadowResolutionFactor:1.0]]
[2020.03.24-23.58.36:505][  0]LogConfig: Setting CVar [[r.DistanceFieldShadowing:1]]
[2020.03.24-23.58.36:505][  0]LogConfig: Setting CVar [[r.DistanceFieldAO:1]]
[2020.03.24-23.58.36:505][  0]LogConfig: Setting CVar [[r.AOQuality:2]]
[2020.03.24-23.58.36:505][  0]LogConfig: Setting CVar [[r.VolumetricFog:1]]
[2020.03.24-23.58.36:505][  0]LogConfig: Setting CVar [[r.VolumetricFog.GridPixelSize:8]]
[2020.03.24-23.58.36:505][  0]LogConfig: Setting CVar [[r.VolumetricFog.GridSizeZ:128]]
[2020.03.24-23.58.36:505][  0]LogConfig: Setting CVar [[r.VolumetricFog.HistoryMissSupersampleCount:4]]
[2020.03.24-23.58.36:505][  0]LogConfig: Setting CVar [[r.LightMaxDrawDistanceScale:1]]
[2020.03.24-23.58.36:505][  0]LogConfig: Setting CVar [[r.CapsuleShadows:1]]
[2020.03.24-23.58.36:505][  0]LogConfig: Applying CVar settings from Section [PostProcessQuality@3] File [G:/Projects/Blood-Ascent/Saved/Config/Windows/Scalability.ini]
[2020.03.24-23.58.36:505][  0]LogConfig: Setting CVar [[r.MotionBlurQuality:0]]
[2020.03.24-23.58.36:505][  0]LogConfig: Setting CVar [[r.AmbientOcclusionMipLevelFactor:0.4]]
[2020.03.24-23.58.36:505][  0]LogConfig: Setting CVar [[r.AmbientOcclusionMaxQuality:100]]
[2020.03.24-23.58.36:505][  0]LogConfig: Setting CVar [[r.AmbientOcclusionLevels:0]]
[2020.03.24-23.58.36:505][  0]LogConfig: Setting CVar [[r.AmbientOcclusionRadiusScale:1.0]]
[2020.03.24-23.58.36:505][  0]LogConfig: Setting CVar [[r.DepthOfFieldQuality:0]]
[2020.03.24-23.58.36:505][  0]LogConfig: Setting CVar [[r.RenderTargetPoolMin:400]]
[2020.03.24-23.58.36:505][  0]LogConfig: Setting CVar [[r.LensFlareQuality:0]]
[2020.03.24-23.58.36:505][  0]LogConfig: Setting CVar [[r.SceneColorFringeQuality:0]]
[2020.03.24-23.58.36:505][  0]LogConfig: Setting CVar [[r.EyeAdaptationQuality:2]]
[2020.03.24-23.58.36:505][  0]LogConfig: Setting CVar [[r.BloomQuality:1]]
[2020.03.24-23.58.36:505][  0]LogConfig: Setting CVar [[r.FastBlurThreshold:0]]
[2020.03.24-23.58.36:505][  0]LogConfig: Setting CVar [[r.Upscale.Quality:3]]
[2020.03.24-23.58.36:505][  0]LogConfig: Setting CVar [[r.Tonemapper.GrainQuantization:1]]
[2020.03.24-23.58.36:505][  0]LogConfig: Setting CVar [[r.LightShaftQuality:1]]
[2020.03.24-23.58.36:505][  0]LogConfig: Setting CVar [[r.Filter.SizeScale:1]]
[2020.03.24-23.58.36:505][  0]LogConfig: Setting CVar [[r.Tonemapper.Quality:5]]
[2020.03.24-23.58.36:505][  0]LogConfig: Setting CVar [[r.DOF.Gather.AccumulatorQuality:1        ; higher gathering accumulator quality]]
[2020.03.24-23.58.36:505][  0]LogConfig: Setting CVar [[r.DOF.Gather.PostfilterMethod:1          ; Median3x3 postfilering method]]
[2020.03.24-23.58.36:505][  0]LogConfig: Setting CVar [[r.DOF.Gather.EnableBokehSettings:0       ; no bokeh simulation when gathering]]
[2020.03.24-23.58.36:505][  0]LogConfig: Setting CVar [[r.DOF.Gather.RingCount:4                 ; medium number of samples when gathering]]
[2020.03.24-23.58.36:505][  0]LogConfig: Setting CVar [[r.DOF.Scatter.ForegroundCompositing:1    ; additive foreground scattering]]
[2020.03.24-23.58.36:505][  0]LogConfig: Setting CVar [[r.DOF.Scatter.BackgroundCompositing:2    ; additive background scattering]]
[2020.03.24-23.58.36:505][  0]LogConfig: Setting CVar [[r.DOF.Scatter.EnableBokehSettings:1      ; bokeh simulation when scattering]]
[2020.03.24-23.58.36:505][  0]LogConfig: Setting CVar [[r.DOF.Scatter.MaxSpriteRatio:0.1         ; only a maximum of 10% of scattered bokeh]]
[2020.03.24-23.58.36:505][  0]LogConfig: Setting CVar [[r.DOF.Recombine.Quality:1                ; cheap slight out of focus]]
[2020.03.24-23.58.36:505][  0]LogConfig: Setting CVar [[r.DOF.Recombine.EnableBokehSettings:0    ; no bokeh simulation on slight out of focus]]
[2020.03.24-23.58.36:505][  0]LogConfig: Setting CVar [[r.DOF.TemporalAAQuality:1                ; more stable temporal accumulation]]
[2020.03.24-23.58.36:505][  0]LogConfig: Setting CVar [[r.DOF.Kernel.MaxForegroundRadius:0.025]]
[2020.03.24-23.58.36:505][  0]LogConfig: Setting CVar [[r.DOF.Kernel.MaxBackgroundRadius:0.025]]
[2020.03.24-23.58.36:505][  0]LogConfig: Applying CVar settings from Section [TextureQuality@3] File [G:/Projects/Blood-Ascent/Saved/Config/Windows/Scalability.ini]
[2020.03.24-23.58.36:505][  0]LogConfig: Setting CVar [[r.Streaming.MipBias:0]]
[2020.03.24-23.58.36:505][  0]LogConfig: Setting CVar [[r.Streaming.AmortizeCPUToGPUCopy:0]]
[2020.03.24-23.58.36:505][  0]LogConfig: Setting CVar [[r.Streaming.MaxNumTexturesToStreamPerFrame:0]]
[2020.03.24-23.58.36:505][  0]LogConfig: Setting CVar [[r.Streaming.Boost:1]]
[2020.03.24-23.58.36:505][  0]LogConfig: Setting CVar [[r.MaxAnisotropy:8]]
[2020.03.24-23.58.36:505][  0]LogConfig: Setting CVar [[r.Streaming.LimitPoolSizeToVRAM:0]]
[2020.03.24-23.58.36:505][  0]LogConfig: Setting CVar [[r.Streaming.PoolSize:1000]]
[2020.03.24-23.58.36:505][  0]LogConfig: Setting CVar [[r.Streaming.MaxEffectiveScreenSize:0]]
[2020.03.24-23.58.36:505][  0]LogConfig: Applying CVar settings from Section [EffectsQuality@3] File [G:/Projects/Blood-Ascent/Saved/Config/Windows/Scalability.ini]
[2020.03.24-23.58.36:505][  0]LogConfig: Setting CVar [[r.TranslucencyLightingVolumeDim:4]]
[2020.03.24-23.58.36:505][  0]LogConfig: Setting CVar [[r.RefractionQuality:2]]
[2020.03.24-23.58.36:505][  0]LogConfig: Setting CVar [[r.SSR.Quality:0]]
[2020.03.24-23.58.36:505][  0]LogConfig: Setting CVar [[r.SceneColorFormat:2]]
[2020.03.24-23.58.36:505][  0]LogConfig: Setting CVar [[r.DetailMode:2]]
[2020.03.24-23.58.36:505][  0]LogConfig: Setting CVar [[r.TranslucencyVolumeBlur:0]]
[2020.03.24-23.58.36:505][  0]LogConfig: Setting CVar [[r.MaterialQualityLevel:1 ; High quality]]
[2020.03.24-23.58.36:505][  0]LogConfig: Setting CVar [[r.SSS.Scale:1]]
[2020.03.24-23.58.36:505][  0]LogConfig: Setting CVar [[r.SSS.SampleSet:2]]
[2020.03.24-23.58.36:505][  0]LogConfig: Setting CVar [[r.SSS.Quality:1]]
[2020.03.24-23.58.36:505][  0]LogConfig: Setting CVar [[r.SSS.HalfRes:1]]
[2020.03.24-23.58.36:505][  0]LogConfig: Setting CVar [[r.EmitterSpawnRateScale:1.0]]
[2020.03.24-23.58.36:506][  0]LogConfig: Setting CVar [[r.ParticleLightQuality:2]]
[2020.03.24-23.58.36:506][  0]LogConfig: Applying CVar settings from Section [FoliageQuality@3] File [G:/Projects/Blood-Ascent/Saved/Config/Windows/Scalability.ini]
[2020.03.24-23.58.36:506][  0]LogConfig: Setting CVar [[foliage.DensityScale:1.0]]
[2020.03.24-23.58.36:506][  0]LogConfig: Setting CVar [[grass.DensityScale:1.0]]
[2020.03.24-23.58.36:506][  0]LogInit: Selected Device Profile: [Windows]
[2020.03.24-23.58.36:506][  0]LogInit: Applying CVar settings loaded from the selected device profile: [Windows]
[2020.03.24-23.58.36:520][  0]LogHAL: Display: Platform has ~ 16 GB [17128382464 / 17179869184 / 16], which maps to Larger [LargestMinGB=32, LargerMinGB=12, DefaultMinGB=8, SmallerMinGB=6, SmallestMinGB=0)
[2020.03.24-23.58.36:520][  0]LogConfig: Setting CVar [[r.Vulkan.UseRealUBs:0		; Required until we fix HLR fall-out]]
[2020.03.24-23.58.36:520][  0]LogInit: Going up to parent DeviceProfile []
[2020.03.24-23.58.36:520][  0]LogConfig: Applying CVar settings from Section [ViewDistanceQuality@3] File [G:/Projects/Blood-Ascent/Saved/Config/Windows/Scalability.ini]
[2020.03.24-23.58.36:520][  0]LogConfig: Setting CVar [[r.SkeletalMeshLODBias:0]]
[2020.03.24-23.58.36:520][  0]LogConfig: Setting CVar [[r.ViewDistanceScale:1.0]]
[2020.03.24-23.58.36:520][  0]LogConfig: Applying CVar settings from Section [AntiAliasingQuality@3] File [G:/Projects/Blood-Ascent/Saved/Config/Windows/Scalability.ini]
[2020.03.24-23.58.36:520][  0]LogConfig: Setting CVar [[r.PostProcessAAQuality:3]]
[2020.03.24-23.58.36:520][  0]LogConfig: Applying CVar settings from Section [ShadowQuality@3] File [G:/Projects/Blood-Ascent/Saved/Config/Windows/Scalability.ini]
[2020.03.24-23.58.36:520][  0]LogConfig: Setting CVar [[r.LightFunctionQuality:1]]
[2020.03.24-23.58.36:520][  0]LogConfig: Setting CVar [[r.ShadowQuality:5]]
[2020.03.24-23.58.36:520][  0]LogConfig: Setting CVar [[r.Shadow.CSM.MaxCascades:10]]
[2020.03.24-23.58.36:520][  0]LogConfig: Setting CVar [[r.Shadow.MaxResolution:2048]]
[2020.03.24-23.58.36:520][  0]LogConfig: Setting CVar [[r.Shadow.MaxCSMResolution:2048]]
[2020.03.24-23.58.36:520][  0]LogConfig: Setting CVar [[r.Shadow.RadiusThreshold:0.01]]
[2020.03.24-23.58.36:520][  0]LogConfig: Setting CVar [[r.Shadow.DistanceScale:1.0]]
[2020.03.24-23.58.36:520][  0]LogConfig: Setting CVar [[r.Shadow.CSM.TransitionScale:1.0]]
[2020.03.24-23.58.36:520][  0]LogConfig: Setting CVar [[r.Shadow.PreShadowResolutionFactor:1.0]]
[2020.03.24-23.58.36:520][  0]LogConfig: Setting CVar [[r.DistanceFieldShadowing:1]]
[2020.03.24-23.58.36:520][  0]LogConfig: Setting CVar [[r.DistanceFieldAO:1]]
[2020.03.24-23.58.36:520][  0]LogConfig: Setting CVar [[r.AOQuality:2]]
[2020.03.24-23.58.36:520][  0]LogConfig: Setting CVar [[r.VolumetricFog:1]]
[2020.03.24-23.58.36:520][  0]LogConfig: Setting CVar [[r.VolumetricFog.GridPixelSize:8]]
[2020.03.24-23.58.36:520][  0]LogConfig: Setting CVar [[r.VolumetricFog.GridSizeZ:128]]
[2020.03.24-23.58.36:520][  0]LogConfig: Setting CVar [[r.VolumetricFog.HistoryMissSupersampleCount:4]]
[2020.03.24-23.58.36:520][  0]LogConfig: Setting CVar [[r.LightMaxDrawDistanceScale:1]]
[2020.03.24-23.58.36:520][  0]LogConfig: Setting CVar [[r.CapsuleShadows:1]]
[2020.03.24-23.58.36:520][  0]LogConfig: Applying CVar settings from Section [PostProcessQuality@3] File [G:/Projects/Blood-Ascent/Saved/Config/Windows/Scalability.ini]
[2020.03.24-23.58.36:520][  0]LogConfig: Setting CVar [[r.MotionBlurQuality:0]]
[2020.03.24-23.58.36:520][  0]LogConfig: Setting CVar [[r.AmbientOcclusionMipLevelFactor:0.4]]
[2020.03.24-23.58.36:520][  0]LogConfig: Setting CVar [[r.AmbientOcclusionMaxQuality:100]]
[2020.03.24-23.58.36:520][  0]LogConfig: Setting CVar [[r.AmbientOcclusionLevels:0]]
[2020.03.24-23.58.36:520][  0]LogConfig: Setting CVar [[r.AmbientOcclusionRadiusScale:1.0]]
[2020.03.24-23.58.36:520][  0]LogConfig: Setting CVar [[r.DepthOfFieldQuality:0]]
[2020.03.24-23.58.36:520][  0]LogConfig: Setting CVar [[r.RenderTargetPoolMin:400]]
[2020.03.24-23.58.36:520][  0]LogConfig: Setting CVar [[r.LensFlareQuality:0]]
[2020.03.24-23.58.36:520][  0]LogConfig: Setting CVar [[r.SceneColorFringeQuality:0]]
[2020.03.24-23.58.36:520][  0]LogConfig: Setting CVar [[r.EyeAdaptationQuality:2]]
[2020.03.24-23.58.36:520][  0]LogConfig: Setting CVar [[r.BloomQuality:1]]
[2020.03.24-23.58.36:520][  0]LogConfig: Setting CVar [[r.FastBlurThreshold:0]]
[2020.03.24-23.58.36:520][  0]LogConfig: Setting CVar [[r.Upscale.Quality:3]]
[2020.03.24-23.58.36:521][  0]LogConfig: Setting CVar [[r.Tonemapper.GrainQuantization:1]]
[2020.03.24-23.58.36:521][  0]LogConfig: Setting CVar [[r.LightShaftQuality:1]]
[2020.03.24-23.58.36:521][  0]LogConfig: Setting CVar [[r.Filter.SizeScale:1]]
[2020.03.24-23.58.36:521][  0]LogConfig: Setting CVar [[r.Tonemapper.Quality:5]]
[2020.03.24-23.58.36:521][  0]LogConfig: Setting CVar [[r.DOF.Gather.AccumulatorQuality:1        ; higher gathering accumulator quality]]
[2020.03.24-23.58.36:521][  0]LogConfig: Setting CVar [[r.DOF.Gather.PostfilterMethod:1          ; Median3x3 postfilering method]]
[2020.03.24-23.58.36:521][  0]LogConfig: Setting CVar [[r.DOF.Gather.EnableBokehSettings:0       ; no bokeh simulation when gathering]]
[2020.03.24-23.58.36:521][  0]LogConfig: Setting CVar [[r.DOF.Gather.RingCount:4                 ; medium number of samples when gathering]]
[2020.03.24-23.58.36:521][  0]LogConfig: Setting CVar [[r.DOF.Scatter.ForegroundCompositing:1    ; additive foreground scattering]]
[2020.03.24-23.58.36:521][  0]LogConfig: Setting CVar [[r.DOF.Scatter.BackgroundCompositing:2    ; additive background scattering]]
[2020.03.24-23.58.36:521][  0]LogConfig: Setting CVar [[r.DOF.Scatter.EnableBokehSettings:1      ; bokeh simulation when scattering]]
[2020.03.24-23.58.36:521][  0]LogConfig: Setting CVar [[r.DOF.Scatter.MaxSpriteRatio:0.1         ; only a maximum of 10% of scattered bokeh]]
[2020.03.24-23.58.36:521][  0]LogConfig: Setting CVar [[r.DOF.Recombine.Quality:1                ; cheap slight out of focus]]
[2020.03.24-23.58.36:521][  0]LogConfig: Setting CVar [[r.DOF.Recombine.EnableBokehSettings:0    ; no bokeh simulation on slight out of focus]]
[2020.03.24-23.58.36:521][  0]LogConfig: Setting CVar [[r.DOF.TemporalAAQuality:1                ; more stable temporal accumulation]]
[2020.03.24-23.58.36:521][  0]LogConfig: Setting CVar [[r.DOF.Kernel.MaxForegroundRadius:0.025]]
[2020.03.24-23.58.36:521][  0]LogConfig: Setting CVar [[r.DOF.Kernel.MaxBackgroundRadius:0.025]]
[2020.03.24-23.58.36:521][  0]LogConfig: Applying CVar settings from Section [TextureQuality@3] File [G:/Projects/Blood-Ascent/Saved/Config/Windows/Scalability.ini]
[2020.03.24-23.58.36:521][  0]LogConfig: Setting CVar [[r.Streaming.MipBias:0]]
[2020.03.24-23.58.36:521][  0]LogConfig: Setting CVar [[r.Streaming.AmortizeCPUToGPUCopy:0]]
[2020.03.24-23.58.36:521][  0]LogConfig: Setting CVar [[r.Streaming.MaxNumTexturesToStreamPerFrame:0]]
[2020.03.24-23.58.36:521][  0]LogConfig: Setting CVar [[r.Streaming.Boost:1]]
[2020.03.24-23.58.36:521][  0]LogConfig: Setting CVar [[r.MaxAnisotropy:8]]
[2020.03.24-23.58.36:521][  0]LogConfig: Setting CVar [[r.Streaming.LimitPoolSizeToVRAM:0]]
[2020.03.24-23.58.36:521][  0]LogConfig: Setting CVar [[r.Streaming.PoolSize:1000]]
[2020.03.24-23.58.36:521][  0]LogConfig: Setting CVar [[r.Streaming.MaxEffectiveScreenSize:0]]
[2020.03.24-23.58.36:521][  0]LogConfig: Applying CVar settings from Section [EffectsQuality@3] File [G:/Projects/Blood-Ascent/Saved/Config/Windows/Scalability.ini]
[2020.03.24-23.58.36:521][  0]LogConfig: Setting CVar [[r.TranslucencyLightingVolumeDim:4]]
[2020.03.24-23.58.36:521][  0]LogConfig: Setting CVar [[r.RefractionQuality:2]]
[2020.03.24-23.58.36:521][  0]LogConfig: Setting CVar [[r.SSR.Quality:0]]
[2020.03.24-23.58.36:521][  0]LogConfig: Setting CVar [[r.SceneColorFormat:2]]
[2020.03.24-23.58.36:521][  0]LogConfig: Setting CVar [[r.DetailMode:2]]
[2020.03.24-23.58.36:521][  0]LogConfig: Setting CVar [[r.TranslucencyVolumeBlur:0]]
[2020.03.24-23.58.36:521][  0]LogConfig: Setting CVar [[r.MaterialQualityLevel:1 ; High quality]]
[2020.03.24-23.58.36:521][  0]LogConfig: Setting CVar [[r.SSS.Scale:1]]
[2020.03.24-23.58.36:521][  0]LogConfig: Setting CVar [[r.SSS.SampleSet:2]]
[2020.03.24-23.58.36:521][  0]LogConfig: Setting CVar [[r.SSS.Quality:1]]
[2020.03.24-23.58.36:521][  0]LogConfig: Setting CVar [[r.SSS.HalfRes:1]]
[2020.03.24-23.58.36:521][  0]LogConfig: Setting CVar [[r.EmitterSpawnRateScale:1.0]]
[2020.03.24-23.58.36:521][  0]LogConfig: Setting CVar [[r.ParticleLightQuality:2]]
[2020.03.24-23.58.36:521][  0]LogConfig: Applying CVar settings from Section [FoliageQuality@3] File [G:/Projects/Blood-Ascent/Saved/Config/Windows/Scalability.ini]
[2020.03.24-23.58.36:521][  0]LogConfig: Setting CVar [[foliage.DensityScale:1.0]]
[2020.03.24-23.58.36:521][  0]LogConfig: Setting CVar [[grass.DensityScale:1.0]]
[2020.03.24-23.58.36:521][  0]LogConfig: Applying CVar settings from Section [Startup] File [../../../Engine/Config/ConsoleVariables.ini]
[2020.03.24-23.58.36:521][  0]LogConfig: Setting CVar [[net.UseAdaptiveNetUpdateFrequency:0]]
[2020.03.24-23.58.36:521][  0]LogConfig: Setting CVar [[p.chaos.AllowCreatePhysxBodies:1]]
[2020.03.24-23.58.36:521][  0]LogConfig: Applying CVar settings from Section [ConsoleVariables] File [G:/Projects/Blood-Ascent/Saved/Config/Windows/Engine.ini]
[2020.03.24-23.58.36:521][  0]LogInit: Computer: DESKTOP-9AMA8D2
[2020.03.24-23.58.36:521][  0]LogInit: User: Lee
[2020.03.24-23.58.36:521][  0]LogInit: CPU Page size=4096, Cores=6
[2020.03.24-23.58.36:521][  0]LogInit: High frequency timer resolution =10.000000 MHz
[2020.03.24-23.58.36:521][  0]LogMemory: Memory total: Physical=16.0GB (16GB approx)
[2020.03.24-23.58.36:521][  0]LogMemory: Platform Memory Stats for Windows
[2020.03.24-23.58.36:521][  0]LogMemory: Process Physical Memory: 102.53 MB used, 102.54 MB peak
[2020.03.24-23.58.36:521][  0]LogMemory: Process Virtual Memory: 91.35 MB used, 91.35 MB peak
[2020.03.24-23.58.36:521][  0]LogMemory: Physical Memory: 9216.79 MB used,  7118.11 MB free, 16334.90 MB total
[2020.03.24-23.58.36:521][  0]LogMemory: Virtual Memory: 4674.71 MB used,  134213056.00 MB free, 134217728.00 MB total
[2020.03.24-23.58.36:532][  0]LogInit: Using OS detected language (en-GB).
[2020.03.24-23.58.36:532][  0]LogInit: Using OS detected locale (en-GB).
[2020.03.24-23.58.36:533][  0]LogTextLocalizationManager: No specific localization for 'en-GB' exists, so the 'en' localization will be used.
[2020.03.24-23.58.36:647][  0]LogInit: Setting process to per monitor DPI aware
[2020.03.24-23.58.36:669][  0]LogSlate: New Slate User Created.  User Index 0, Is Virtual User: 0
[2020.03.24-23.58.36:669][  0]LogSlate: Slate User Registered.  User Index 0, Is Virtual User: 0
[2020.03.24-23.58.36:800][  0]LogD3D11RHI: D3D11 adapters:
[2020.03.24-23.58.36:829][  0]LogD3D11RHI:    0. 'AMD Radeon RX 5700 XT' (Feature Level 11_0)
[2020.03.24-23.58.36:829][  0]LogD3D11RHI:       8151/0/8167 MB DedicatedVideo/DedicatedSystem/SharedSystem, Outputs:2, VendorId:0x1002
[2020.03.24-23.58.36:831][  0]LogD3D11RHI:    1. 'Microsoft Basic Render Driver' (Feature Level 11_0)
[2020.03.24-23.58.36:831][  0]LogD3D11RHI:       0/0/8167 MB DedicatedVideo/DedicatedSystem/SharedSystem, Outputs:0, VendorId:0x1414
[2020.03.24-23.58.36:831][  0]LogD3D11RHI: Chosen D3D11 Adapter: 0
[2020.03.24-23.58.36:837][  0]LogD3D11RHI: Creating new Direct3DDevice
[2020.03.24-23.58.36:837][  0]LogD3D11RHI:     GPU DeviceId: 0x731f (for the marketing name, search the web for "GPU Device Id")
[2020.03.24-23.58.36:837][  0]LogWindows: EnumDisplayDevices:
[2020.03.24-23.58.36:837][  0]LogWindows:    0. 'AMD Radeon RX 5700 XT' (P:1 D:1)
[2020.03.24-23.58.36:838][  0]LogWindows:    1. 'AMD Radeon RX 5700 XT' (P:0 D:1)
[2020.03.24-23.58.36:838][  0]LogWindows:    2. 'AMD Radeon RX 5700 XT' (P:0 D:0)
[2020.03.24-23.58.36:838][  0]LogWindows:    3. 'AMD Radeon RX 5700 XT' (P:0 D:0)
[2020.03.24-23.58.36:838][  0]LogWindows:    4. 'AMD Radeon RX 5700 XT' (P:0 D:0)
[2020.03.24-23.58.36:839][  0]LogWindows:    5. 'AMD Radeon RX 5700 XT' (P:0 D:0)
[2020.03.24-23.58.36:839][  0]LogWindows:    6. 'AMD Radeon RX 5700 XT' (P:0 D:0)
[2020.03.24-23.58.36:839][  0]LogWindows:    7. 'AMD Radeon RX 5700 XT' (P:0 D:0)
[2020.03.24-23.58.36:839][  0]LogWindows: DebugString: FoundDriverCount:8 
[2020.03.24-23.58.36:839][  0]LogD3D11RHI:     Adapter Name: AMD Radeon RX 5700 XT
[2020.03.24-23.58.36:839][  0]LogD3D11RHI:   Driver Version: Adrenalin 2020 19.12.2 (internal:26.20.15002.61, unified:26.20.15002.61)
[2020.03.24-23.58.36:839][  0]LogD3D11RHI:      Driver Date: 12-4-2019
[2020.03.24-23.58.36:839][  0]LogRHI: Texture pool is 5706 MB (70% of 8151 MB)
[2020.03.24-23.58.36:886][  0]LogD3D11RHI: Async texture creation enabled
[2020.03.24-23.58.36:890][  0]LogRendererCore: FGlobalReadBuffer::InitRHI
[2020.03.24-23.58.36:891][  0]LogRendererCore: FGlobalReadBuffer::InitRHI
[2020.03.24-23.58.36:891][  0]LogRendererCore: FGlobalReadBuffer::InitRHI
[2020.03.24-23.58.36:898][  0]LogD3D11RHI: GPU Timing Frequency: 100.000000 (Debug: 2 1)
[2020.03.24-23.58.37:095][  0]LogTemp: Display: Module 'AllDesktopTargetPlatform' loaded TargetPlatform 'AllDesktop'
[2020.03.24-23.58.37:107][  0]LogTemp: Display: Module 'MacClientTargetPlatform' loaded TargetPlatform 'MacClient'
[2020.03.24-23.58.37:118][  0]LogTemp: Display: Module 'MacNoEditorTargetPlatform' loaded TargetPlatform 'MacNoEditor'
[2020.03.24-23.58.37:130][  0]LogTemp: Display: Module 'MacServerTargetPlatform' loaded TargetPlatform 'MacServer'
[2020.03.24-23.58.37:142][  0]LogTemp: Display: Module 'MacTargetPlatform' loaded TargetPlatform 'Mac'
[2020.03.24-23.58.37:153][  0]LogTemp: Display: Module 'WindowsClientTargetPlatform' loaded TargetPlatform 'WindowsClient'
[2020.03.24-23.58.37:165][  0]LogTemp: Display: Module 'WindowsNoEditorTargetPlatform' loaded TargetPlatform 'WindowsNoEditor'
[2020.03.24-23.58.37:177][  0]LogTemp: Display: Module 'WindowsServerTargetPlatform' loaded TargetPlatform 'WindowsServer'
[2020.03.24-23.58.37:182][  0]LogTemp: Display: Module 'WindowsTargetPlatform' loaded TargetPlatform 'Windows'
[2020.03.24-23.58.37:254][  0]LogTemp: Display: Module 'AndroidTargetPlatform' loaded TargetPlatform 'Android'
[2020.03.24-23.58.37:254][  0]LogTemp: Display: Module 'AndroidTargetPlatform' loaded TargetPlatform 'Android_ASTC'
[2020.03.24-23.58.37:254][  0]LogTemp: Display: Module 'AndroidTargetPlatform' loaded TargetPlatform 'Android_ATC'
[2020.03.24-23.58.37:254][  0]LogTemp: Display: Module 'AndroidTargetPlatform' loaded TargetPlatform 'Android_DXT'
[2020.03.24-23.58.37:254][  0]LogTemp: Display: Module 'AndroidTargetPlatform' loaded TargetPlatform 'Android_ETC1'
[2020.03.24-23.58.37:254][  0]LogTemp: Display: Module 'AndroidTargetPlatform' loaded TargetPlatform 'Android_ETC1a'
[2020.03.24-23.58.37:254][  0]LogTemp: Display: Module 'AndroidTargetPlatform' loaded TargetPlatform 'Android_ETC2'
[2020.03.24-23.58.37:254][  0]LogTemp: Display: Module 'AndroidTargetPlatform' loaded TargetPlatform 'Android_PVRTC'
[2020.03.24-23.58.37:254][  0]LogTemp: Display: Module 'AndroidTargetPlatform' loaded TargetPlatform 'AndroidClient'
[2020.03.24-23.58.37:254][  0]LogTemp: Display: Module 'AndroidTargetPlatform' loaded TargetPlatform 'Android_ASTCClient'
[2020.03.24-23.58.37:254][  0]LogTemp: Display: Module 'AndroidTargetPlatform' loaded TargetPlatform 'Android_ATCClient'
[2020.03.24-23.58.37:254][  0]LogTemp: Display: Module 'AndroidTargetPlatform' loaded TargetPlatform 'Android_DXTClient'
[2020.03.24-23.58.37:254][  0]LogTemp: Display: Module 'AndroidTargetPlatform' loaded TargetPlatform 'Android_ETC1Client'
[2020.03.24-23.58.37:254][  0]LogTemp: Display: Module 'AndroidTargetPlatform' loaded TargetPlatform 'Android_ETC1aClient'
[2020.03.24-23.58.37:254][  0]LogTemp: Display: Module 'AndroidTargetPlatform' loaded TargetPlatform 'Android_ETC2Client'
[2020.03.24-23.58.37:254][  0]LogTemp: Display: Module 'AndroidTargetPlatform' loaded TargetPlatform 'Android_PVRTCClient'
[2020.03.24-23.58.37:254][  0]LogTemp: Display: Module 'AndroidTargetPlatform' loaded TargetPlatform 'Android_Multi'
[2020.03.24-23.58.37:254][  0]LogTemp: Display: Module 'AndroidTargetPlatform' loaded TargetPlatform 'Android_MultiClient'
[2020.03.24-23.58.37:255][  0]LogTemp: Display: Module 'HTML5TargetPlatform' loaded TargetPlatform 'HTML5'
[2020.03.24-23.58.37:300][  0]LogTemp: Display: Module 'IOSTargetPlatform' loaded TargetPlatform 'IOSClient'
[2020.03.24-23.58.37:300][  0]LogTemp: Display: Module 'IOSTargetPlatform' loaded TargetPlatform 'IOS'
[2020.03.24-23.58.37:322][  0]LogTemp: Display: Module 'TVOSTargetPlatform' loaded TargetPlatform 'TVOSClient'
[2020.03.24-23.58.37:322][  0]LogTemp: Display: Module 'TVOSTargetPlatform' loaded TargetPlatform 'TVOS'
[2020.03.24-23.58.37:333][  0]LogTemp: Display: Module 'LinuxClientTargetPlatform' loaded TargetPlatform 'LinuxClient'
[2020.03.24-23.58.37:344][  0]LogTemp: Display: Module 'LinuxNoEditorTargetPlatform' loaded TargetPlatform 'LinuxNoEditor'
[2020.03.24-23.58.37:354][  0]LogTemp: Display: Module 'LinuxServerTargetPlatform' loaded TargetPlatform 'LinuxServer'
[2020.03.24-23.58.37:366][  0]LogTemp: Display: Module 'LinuxTargetPlatform' loaded TargetPlatform 'Linux'
[2020.03.24-23.58.37:405][  0]LogTemp: Display: Module 'LuminTargetPlatform' loaded TargetPlatform 'Lumin'
[2020.03.24-23.58.37:405][  0]LogTemp: Display: Module 'LuminTargetPlatform' loaded TargetPlatform 'LuminClient'
[2020.03.24-23.58.37:405][  0]LogTargetPlatformManager: Display: Building Assets For Windows
[2020.03.24-23.58.37:410][  0]LogAudioDebug: Display: Lib vorbis DLL was dynamically loaded.
[2020.03.24-23.58.37:436][  0]LogShaderCompilers: Guid format shader working directory is 8 characters bigger than the processId version (../../../../../Projects/Blood-Ascent/Intermediate/Shaders/WorkingDirectory/5776/).
[2020.03.24-23.58.37:436][  0]LogShaderCompilers: Cleaned the shader compiler working directory 'C:/Users/Lee/AppData/Local/Temp/UnrealShaderWorkingDir/BCAAD0A34F37FA072F38619CB7E05686/'.
[2020.03.24-23.58.37:437][  0]LogXGEController: Cannot use XGE Controller as Incredibuild is not installed on this machine.
[2020.03.24-23.58.37:437][  0]LogShaderCompilers: Cannot use XGE Shader Compiler as Incredibuild is not installed on this machine.
[2020.03.24-23.58.37:437][  0]LogShaderCompilers: Display: Using Local Shader Compiler.
[2020.03.24-23.58.37:877][  0]LogDerivedDataCache: Display: Max Cache Size: 512 MB
[2020.03.24-23.58.37:920][  0]LogDerivedDataCache: Loaded boot cache 0.04s 86MB C:/Users/Lee/AppData/Local/UnrealEngine/4.22/DerivedDataCache/Boot.ddc.
[2020.03.24-23.58.37:920][  0]LogDerivedDataCache: Display: Loaded Boot cache: C:/Users/Lee/AppData/Local/UnrealEngine/4.22/DerivedDataCache/Boot.ddc
[2020.03.24-23.58.37:920][  0]LogDerivedDataCache: FDerivedDataBackendGraph:  Pak pak cache file ../../../../../Projects/Blood-Ascent/DerivedDataCache/DDC.ddp not found, will not use a pak cache.
[2020.03.24-23.58.37:920][  0]LogDerivedDataCache: Unable to find inner node Pak for hierarchical cache Hierarchy.
[2020.03.24-23.58.37:920][  0]LogDerivedDataCache: FDerivedDataBackendGraph:  CompressedPak pak cache file ../../../../../Projects/Blood-Ascent/DerivedDataCache/Compressed.ddp not found, will not use a pak cache.
[2020.03.24-23.58.37:920][  0]LogDerivedDataCache: Unable to find inner node CompressedPak for hierarchical cache Hierarchy.
[2020.03.24-23.58.37:931][  0]LogDerivedDataCache: Display: Pak cache opened for reading ../../../Engine/DerivedDataCache/Compressed.ddp.
[2020.03.24-23.58.37:931][  0]LogDerivedDataCache: FDerivedDataBackendGraph:  EnterprisePak pak cache file ../../../Enterprise/DerivedDataCache/Compressed.ddp not found, will not use a pak cache.
[2020.03.24-23.58.37:931][  0]LogDerivedDataCache: Unable to find inner node EnterprisePak for hierarchical cache Hierarchy.
[2020.03.24-23.58.37:943][  0]LogDerivedDataCache: Using Local data cache path C:/Users/Lee/AppData/Local/UnrealEngine/Common/DerivedDataCache: Writable
[2020.03.24-23.58.37:943][  0]LogDerivedDataCache: Shared data cache path not found in *engine.ini, will not use an Shared cache.
[2020.03.24-23.58.37:943][  0]LogDerivedDataCache: Unable to find inner node Shared for hierarchical cache Hierarchy.
[2020.03.24-23.58.37:962][  0]LogMaterial: Verifying Global Shaders for PCD3D_SM5
[2020.03.24-23.58.37:963][  0]LogSlate: Using FreeType 2.6.0
[2020.03.24-23.58.37:963][  0]LogSlate: SlateFontServices - WITH_FREETYPE: 1, WITH_HARFBUZZ: 1
[2020.03.24-23.58.38:031][  0]LogAssetRegistry: FAssetRegistry took 0.0324 seconds to start up
[2020.03.24-23.58.38:289][  0]LogInit: Selected Device Profile: [Windows]
[2020.03.24-23.58.38:384][  0]LogMeshReduction: Using QuadricMeshReduction for automatic static mesh reduction
[2020.03.24-23.58.38:384][  0]LogMeshReduction: Using SimplygonMeshReduction for automatic skeletal mesh reduction
[2020.03.24-23.58.38:384][  0]LogMeshReduction: Using ProxyLODMeshReduction for automatic mesh merging
[2020.03.24-23.58.38:384][  0]LogMeshReduction: No distributed automatic mesh merging module available
[2020.03.24-23.58.38:384][  0]LogMeshMerging: No distributed automatic mesh merging module available
[2020.03.24-23.58.38:390][  0]LogNetVersion: BloodAscent 1.0.0, NetCL: 5660361, EngineNetVer: 10, GameNetVer: 0 (Checksum: 474268916)
[2020.03.24-23.58.38:674][  0]LogPackageLocalizationCache: Processed 10 localized package path(s) for 1 prioritized culture(s) in 0.030596 seconds
[2020.03.24-23.58.38:680][  0]LogUObjectArray: 42226 objects as part of root set at end of initial load.
[2020.03.24-23.58.38:680][  0]LogUObjectAllocator: 7329400 out of 0 bytes used by permanent object pool.
[2020.03.24-23.58.38:680][  0]LogUObjectArray: CloseDisregardForGC: 0/0 objects in disregard for GC pool
[2020.03.24-23.58.39:278][  0]LogTcpMessaging: Initializing TcpMessaging bridge
[2020.03.24-23.58.39:292][  0]LogUdpMessaging: Initializing bridge on interface 0.0.0.0:0 to multicast group 230.0.0.1:6666.
[2020.03.24-23.58.39:380][  0]SourceControl: Source control is disabled
[2020.03.24-23.58.39:380][  0]SourceControl: Source control is disabled
[2020.03.24-23.58.39:381][  0]SourceControl: Source control is disabled
[2020.03.24-23.58.39:382][  0]SourceControl: Source control is disabled
[2020.03.24-23.58.39:427][  0]LogAndroidPermission: UAndroidPermissionCallbackProxy::GetInstance
[2020.03.24-23.58.39:523][  0]LogOcInput: OculusInput pre-init called
[2020.03.24-23.58.40:009][  0]LogEngine: Initializing Engine...
[2020.03.24-23.58.40:052][  0]LogHMD: Failed to initialize OpenVR with code 108
[2020.03.24-23.58.40:053][  0]LogStats: UGameplayTagsManager::InitializeManager -  0.000 s
[2020.03.24-23.58.40:214][  0]LogInit: Initializing FReadOnlyCVARCache
[2020.03.24-23.58.40:222][  0]LogAIModule: Creating AISystem for world Untitled
[2020.03.24-23.58.40:281][  0]LogInit: XAudio2 using 'Speakers (2- USB Audio Device)' : 2 channels at 48 kHz using 16 bits per sample (channel mask 0x3)
[2020.03.24-23.58.40:295][  0]LogInit: FAudioDevice initialized.
[2020.03.24-23.58.40:295][  0]LogNetVersion: Set ProjectVersion to 1.0.0.0. Version Checksum will be recalculated on next use.
[2020.03.24-23.58.40:369][  0]LogDerivedDataCache: Saved boot cache 0.07s 86MB C:/Users/Lee/AppData/Local/UnrealEngine/4.22/DerivedDataCache/Boot.ddc.
[2020.03.24-23.58.40:381][  0]LogInit: Texture streaming: Enabled
[2020.03.24-23.58.40:402][  0]LogEngineSessionManager: EngineSessionManager initialized
[2020.03.24-23.58.40:415][  0]LogInit: Transaction tracking system initialized
[2020.03.24-23.58.40:427][  0]BlueprintLog: New page: Editor Load
[2020.03.24-23.58.40:469][  0]LocalizationService: Localization service is disabled
[2020.03.24-23.58.40:801][  0]LogCook: Display: Max memory allowance for cook 16384mb min free memory 0mb
[2020.03.24-23.58.40:801][  0]LogCook: Display: Mobile HDR setting 1
[2020.03.24-23.58.40:909][  0]LogFileCache: Scanning file cache for directory 'G:/Projects/Blood-Ascent/Content/' took 0.02s
[2020.03.24-23.58.40:909][  0]SourceControl: Source control is disabled
[2020.03.24-23.58.41:134][  0]LogSlate: Took 0.000143 seconds to synchronously load lazily loaded font '../../../Engine/Content/Slate/Fonts/Roboto-Regular.ttf' (155K)
[2020.03.24-23.58.43:554][  0]LogSlate: Window 'Restore Packages' being destroyed
[2020.03.24-23.58.43:554][  0]LogWindowsTextInputMethodSystem: Display: IME system now deactivated.
[2020.03.24-23.58.43:566][  0]LogWindowsTextInputMethodSystem: Display: IME system now deactivated.
[2020.03.24-23.58.43:570][  0]Cmd: MAP LOAD FILE="../../../../../Projects/Blood-Ascent/Content/VirtualRealityBP/Maps/MotionControllerMap.umap" TEMPLATE=0 SHOWPROGRESS=1 FEATURELEVEL=3
[2020.03.24-23.58.43:574][  0]LightingResults: New page: Lighting Build
[2020.03.24-23.58.43:576][  0]MapCheck: New page: Map Check
[2020.03.24-23.58.43:576][  0]LightingResults: New page: Lighting Build
[2020.03.24-23.58.43:603][  0]LogUObjectHash: Compacting FUObjectHashTables data took   1.45ms
[2020.03.24-23.58.49:880][  0]LogAIModule: Creating AISystem for world MotionControllerMap
[2020.03.24-23.58.49:913][  0]LogEditorServer: Finished looking for orphan Actors (0.000 secs)
[2020.03.24-23.58.49:956][  0]LogUObjectHash: Compacting FUObjectHashTables data took   2.63ms
[2020.03.24-23.58.49:957][  0]Cmd: MAP CHECKDEP NOCLEARLOG
[2020.03.24-23.58.49:957][  0]MapCheck: Map check complete: 0 Error(s), 0 Warning(s), took 0.132ms to complete.
[2020.03.24-23.58.49:957][  0]LogFileHelpers: Loading map 'MotionControllerMap' took 6.387
[2020.03.24-23.58.50:039][  0]LogSlate: Updating window title bar state: overlay mode, drag disabled, window buttons hidden, title bar hidden
[2020.03.24-23.58.50:046][  0]LogSlate: Updating window title bar state: overlay mode, drag disabled, window buttons hidden, title bar hidden
[2020.03.24-23.58.50:052][  0]LogSlate: Updating window title bar state: overlay mode, drag disabled, window buttons hidden, title bar hidden
[2020.03.24-23.58.50:058][  0]LogSlate: Updating window title bar state: overlay mode, drag disabled, window buttons hidden, title bar hidden
[2020.03.24-23.58.50:064][  0]LogCollectionManager: Loaded 0 collections in 0.000625 seconds
[2020.03.24-23.58.50:078][  0]LogFileCache: Scanning file cache for directory 'G:/Projects/Blood-Ascent/Saved/Collections/' took 0.01s
[2020.03.24-23.58.50:078][  0]LogFileCache: Scanning file cache for directory 'G:/Projects/Blood-Ascent/Content/Developers/Lee/Collections/' took 0.00s
[2020.03.24-23.58.50:078][  0]LogFileCache: Scanning file cache for directory 'G:/Projects/Blood-Ascent/Content/Collections/' took 0.00s
[2020.03.24-23.58.50:078][  0]LogCollectionManager: Rebuilt the GUID cache for 0 collections in 0.000000 seconds
[2020.03.24-23.58.50:086][  0]LogContentBrowser: Native class hierarchy populated in 0.0080 seconds. Added 2741 classes and 666 folders.
[2020.03.24-23.58.50:091][  0]LogContentBrowser: Native class hierarchy updated for 'WidgetCarousel' in 0.0003 seconds. Added 0 classes and 0 folders.
[2020.03.24-23.58.50:095][  0]LogPakFile: Registered encryption key '00000000000000000000000000000000': 0 pak files mounted, 0 remain pending
[2020.03.24-23.58.50:100][  0]LogPakFile: Registered encryption key '00000000000000000000000000000000': 0 pak files mounted, 0 remain pending
[2020.03.24-23.58.50:112][  0]LogPakFile: Registered encryption key '00000000000000000000000000000000': 0 pak files mounted, 0 remain pending
[2020.03.24-23.58.50:115][  0]LogPakFile: Registered encryption key '00000000000000000000000000000000': 0 pak files mounted, 0 remain pending
[2020.03.24-23.58.50:119][  0]LogPakFile: Registered encryption key '00000000000000000000000000000000': 0 pak files mounted, 0 remain pending
[2020.03.24-23.58.50:122][  0]LogPakFile: Registered encryption key '00000000000000000000000000000000': 0 pak files mounted, 0 remain pending
[2020.03.24-23.58.50:125][  0]LogPakFile: Registered encryption key '00000000000000000000000000000000': 0 pak files mounted, 0 remain pending
[2020.03.24-23.58.50:128][  0]LogPakFile: Registered encryption key '00000000000000000000000000000000': 0 pak files mounted, 0 remain pending
[2020.03.24-23.58.50:132][  0]LogPakFile: Registered encryption key '00000000000000000000000000000000': 0 pak files mounted, 0 remain pending
[2020.03.24-23.58.50:136][  0]LogPakFile: Registered encryption key '00000000000000000000000000000000': 0 pak files mounted, 0 remain pending
[2020.03.24-23.58.50:139][  0]LogPakFile: Registered encryption key '00000000000000000000000000000000': 0 pak files mounted, 0 remain pending
[2020.03.24-23.58.50:142][  0]LogPakFile: Registered encryption key '00000000000000000000000000000000': 0 pak files mounted, 0 remain pending
[2020.03.24-23.58.50:145][  0]LogPakFile: Registered encryption key '00000000000000000000000000000000': 0 pak files mounted, 0 remain pending
[2020.03.24-23.58.50:148][  0]LogPakFile: Registered encryption key '00000000000000000000000000000000': 0 pak files mounted, 0 remain pending
[2020.03.24-23.58.50:152][  0]LogPakFile: Registered encryption key '00000000000000000000000000000000': 0 pak files mounted, 0 remain pending
[2020.03.24-23.58.50:155][  0]LogPakFile: Registered encryption key '00000000000000000000000000000000': 0 pak files mounted, 0 remain pending
[2020.03.24-23.58.50:178][  0]LogPakFile: Registered encryption key '00000000000000000000000000000000': 0 pak files mounted, 0 remain pending
[2020.03.24-23.58.50:181][  0]LogPakFile: Registered encryption key '00000000000000000000000000000000': 0 pak files mounted, 0 remain pending
[2020.03.24-23.58.50:185][  0]LogPakFile: Registered encryption key '00000000000000000000000000000000': 0 pak files mounted, 0 remain pending
[2020.03.24-23.58.50:188][  0]LogPakFile: Registered encryption key '00000000000000000000000000000000': 0 pak files mounted, 0 remain pending
[2020.03.24-23.58.50:192][  0]LogPakFile: Registered encryption key '00000000000000000000000000000000': 0 pak files mounted, 0 remain pending
[2020.03.24-23.58.50:195][  0]LogPakFile: Registered encryption key '00000000000000000000000000000000': 0 pak files mounted, 0 remain pending
[2020.03.24-23.58.50:199][  0]LogPakFile: Registered encryption key '00000000000000000000000000000000': 0 pak files mounted, 0 remain pending
[2020.03.24-23.58.50:202][  0]LogPakFile: Registered encryption key '00000000000000000000000000000000': 0 pak files mounted, 0 remain pending
[2020.03.24-23.58.50:205][  0]LogPakFile: Registered encryption key '00000000000000000000000000000000': 0 pak files mounted, 0 remain pending
[2020.03.24-23.58.50:208][  0]LogPakFile: Registered encryption key '00000000000000000000000000000000': 0 pak files mounted, 0 remain pending
[2020.03.24-23.58.50:283][  0]LogContentBrowser: Native class hierarchy updated for 'AddContentDialog' in 0.0002 seconds. Added 0 classes and 0 folders.
[2020.03.24-23.58.50:323][  0]LogContentBrowser: Native class hierarchy updated for 'SceneOutliner' in 0.0002 seconds. Added 1 classes and 2 folders.
[2020.03.24-23.58.50:338][  0]LogSlate: Took 0.000124 seconds to synchronously load lazily loaded font '../../../Engine/Content/Slate/Fonts/Roboto-Bold.ttf' (160K)
[2020.03.24-23.58.50:346][  0]LogSlate: Took 0.004093 seconds to synchronously load lazily loaded font '../../../Engine/Content/Editor/Slate/Fonts/FontAwesome.ttf' (139K)
[2020.03.24-23.58.50:426][  0]LogRenderer: Reallocating scene render targets to support 1656x808 Format 26 NumSamples 1 (Frame:1).
[2020.03.24-23.58.50:684][  0]LogContentBrowser: Native class hierarchy updated for 'HierarchicalLODOutliner' in 0.0002 seconds. Added 0 classes and 0 folders.
[2020.03.24-23.58.50:684][  0]LogLoad: (Engine Initialization) Total time: 15.91 seconds
[2020.03.24-23.58.50:684][  0]LogLoad: (Engine Initialization) Total Blueprint compile time: 0.00 seconds
[2020.03.24-23.58.50:738][  0]LogAssetRegistry: Asset discovery search completed in 12.7294 seconds
[2020.03.24-23.58.50:740][  0]LogCollectionManager: Rebuilt the object cache for 0 collections in 0.000000 seconds (found 0 objects)
[2020.03.24-23.58.50:740][  0]LogCollectionManager: Fixed up redirectors for 0 collections in 0.000041 seconds (updated 0 objects)
[2020.03.24-23.58.50:741][  0]LogContentStreaming: Texture pool size now 1000 MB
[2020.03.24-23.58.52:042][  4]LogSlate: Took 0.003812 seconds to synchronously load lazily loaded font '../../../Engine/Content/Slate/Fonts/Roboto-Light.ttf' (167K)
[2020.03.24-23.58.52:540][  6]LogSlate: FSceneViewport::OnFocusLost() reason 0
[2020.03.24-23.58.52:727][  6]LogUObjectHash: Compacting FUObjectHashTables data took   1.35ms
[2020.03.24-23.58.52:839][  6]LogSlate: Window 'BloodAscent - Unreal Editor' being destroyed
[2020.03.24-23.58.52:839][  6]LogWindowsTextInputMethodSystem: Display: IME system now deactivated.
[2020.03.24-23.58.53:016][  7]Cmd: QUIT_EDITOR
[2020.03.24-23.58.53:064][  7]LogExit: Preparing to exit.
[2020.03.24-23.58.53:333][  7]LogExit: Editor shut down
[2020.03.24-23.58.53:333][  7]LogExit: Transaction tracking system shut down
[2020.03.24-23.58.53:508][  7]LogExit: Object subsystem successfully closed.
[2020.03.24-23.58.53:534][  7]LogShaderCompilers: Display: Shaders left to compile 0
[2020.03.24-23.58.53:537][  7]LogD3D11RHI: Shutdown
[2020.03.24-23.58.53:537][  7]LogD3D11RHI: CleanupD3DDevice
[2020.03.24-23.58.53:537][  7]LogRendererCore: FGlobalReadBuffer::ReleaseRHI
[2020.03.24-23.58.53:537][  7]LogRendererCore: FGlobalDynamicReadBuffer::Cleanup()
[2020.03.24-23.58.53:537][  7]LogRendererCore: FGlobalReadBuffer::ReleaseRHI
[2020.03.24-23.58.53:537][  7]LogRendererCore: FGlobalDynamicReadBuffer::Cleanup()
[2020.03.24-23.58.53:537][  7]LogRendererCore: FGlobalReadBuffer::ReleaseRHI
[2020.03.24-23.58.53:537][  7]LogRendererCore: FGlobalDynamicReadBuffer::Cleanup()
[2020.03.24-23.58.53:751][  7]LogD3D11RHI: ~FD3D11DynamicRHI
[2020.03.24-23.58.53:757][  7]LogModuleManager: Shutting down and abandoning module HierarchicalLODOutliner (652)
[2020.03.24-23.58.53:757][  7]LogModuleManager: Shutting down and abandoning module SceneOutliner (650)
[2020.03.24-23.58.53:757][  7]LogModuleManager: Shutting down and abandoning module AddContentDialog (648)
[2020.03.24-23.58.53:759][  7]LogModuleManager: Shutting down and abandoning module WidgetCarousel (647)
[2020.03.24-23.58.53:759][  7]LogModuleManager: Shutting down and abandoning module EditorWidgets (644)
[2020.03.24-23.58.53:759][  7]LogModuleManager: Shutting down and abandoning module CollectionManager (642)
[2020.03.24-23.58.53:759][  7]LogModuleManager: Shutting down and abandoning module StatsViewer (640)
[2020.03.24-23.58.53:759][  7]LogModuleManager: Shutting down and abandoning module FoliageEdit (638)
[2020.03.24-23.58.53:759][  7]LogModuleManager: Shutting down and abandoning module LandscapeEditor (636)
[2020.03.24-23.58.53:759][  7]LogModuleManager: Shutting down and abandoning module MeshPaintMode (634)
[2020.03.24-23.58.53:759][  7]LogModuleManager: Shutting down and abandoning module SceneDepthPickerMode (632)
[2020.03.24-23.58.53:759][  7]LogModuleManager: Shutting down and abandoning module ActorPickerMode (630)
[2020.03.24-23.58.53:759][  7]LogModuleManager: Shutting down and abandoning module GeometryMode (628)
[2020.03.24-23.58.53:759][  7]LogModuleManager: Shutting down and abandoning module TextureAlignMode (626)
[2020.03.24-23.58.53:759][  7]LogModuleManager: Shutting down and abandoning module BspMode (624)
[2020.03.24-23.58.53:759][  7]LogModuleManager: Shutting down and abandoning module PIEPreviewDeviceProfileSelector (622)
[2020.03.24-23.58.53:759][  7]LogModuleManager: Shutting down and abandoning module SequenceRecorderSections (620)
[2020.03.24-23.58.53:759][  7]LogModuleManager: Shutting down and abandoning module AutomationWorker (618)
[2020.03.24-23.58.53:759][  7]LogModuleManager: Shutting down and abandoning module OculusMR (616)
[2020.03.24-23.58.53:759][  7]LogModuleManager: Shutting down and abandoning module AudioCaptureEditor (614)
[2020.03.24-23.58.53:759][  7]LogModuleManager: Shutting down and abandoning module MatineeToLevelSequence (612)
[2020.03.24-23.58.53:759][  7]LogModuleManager: Shutting down and abandoning module LevelSequenceEditor (610)
[2020.03.24-23.58.53:759][  7]LogModuleManager: Shutting down and abandoning module PlacementMode (609)
[2020.03.24-23.58.53:759][  7]LogModuleManager: Shutting down and abandoning module MaterialEditor (608)
[2020.03.24-23.58.53:759][  7]LogModuleManager: Shutting down and abandoning module ActorSequenceEditor (604)
[2020.03.24-23.58.53:759][  7]LogModuleManager: Shutting down and abandoning module WmfMediaFactory (602)
[2020.03.24-23.58.53:759][  7]LogModuleManager: Shutting down and abandoning module WmfMediaEditor (600)
[2020.03.24-23.58.53:759][  7]LogModuleManager: Shutting down and abandoning module WebMMediaFactory (598)
[2020.03.24-23.58.53:759][  7]LogModuleManager: Shutting down and abandoning module WebMMediaEditor (596)
[2020.03.24-23.58.53:760][  7]LogModuleManager: Shutting down and abandoning module WebMMedia (594)
[2020.03.24-23.58.53:760][  7]LogModuleManager: Shutting down and abandoning module MediaPlayerEditor (592)
[2020.03.24-23.58.53:760][  7]LogModuleManager: Shutting down and abandoning module MediaCompositingEditor (590)
[2020.03.24-23.58.53:760][  7]LogModuleManager: Shutting down and abandoning module SequenceRecorder (589)
[2020.03.24-23.58.53:760][  7]LogModuleManager: Shutting down and abandoning module OpenExrWrapper (586)
[2020.03.24-23.58.53:760][  7]LogModuleManager: Shutting down and abandoning module ImgMediaFactory (584)
[2020.03.24-23.58.53:760][  7]LogModuleManager: Shutting down and abandoning module ImgMediaEditor (582)
[2020.03.24-23.58.53:760][  7]LogModuleManager: Shutting down and abandoning module AvfMediaFactory (580)
[2020.03.24-23.58.53:760][  7]LogModuleManager: Shutting down and abandoning module AvfMediaEditor (578)
[2020.03.24-23.58.53:760][  7]LogModuleManager: Shutting down and abandoning module AndroidMediaFactory (576)
[2020.03.24-23.58.53:760][  7]LogModuleManager: Shutting down and abandoning module AndroidMediaEditor (574)
[2020.03.24-23.58.53:760][  7]LogModuleManager: Shutting down and abandoning module MagicLeapCameraPreviewFactory (572)
[2020.03.24-23.58.53:760][  7]LogModuleManager: Shutting down and abandoning module MagicLeapMediaCodecFactory (570)
[2020.03.24-23.58.53:760][  7]LogModuleManager: Shutting down and abandoning module MagicLeapMediaFactory (568)
[2020.03.24-23.58.53:760][  7]LogModuleManager: Shutting down and abandoning module MagicLeapMediaEditor (566)
[2020.03.24-23.58.53:760][  7]LogModuleManager: Shutting down and abandoning module CharacterAI (564)
[2020.03.24-23.58.53:760][  7]LogModuleManager: Shutting down and abandoning module SmartSnapping (562)
[2020.03.24-23.58.53:760][  7]LogModuleManager: Shutting down and abandoning module SessionServices (560)
[2020.03.24-23.58.53:760][  7]LogModuleManager: Shutting down and abandoning module MeshPaint (558)
[2020.03.24-23.58.53:760][  7]LogModuleManager: Shutting down and abandoning module ViewportSnapping (556)
[2020.03.24-23.58.53:760][  7]LogModuleManager: Shutting down and abandoning module ViewportInteraction (554)
[2020.03.24-23.58.53:760][  7]LogModuleManager: Shutting down and abandoning module ClothPainter (552)
[2020.03.24-23.58.53:760][  7]LogModuleManager: Shutting down and abandoning module SkeletalMeshEditor (551)
[2020.03.24-23.58.53:760][  7]LogModuleManager: Shutting down and abandoning module LogVisualizer (548)
[2020.03.24-23.58.53:760][  7]LogModuleManager: Shutting down and abandoning module IntroTutorials (546)
[2020.03.24-23.58.53:760][  7]LogModuleManager: Shutting down and abandoning module GameProjectGeneration (545)
[2020.03.24-23.58.53:760][  7]LogModuleManager: Shutting down and abandoning module WindowsMixedRealityPlatformEditor (542)
[2020.03.24-23.58.53:760][  7]LogModuleManager: Shutting down and abandoning module LuminPlatformEditor (540)
[2020.03.24-23.58.53:760][  7]LogModuleManager: Shutting down and abandoning module IOSPlatformEditor (538)
[2020.03.24-23.58.53:760][  7]LogModuleManager: Shutting down and abandoning module HTML5PlatformEditor (536)
[2020.03.24-23.58.53:760][  7]LogModuleManager: Shutting down and abandoning module AndroidPlatformEditor (534)
[2020.03.24-23.58.53:760][  7]LogModuleManager: Shutting down and abandoning module AndroidDeviceDetection (533)
[2020.03.24-23.58.54:541][  7]LogModuleManager: Shutting down and abandoning module WindowsPlatformEditor (530)
[2020.03.24-23.58.54:541][  7]LogModuleManager: Shutting down and abandoning module LuminRuntimeSettings (528)
[2020.03.24-23.58.54:541][  7]LogModuleManager: Shutting down and abandoning module IOSRuntimeSettings (526)
[2020.03.24-23.58.54:541][  7]LogModuleManager: Shutting down and abandoning module AndroidRuntimeSettings (524)
[2020.03.24-23.58.54:541][  7]LogModuleManager: Shutting down and abandoning module TimeManagementEditor (522)
[2020.03.24-23.58.54:541][  7]LogModuleManager: Shutting down and abandoning module InputBindingEditor (520)
[2020.03.24-23.58.54:541][  7]LogModuleManager: Shutting down and abandoning module MergeActors (518)
[2020.03.24-23.58.54:541][  7]LogModuleManager: Shutting down and abandoning module LocalizationDashboard (516)
[2020.03.24-23.58.54:541][  7]LogModuleManager: Shutting down and abandoning module LocalizationService (515)
[2020.03.24-23.58.54:541][  7]LogModuleManager: Shutting down and abandoning module HardwareTargeting (512)
[2020.03.24-23.58.54:541][  7]LogModuleManager: Shutting down and abandoning module DeviceProfileEditor (510)
[2020.03.24-23.58.54:541][  7]LogModuleManager: Shutting down and abandoning module UndoHistory (508)
[2020.03.24-23.58.54:541][  7]LogModuleManager: Shutting down and abandoning module XmlParser (506)
[2020.03.24-23.58.54:541][  7]LogModuleManager: Shutting down and abandoning module Blutility (504)
[2020.03.24-23.58.54:541][  7]LogModuleManager: Shutting down and abandoning module ProjectSettingsViewer (502)
[2020.03.24-23.58.54:541][  7]LogModuleManager: Shutting down and abandoning module ProjectTargetPlatformEditor (501)
[2020.03.24-23.58.54:542][  7]LogModuleManager: Shutting down and abandoning module EditorSettingsViewer (498)
[2020.03.24-23.58.54:542][  7]LogModuleManager: Shutting down and abandoning module SettingsEditor (496)
[2020.03.24-23.58.54:542][  7]LogModuleManager: Shutting down and abandoning module ProjectLauncher (494)
[2020.03.24-23.58.54:542][  7]LogModuleManager: Shutting down and abandoning module SessionFrontend (492)
[2020.03.24-23.58.54:542][  7]LogModuleManager: Shutting down and abandoning module ProfilerClient (490)
[2020.03.24-23.58.54:542][  7]LogModuleManager: Shutting down and abandoning module DeviceManager (488)
[2020.03.24-23.58.54:542][  7]LogModuleManager: Shutting down and abandoning module TargetDeviceServices (487)
[2020.03.24-23.58.54:597][  7]LogModuleManager: Shutting down and abandoning module AutomationController (484)
[2020.03.24-23.58.54:597][  7]LogModuleManager: Shutting down and abandoning module AutomationWindow (482)
[2020.03.24-23.58.54:597][  7]LogModuleManager: Shutting down and abandoning module Layers (480)
[2020.03.24-23.58.54:597][  7]LogModuleManager: Shutting down and abandoning module ComponentVisualizers (478)
[2020.03.24-23.58.54:597][  7]LogModuleManager: Shutting down and abandoning module DetailCustomizations (476)
[2020.03.24-23.58.54:597][  7]LogModuleManager: Shutting down and abandoning module PackagesDialog (474)
[2020.03.24-23.58.54:597][  7]LogModuleManager: Shutting down and abandoning module AnimationBlueprintEditor (472)
[2020.03.24-23.58.54:597][  7]LogModuleManager: Shutting down and abandoning module Persona (470)
[2020.03.24-23.58.54:597][  7]LogModuleManager: Shutting down and abandoning module AdvancedPreviewScene (469)
[2020.03.24-23.58.54:597][  7]LogModuleManager: Shutting down and abandoning module AnimGraph (467)
[2020.03.24-23.58.54:597][  7]LogModuleManager: Shutting down and abandoning module Kismet (464)
[2020.03.24-23.58.54:598][  7]LogModuleManager: Shutting down and abandoning module GraphEditor (462)
[2020.03.24-23.58.54:598][  7]LogModuleManager: Shutting down and abandoning module ClassViewer (460)
[2020.03.24-23.58.54:598][  7]LogModuleManager: Shutting down and abandoning module Toolbox (458)
[2020.03.24-23.58.54:598][  7]LogModuleManager: Shutting down and abandoning module ModuleUI (456)
[2020.03.24-23.58.54:598][  7]LogModuleManager: Shutting down and abandoning module MovieSceneTools (454)
[2020.03.24-23.58.54:598][  7]LogModuleManager: Shutting down and abandoning module OutputLog (452)
[2020.03.24-23.58.54:598][  7]LogModuleManager: Shutting down and abandoning module GammaUI (450)
[2020.03.24-23.58.54:598][  7]LogModuleManager: Shutting down and abandoning module Documentation (448)
[2020.03.24-23.58.54:598][  7]LogModuleManager: Shutting down and abandoning module LiveCoding (446)
[2020.03.24-23.58.54:598][  7]LogModuleManager: Shutting down and abandoning module LevelSequence (444)
[2020.03.24-23.58.54:598][  7]LogModuleManager: Shutting down and abandoning module MovieSceneTracks (442)
[2020.03.24-23.58.54:598][  7]LogModuleManager: Shutting down and abandoning module MovieScene (440)
[2020.03.24-23.58.54:598][  7]LogModuleManager: Shutting down and abandoning module StreamingPauseRendering (438)
[2020.03.24-23.58.54:598][  7]LogModuleManager: Shutting down and abandoning module LauncherPlatform (436)
[2020.03.24-23.58.54:598][  7]LogModuleManager: Shutting down and abandoning module AnalyticsET (434)
[2020.03.24-23.58.54:598][  7]LogModuleManager: Shutting down and abandoning module PortalServices (432)
[2020.03.24-23.58.54:598][  7]LogModuleManager: Shutting down and abandoning module PortalRpc (430)
[2020.03.24-23.58.54:598][  7]LogModuleManager: Shutting down and abandoning module MessagingRpc (428)
[2020.03.24-23.58.54:598][  7]LogModuleManager: Shutting down and abandoning module AIModule (426)
[2020.03.24-23.58.54:598][  7]LogModuleManager: Shutting down and abandoning module GameplayDebugger (425)
[2020.03.24-23.58.54:598][  7]LogModuleManager: Shutting down and abandoning module AITestSuite (423)
[2020.03.24-23.58.54:598][  7]LogModuleManager: Shutting down and abandoning module NavigationSystem (421)
[2020.03.24-23.58.54:598][  7]LogModuleManager: Shutting down and abandoning module DesktopPlatform (418)
[2020.03.24-23.58.54:598][  7]LogModuleManager: Shutting down and abandoning module ImageWriteQueue (416)
[2020.03.24-23.58.54:600][  7]LogModuleManager: Shutting down and abandoning module ProfilerService (414)
[2020.03.24-23.58.54:660][  7]LogModuleManager: Shutting down and abandoning module TaskGraph (412)
[2020.03.24-23.58.54:660][  7]LogModuleManager: Shutting down and abandoning module SteamVRController (410)
[2020.03.24-23.58.54:660][  7]LogModuleManager: Shutting down and abandoning module ProceduralMeshComponentEditor (408)
[2020.03.24-23.58.54:660][  7]LogModuleManager: Shutting down and abandoning module ProceduralMeshComponent (406)
[2020.03.24-23.58.54:660][  7]LogModuleManager: Shutting down and abandoning module OculusEditor (404)
[2020.03.24-23.58.54:660][  7]LogModuleManager: Shutting down and abandoning module OculusInput (402)
[2020.03.24-23.58.54:660][  7]LogModuleManager: Shutting down and abandoning module MobilePatchingUtils (400)
[2020.03.24-23.58.54:660][  7]LogModuleManager: Shutting down and abandoning module EditableMesh (398)
[2020.03.24-23.58.54:660][  7]LogModuleManager: Shutting down and abandoning module CustomMeshComponent (396)
[2020.03.24-23.58.54:660][  7]LogModuleManager: Shutting down and abandoning module CableComponent (394)
[2020.03.24-23.58.54:660][  7]LogModuleManager: Shutting down and abandoning module AudioCapture (392)
[2020.03.24-23.58.54:660][  7]LogModuleManager: Shutting down and abandoning module ArchVisCharacter (390)
[2020.03.24-23.58.54:660][  7]LogModuleManager: Shutting down and abandoning module AndroidPermission (388)
[2020.03.24-23.58.54:660][  7]LogModuleManager: Shutting down and abandoning module NUTUnrealEngine4 (386)
[2020.03.24-23.58.54:660][  7]LogModuleManager: Shutting down and abandoning module NetcodeUnitTest (384)
[2020.03.24-23.58.54:661][  7]LogModuleManager: Shutting down and abandoning module MediaCompositing (382)
[2020.03.24-23.58.54:661][  7]LogModuleManager: Shutting down and abandoning module LinearTimecode (380)
[2020.03.24-23.58.54:661][  7]LogModuleManager: Shutting down and abandoning module ImgMedia (378)
[2020.03.24-23.58.54:661][  7]LogModuleManager: Shutting down and abandoning module MagicLeapHelperVulkan (376)
[2020.03.24-23.58.54:661][  7]LogModuleManager: Shutting down and abandoning module MagicLeapHelperOpenGL (374)
[2020.03.24-23.58.54:661][  7]LogModuleManager: Shutting down and abandoning module MagicLeapAudio (372)
[2020.03.24-23.58.54:661][  7]LogModuleManager: Shutting down and abandoning module HTML5Networking (370)
[2020.03.24-23.58.54:661][  7]LogModuleManager: Shutting down and abandoning module GeometryCacheTracks (368)
[2020.03.24-23.58.54:661][  7]LogModuleManager: Shutting down and abandoning module GeometryCacheSequencer (366)
[2020.03.24-23.58.54:661][  7]LogModuleManager: Shutting down and abandoning module BackChannel (364)
[2020.03.24-23.58.54:661][  7]LogModuleManager: Shutting down and abandoning module AppleVision (362)
[2020.03.24-23.58.54:661][  7]LogModuleManager: Shutting down and abandoning module AppleImageUtilsBlueprintSupport (360)
[2020.03.24-23.58.54:661][  7]LogModuleManager: Shutting down and abandoning module AppleImageUtils (358)
[2020.03.24-23.58.54:661][  7]LogModuleManager: Shutting down and abandoning module AlembicImporter (356)
[2020.03.24-23.58.54:661][  7]LogModuleManager: Shutting down and abandoning module AlembicLibrary (355)
[2020.03.24-23.58.54:661][  7]LogModuleManager: Shutting down and abandoning module GeometryCache (354)
[2020.03.24-23.58.54:661][  7]LogModuleManager: Shutting down and abandoning module GeometryCacheEd (353)
[2020.03.24-23.58.54:661][  7]LogModuleManager: Shutting down and abandoning module VariantManagerContent (348)
[2020.03.24-23.58.54:661][  7]LogModuleManager: Shutting down and abandoning module DatasmithContentEditor (346)
[2020.03.24-23.58.54:661][  7]LogModuleManager: Shutting down and abandoning module SpeedTreeImporter (344)
[2020.03.24-23.58.54:661][  7]LogModuleManager: Shutting down and abandoning module PluginBrowser (342)
[2020.03.24-23.58.54:661][  7]LogModuleManager: Shutting down and abandoning module MobileLauncherProfileWizard (340)
[2020.03.24-23.58.54:661][  7]LogModuleManager: Shutting down and abandoning module MaterialAnalyzer (338)
[2020.03.24-23.58.54:661][  7]LogModuleManager: Shutting down and abandoning module CryptoKeysOpenSSL (336)
[2020.03.24-23.58.54:661][  7]LogModuleManager: Shutting down and abandoning module CryptoKeys (334)
[2020.03.24-23.58.54:661][  7]LogModuleManager: Shutting down and abandoning module VisualStudioSourceCodeAccess (332)
[2020.03.24-23.58.54:661][  7]LogModuleManager: Shutting down and abandoning module VisualStudioCodeSourceCodeAccess (330)
[2020.03.24-23.58.54:661][  7]LogModuleManager: Shutting down and abandoning module UObjectPlugin (328)
[2020.03.24-23.58.54:661][  7]LogModuleManager: Shutting down and abandoning module SubversionSourceControl (326)
[2020.03.24-23.58.54:661][  7]LogModuleManager: Shutting down and abandoning module PerforceSourceControl (324)
[2020.03.24-23.58.54:661][  7]LogModuleManager: Shutting down and abandoning module GitSourceControl (322)
[2020.03.24-23.58.54:661][  7]LogModuleManager: Shutting down and abandoning module SourceControl (321)
[2020.03.24-23.58.54:661][  7]LogModuleManager: Shutting down and abandoning module CLionSourceCodeAccess (318)
[2020.03.24-23.58.54:661][  7]LogModuleManager: Shutting down and abandoning module AnimationSharingEd (316)
[2020.03.24-23.58.54:661][  7]LogModuleManager: Shutting down and abandoning module ActorLayerUtilitiesEditor (314)
[2020.03.24-23.58.54:661][  7]LogModuleManager: Shutting down and abandoning module ActorLayerUtilities (312)
[2020.03.24-23.58.54:661][  7]LogModuleManager: Shutting down and abandoning module LightPropagationVolumeEditor (310)
[2020.03.24-23.58.54:661][  7]LogModuleManager: Shutting down and abandoning module PaperTiledImporter (308)
[2020.03.24-23.58.54:661][  7]LogModuleManager: Shutting down and abandoning module PaperSpriteSheetImporter (306)
[2020.03.24-23.58.54:661][  7]LogModuleManager: Shutting down and abandoning module Paper2DEditor (304)
[2020.03.24-23.58.54:661][  7]LogModuleManager: Shutting down and abandoning module SignificanceManager (302)
[2020.03.24-23.58.54:661][  7]LogModuleManager: Shutting down and abandoning module RuntimePhysXCooking (300)
[2020.03.24-23.58.54:661][  7]LogModuleManager: Shutting down and abandoning module PhysXVehiclesEditor (298)
[2020.03.24-23.58.54:661][  7]LogModuleManager: Shutting down and abandoning module PhysXVehicles (296)
[2020.03.24-23.58.54:661][  7]LogModuleManager: Shutting down and abandoning module LocationServicesBPLibrary (294)
[2020.03.24-23.58.54:661][  7]LogModuleManager: Shutting down and abandoning module ActorSequence (292)
[2020.03.24-23.58.54:661][  7]LogModuleManager: Shutting down and abandoning module UdpMessaging (290)
[2020.03.24-23.58.54:762][  7]LogModuleManager: Shutting down and abandoning module TcpMessaging (288)
[2020.03.24-23.58.54:862][  7]LogModuleManager: Shutting down and abandoning module MagicLeapIdentity (286)
[2020.03.24-23.58.54:862][  7]LogModuleManager: Shutting down and abandoning module MagicLeapSecureStorage (284)
[2020.03.24-23.58.54:862][  7]LogModuleManager: Shutting down and abandoning module MagicLeapHandTracking (282)
[2020.03.24-23.58.54:862][  7]LogModuleManager: Shutting down and abandoning module MagicLeapEyeTracker (280)
[2020.03.24-23.58.54:862][  7]LogModuleManager: Shutting down and abandoning module MagicLeapController (278)
[2020.03.24-23.58.54:862][  7]LogSlate: Slate User Destroyed.  User Index 0, Is Virtual User: 0
[2020.03.24-23.58.54:862][  7]LogModuleManager: Shutting down and abandoning module MagicLeapAR (276)
[2020.03.24-23.58.54:862][  7]LogModuleManager: Shutting down and abandoning module AugmentedReality (275)
[2020.03.24-23.58.54:862][  7]LogModuleManager: Shutting down and abandoning module GameplayTagsEditor (272)
[2020.03.24-23.58.54:862][  7]LogModuleManager: Shutting down and abandoning module FacialAnimationEditor (270)
[2020.03.24-23.58.54:862][  7]LogModuleManager: Shutting down and abandoning module FacialAnimation (268)
[2020.03.24-23.58.54:862][  7]LogModuleManager: Shutting down and abandoning module DataValidation (266)
[2020.03.24-23.58.54:862][  7]LogModuleManager: Shutting down and abandoning module AssetManagerEditor (264)
[2020.03.24-23.58.54:862][  7]LogModuleManager: Shutting down and abandoning module LevelEditor (263)
[2020.03.24-23.58.54:862][  7]LogModuleManager: Shutting down and abandoning module PixelInspectorModule (262)
[2020.03.24-23.58.54:862][  7]LogModuleManager: Shutting down and abandoning module CommonMenuExtensions (260)
[2020.03.24-23.58.54:863][  7]LogModuleManager: Shutting down and abandoning module MainFrame (258)
[2020.03.24-23.58.54:863][  7]LogModuleManager: Shutting down and abandoning module HotReload (257)
[2020.03.24-23.58.54:863][  7]LogModuleManager: Shutting down and abandoning module ContentBrowser (253)
[2020.03.24-23.58.54:863][  7]LogModuleManager: Shutting down and abandoning module TreeMap (251)
[2020.03.24-23.58.54:863][  7]LogModuleManager: Shutting down and abandoning module AnimationSharing (248)
[2020.03.24-23.58.54:863][  7]LogModuleManager: Shutting down and abandoning module LightPropagationVolumeRuntime (246)
[2020.03.24-23.58.54:863][  7]LogModuleManager: Shutting down and abandoning module AISupportModule (244)
[2020.03.24-23.58.54:863][  7]LogModuleManager: Shutting down and abandoning module Paper2D (242)
[2020.03.24-23.58.54:863][  7]LogModuleManager: Shutting down and abandoning module WindowsMoviePlayer (240)
[2020.03.24-23.58.54:863][  7]LogModuleManager: Shutting down and abandoning module WebMMoviePlayer (238)
[2020.03.24-23.58.54:863][  7]LogModuleManager: Shutting down and abandoning module PacketHandler (236)
[2020.03.24-23.58.54:864][  7]LogModuleManager: Shutting down and abandoning module ClothingSystemEditor (234)
[2020.03.24-23.58.54:864][  7]LogModuleManager: Shutting down and abandoning module ClothingSystemRuntime (232)
[2020.03.24-23.58.54:864][  7]LogModuleManager: Shutting down and abandoning module MediaAssets (230)
[2020.03.24-23.58.54:864][  7]LogModuleManager: Shutting down and abandoning module Overlay (228)
[2020.03.24-23.58.54:864][  7]LogModuleManager: Shutting down and abandoning module OverlayEditor (227)
[2020.03.24-23.58.54:864][  7]LogModuleManager: Shutting down and abandoning module EnvironmentQueryEditor (224)
[2020.03.24-23.58.54:864][  7]LogModuleManager: Shutting down and abandoning module VREditor (222)
[2020.03.24-23.58.54:864][  7]LogModuleManager: Shutting down and abandoning module StringTableEditor (220)
[2020.03.24-23.58.54:864][  7]LogModuleManager: Shutting down and abandoning module GameplayTasksEditor (218)
[2020.03.24-23.58.54:864][  7]LogModuleManager: Shutting down and abandoning module BehaviorTreeEditor (216)
[2020.03.24-23.58.54:864][  7]LogModuleManager: Shutting down and abandoning module FunctionalTesting (214)
[2020.03.24-23.58.54:864][  7]LogModuleManager: Shutting down and abandoning module CollisionAnalyzer (212)
[2020.03.24-23.58.54:864][  7]LogModuleManager: Shutting down and abandoning module WorkspaceMenuStructure (211)
[2020.03.24-23.58.54:864][  7]LogModuleManager: Shutting down and abandoning module UMG (208)
[2020.03.24-23.58.54:864][  7]LogModuleManager: Shutting down and abandoning module UMGEditor (207)
[2020.03.24-23.58.54:864][  7]LogModuleManager: Shutting down and abandoning module Sequencer (206)
[2020.03.24-23.58.54:864][  7]LogModuleManager: Shutting down and abandoning module MessageLog (203)
[2020.03.24-23.58.54:864][  7]LogModuleManager: Shutting down and abandoning module SlateReflector (198)
[2020.03.24-23.58.54:864][  7]LogModuleManager: Shutting down and abandoning module Slate (196)
[2020.03.24-23.58.54:864][  7]LogModuleManager: Shutting down and abandoning module EditorStyle (194)
[2020.03.24-23.58.54:865][  7]LogModuleManager: Shutting down and abandoning module UnrealEd (192)
[2020.03.24-23.58.54:865][  7]LogModuleManager: Shutting down and abandoning module MRMesh (190)
[2020.03.24-23.58.54:865][  7]LogModuleManager: Shutting down and abandoning module SourceCodeAccess (188)
[2020.03.24-23.58.54:865][  7]LogModuleManager: Shutting down and abandoning module HeadMountedDisplay (186)
[2020.03.24-23.58.54:865][  7]LogModuleManager: Shutting down and abandoning module XAudio2 (184)
[2020.03.24-23.58.54:865][  7]LogModuleManager: Shutting down and abandoning module Networking (182)
[2020.03.24-23.58.54:865][  7]LogModuleManager: Shutting down and abandoning module Core (180)
[2020.03.24-23.58.54:865][  7]LogModuleManager: Shutting down and abandoning module KismetCompiler (178)
[2020.03.24-23.58.54:865][  7]LogModuleManager: Shutting down and abandoning module MeshUtilities (176)
[2020.03.24-23.58.54:865][  7]LogModuleManager: Shutting down and abandoning module MeshMergeUtilities (175)
[2020.03.24-23.58.54:865][  7]LogModuleManager: Shutting down and abandoning module MeshReductionInterface (174)
[2020.03.24-23.58.54:865][  7]LogModuleManager: Shutting down and abandoning module SkeletalMeshReduction (173)
[2020.03.24-23.58.54:865][  7]LogModuleManager: Shutting down and abandoning module ProxyLODMeshReduction (171)
[2020.03.24-23.58.54:865][  7]LogModuleManager: Shutting down and abandoning module QuadricMeshReduction (169)
[2020.03.24-23.58.54:865][  7]LogModuleManager: Shutting down and abandoning module MaterialBaking (165)
[2020.03.24-23.58.54:865][  7]LogModuleManager: Shutting down and abandoning module DerivedDataCache (160)
[2020.03.24-23.58.54:949][  7]LogDerivedDataCache: Shutdown
[2020.03.24-23.58.54:949][  7]LogModuleManager: Shutting down and abandoning module XGEController (158)
[2020.03.24-23.58.54:949][  7]LogModuleManager: Shutting down and abandoning module TargetPlatform (156)
[2020.03.24-23.58.54:949][  7]LogModuleManager: Shutting down and abandoning module VulkanShaderFormat (155)
[2020.03.24-23.58.54:949][  7]LogModuleManager: Shutting down and abandoning module ShaderFormatVectorVM (153)
[2020.03.24-23.58.54:949][  7]LogModuleManager: Shutting down and abandoning module ShaderFormatOpenGL (151)
[2020.03.24-23.58.54:950][  7]LogModuleManager: Shutting down and abandoning module ShaderFormatD3D (149)
[2020.03.24-23.58.54:950][  7]LogModuleManager: Shutting down and abandoning module MetalShaderFormat (147)
[2020.03.24-23.58.54:950][  7]LogModuleManager: Shutting down and abandoning module TextureFormatUncompressed (145)
[2020.03.24-23.58.54:950][  7]LogModuleManager: Shutting down and abandoning module TextureFormatPVR (143)
[2020.03.24-23.58.54:950][  7]LogModuleManager: Shutting down and abandoning module TextureFormatDXT (141)
[2020.03.24-23.58.54:950][  7]LogModuleManager: Shutting down and abandoning module TextureFormatIntelISPCTexComp (139)
[2020.03.24-23.58.54:950][  7]LogModuleManager: Shutting down and abandoning module TextureFormatASTC (137)
[2020.03.24-23.58.54:950][  7]LogModuleManager: Shutting down and abandoning module ImageWrapper (136)
[2020.03.24-23.58.54:950][  7]LogModuleManager: Shutting down and abandoning module TextureFormatAndroid (133)
[2020.03.24-23.58.54:950][  7]LogModuleManager: Shutting down and abandoning module AudioFormatOpus (131)
[2020.03.24-23.58.54:950][  7]LogModuleManager: Shutting down and abandoning module AudioFormatOgg (129)
[2020.03.24-23.58.54:950][  7]LogModuleManager: Shutting down and abandoning module AudioFormatADPCM (127)
[2020.03.24-23.58.54:950][  7]LogModuleManager: Shutting down and abandoning module LuminTargetPlatform (125)
[2020.03.24-23.58.54:950][  7]LogModuleManager: Shutting down and abandoning module LinuxTargetPlatform (123)
[2020.03.24-23.58.54:950][  7]LogModuleManager: Shutting down and abandoning module LinuxServerTargetPlatform (121)
[2020.03.24-23.58.54:950][  7]LogModuleManager: Shutting down and abandoning module LinuxNoEditorTargetPlatform (119)
[2020.03.24-23.58.54:950][  7]LogModuleManager: Shutting down and abandoning module LinuxClientTargetPlatform (117)
[2020.03.24-23.58.54:950][  7]LogModuleManager: Shutting down and abandoning module TVOSTargetPlatform (115)
[2020.03.24-23.58.54:951][  7]LogModuleManager: Shutting down and abandoning module Messaging (113)
[2020.03.24-23.58.54:951][  7]LogModuleManager: Shutting down and abandoning module IOSTargetPlatform (111)
[2020.03.24-23.58.54:951][  7]LogModuleManager: Shutting down and abandoning module HTML5TargetPlatform (109)
[2020.03.24-23.58.54:951][  7]LogModuleManager: Shutting down and abandoning module AndroidTargetPlatform (107)
[2020.03.24-23.58.54:955][  7]LogModuleManager: Shutting down and abandoning module WindowsTargetPlatform (105)
[2020.03.24-23.58.54:955][  7]LogModuleManager: Shutting down and abandoning module WindowsServerTargetPlatform (103)
[2020.03.24-23.58.54:955][  7]LogModuleManager: Shutting down and abandoning module WindowsNoEditorTargetPlatform (101)
[2020.03.24-23.58.54:955][  7]LogModuleManager: Shutting down and abandoning module WindowsClientTargetPlatform (99)
[2020.03.24-23.58.54:955][  7]LogModuleManager: Shutting down and abandoning module MacTargetPlatform (97)
[2020.03.24-23.58.54:955][  7]LogModuleManager: Shutting down and abandoning module MacServerTargetPlatform (95)
[2020.03.24-23.58.54:955][  7]LogModuleManager: Shutting down and abandoning module MacNoEditorTargetPlatform (93)
[2020.03.24-23.58.54:955][  7]LogModuleManager: Shutting down and abandoning module MacClientTargetPlatform (91)
[2020.03.24-23.58.54:955][  7]LogModuleManager: Shutting down and abandoning module AllDesktopTargetPlatform (89)
[2020.03.24-23.58.54:955][  7]LogModuleManager: Shutting down and abandoning module InputCore (86)
[2020.03.24-23.58.54:955][  7]LogModuleManager: Shutting down and abandoning module Settings (84)
[2020.03.24-23.58.54:955][  7]LogModuleManager: Shutting down and abandoning module DirectoryWatcher (82)
[2020.03.24-23.58.54:955][  7]LogModuleManager: Shutting down and abandoning module PhysXCooking (80)
[2020.03.24-23.58.54:955][  7]LogModuleManager: Shutting down and abandoning module WindowsMixedRealitySpatialInput (78)
[2020.03.24-23.58.54:955][  7]LogModuleManager: Shutting down and abandoning module WindowsMixedRealityHMD (76)
[2020.03.24-23.58.54:955][  7]LogModuleManager: Shutting down and abandoning module WindowsMixedRealityRuntimeSettings (74)
[2020.03.24-23.58.54:955][  7]LogModuleManager: Shutting down and abandoning module SteamVR (72)
[2020.03.24-23.58.54:955][  7]LogHMD: Freeing OpenVRDLLHandle.
[2020.03.24-23.58.54:956][  7]LogModuleManager: Shutting down and abandoning module OculusHMD (70)
[2020.03.24-23.58.54:956][  7]LogModuleManager: Shutting down and abandoning module ExampleDeviceProfileSelector (68)
[2020.03.24-23.58.54:956][  7]LogModuleManager: Shutting down and abandoning module LauncherChunkInstaller (66)
[2020.03.24-23.58.54:956][  7]LogModuleManager: Shutting down and abandoning module OnlineBlueprintSupport (64)
[2020.03.24-23.58.54:956][  7]LogModuleManager: Shutting down and abandoning module OnlineSubsystem (60)
[2020.03.24-23.58.54:956][  7]LogModuleManager: Shutting down and abandoning module XMPP (55)
[2020.03.24-23.58.54:956][  7]LogModuleManager: Shutting down and abandoning module WebSockets (54)
[2020.03.24-23.58.54:979][  7]LogModuleManager: Shutting down and abandoning module HTTP (51)
[2020.03.24-23.58.54:979][  7]LogHttp: Display: Http module shutting down, but needs to wait on 1 outstanding Http requests:
[2020.03.24-23.58.54:979][  7]LogHttp: Display: 	verb=[POST] url=[https://datarouter.ol.epicgames.com/datarouter/api/v1/public/data?SessionID=%7BF6811A2F-43C5-0844-0F01-DCAA9D94E203%7D&AppID=UEEditor.Rocket.Release&AppVersion=4.22.3-7053642%2B%2B%2BUE4%2BRelease-4.22&UserID=d61151804a4c14deba07e9963d5c0b4f%7Ce78b915f4f364be3a84927dec349c220%7C5d3cf40d-3964-4070-ac14-d35cbb9ffa3c&AppEnvironment=datacollector-binary&UploadType=eteventstream] status=Processing
[2020.03.24-23.58.54:995][  7]LogModuleManager: Shutting down and abandoning module SSL (50)
[2020.03.24-23.58.54:996][  7]LogModuleManager: Shutting down and abandoning module WmfMedia (46)
[2020.03.24-23.58.54:997][  7]LogModuleManager: Shutting down and abandoning module Media (45)
[2020.03.24-23.58.55:003][  7]LogModuleManager: Shutting down and abandoning module MagicLeap (42)
[2020.03.24-23.58.55:003][  7]LogModuleManager: Shutting down and abandoning module DatasmithContent (40)
[2020.03.24-23.58.55:003][  7]LogModuleManager: Shutting down and abandoning module AnimationModifiers (38)
[2020.03.24-23.58.55:003][  7]LogModuleManager: Shutting down and abandoning module PropertyEditor (37)
[2020.03.24-23.58.55:003][  7]LogModuleManager: Shutting down and abandoning module AudioEditor (34)
[2020.03.24-23.58.55:003][  7]LogModuleManager: Shutting down and abandoning module TextureCompressor (32)
[2020.03.24-23.58.55:003][  7]LogModuleManager: Shutting down and abandoning module RenderCore (30)
[2020.03.24-23.58.55:003][  7]LogModuleManager: Shutting down and abandoning module Landscape (28)
[2020.03.24-23.58.55:003][  7]LogModuleManager: Shutting down and abandoning module SlateRHIRenderer (26)
[2020.03.24-23.58.55:004][  7]LogModuleManager: Shutting down and abandoning module OpenGLDrv (24)
[2020.03.24-23.58.55:004][  7]LogModuleManager: Shutting down and abandoning module D3D11RHI (22)
[2020.03.24-23.58.55:004][  7]LogModuleManager: Shutting down and abandoning module AnimGraphRuntime (20)
[2020.03.24-23.58.55:004][  7]LogModuleManager: Shutting down and abandoning module Renderer (18)
[2020.03.24-23.58.55:004][  7]LogModuleManager: Shutting down and abandoning module Engine (16)
[2020.03.24-23.58.55:004][  7]LogModuleManager: Shutting down and abandoning module CoreUObject (14)
[2020.03.24-23.58.55:004][  7]LogModuleManager: Shutting down and abandoning module NetworkFile (12)
[2020.03.24-23.58.55:004][  7]LogModuleManager: Shutting down and abandoning module CookedIterativeFile (10)
[2020.03.24-23.58.55:004][  7]LogModuleManager: Shutting down and abandoning module StreamingFile (8)
[2020.03.24-23.58.55:004][  7]LogModuleManager: Shutting down and abandoning module SandboxFile (6)
[2020.03.24-23.58.55:004][  7]LogModuleManager: Shutting down and abandoning module PakFile (4)
[2020.03.24-23.58.55:004][  7]LogModuleManager: Shutting down and abandoning module RSA (3)
[2020.03.24-23.58.55:011][  7]LogExit: Exiting.
[2020.03.24-23.58.55:036][  7]Log file closed, 03/24/20 23:58:55
